[3.117s] Invoking command in '/home/jagadeesh97/ros2_ws/src/examples/rclpy/executors': DEBUGINFOD_URLS=https://debuginfod.ubuntu.com PYTHONPATH=/home/jagadeesh97/ros2_ws/build/examples_rclpy_executors/prefix_override:/usr/lib/python3/dist-packages/colcon_core/task/python/colcon_distutils_commands:/home/jagadeesh97/ros2_ws/install/examples_rclpy_executors/lib/python3.12/site-packages:${PYTHONPATH} /usr/bin/python3 -W ignore:setup.py install is deprecated setup.py egg_info --egg-base ../../../../build/examples_rclpy_executors build --build-base /home/jagadeesh97/ros2_ws/build/examples_rclpy_executors/build install --record /home/jagadeesh97/ros2_ws/build/examples_rclpy_executors/install.log --single-version-externally-managed install_data
[3.686s] running egg_info
[3.726s] writing ../../../../build/examples_rclpy_executors/examples_rclpy_executors.egg-info/PKG-INFO
[3.726s] writing dependency_links to ../../../../build/examples_rclpy_executors/examples_rclpy_executors.egg-info/dependency_links.txt
[3.726s] writing entry points to ../../../../build/examples_rclpy_executors/examples_rclpy_executors.egg-info/entry_points.txt
[3.727s] writing requirements to ../../../../build/examples_rclpy_executors/examples_rclpy_executors.egg-info/requires.txt
[3.727s] writing top-level names to ../../../../build/examples_rclpy_executors/examples_rclpy_executors.egg-info/top_level.txt
[3.810s] reading manifest file '../../../../build/examples_rclpy_executors/examples_rclpy_executors.egg-info/SOURCES.txt'
[3.812s] writing manifest file '../../../../build/examples_rclpy_executors/examples_rclpy_executors.egg-info/SOURCES.txt'
[3.812s] running build
[3.812s] running build_py
[3.813s] running install
[3.826s] running install_lib
[3.873s] running install_data
[3.874s] running install_egg_info
[3.904s] removing '/home/jagadeesh97/ros2_ws/install/examples_rclpy_executors/lib/python3.12/site-packages/examples_rclpy_executors-0.19.4-py3.12.egg-info' (and everything under it)
[3.904s] Copying ../../../../build/examples_rclpy_executors/examples_rclpy_executors.egg-info to /home/jagadeesh97/ros2_ws/install/examples_rclpy_executors/lib/python3.12/site-packages/examples_rclpy_executors-0.19.4-py3.12.egg-info
[3.904s] running install_scripts
[4.066s] Installing callback_group script to /home/jagadeesh97/ros2_ws/install/examples_rclpy_executors/lib/examples_rclpy_executors
[4.066s] Installing composed script to /home/jagadeesh97/ros2_ws/install/examples_rclpy_executors/lib/examples_rclpy_executors
[4.067s] Installing custom_callback_group script to /home/jagadeesh97/ros2_ws/install/examples_rclpy_executors/lib/examples_rclpy_executors
[4.067s] Installing custom_executor script to /home/jagadeesh97/ros2_ws/install/examples_rclpy_executors/lib/examples_rclpy_executors
[4.067s] Installing listener script to /home/jagadeesh97/ros2_ws/install/examples_rclpy_executors/lib/examples_rclpy_executors
[4.067s] Installing talker script to /home/jagadeesh97/ros2_ws/install/examples_rclpy_executors/lib/examples_rclpy_executors
[4.068s] writing list of installed files to '/home/jagadeesh97/ros2_ws/build/examples_rclpy_executors/install.log'
[4.115s] Invoked command in '/home/jagadeesh97/ros2_ws/src/examples/rclpy/executors' returned '0': DEBUGINFOD_URLS=https://debuginfod.ubuntu.com PYTHONPATH=/home/jagadeesh97/ros2_ws/build/examples_rclpy_executors/prefix_override:/usr/lib/python3/dist-packages/colcon_core/task/python/colcon_distutils_commands:/home/jagadeesh97/ros2_ws/install/examples_rclpy_executors/lib/python3.12/site-packages:${PYTHONPATH} /usr/bin/python3 -W ignore:setup.py install is deprecated setup.py egg_info --egg-base ../../../../build/examples_rclpy_executors build --build-base /home/jagadeesh97/ros2_ws/build/examples_rclpy_executors/build install --record /home/jagadeesh97/ros2_ws/build/examples_rclpy_executors/install.log --single-version-externally-managed install_data
