[0.107s] Invoking command in '/home/jagadeesh97/ros2_ws/build/examples_rclcpp_minimal_publisher': CMAKE_PREFIX_PATH=${CMAKE_PREFIX_PATH}:/opt/ros/jazzy DEBUGINFOD_URLS=https://debuginfod.ubuntu.com /usr/bin/cmake --build /home/jagadeesh97/ros2_ws/build/examples_rclcpp_minimal_publisher -- -j16 -l16
[1.549s] [  8%] [32mBuilding CXX object CMakeFiles/publisher_lambda.dir/lambda.cpp.o[0m
[11.409s] [ 16%] [32m[1mLinking CXX executable publisher_lambda[0m
[11.663s] [ 16%] Built target publisher_lambda
[11.691s] [ 25%] [32mBuilding CXX object CMakeFiles/publisher_not_composable.dir/not_composable.cpp.o[0m
[20.877s] [ 33%] [32m[1mLinking CXX executable publisher_not_composable[0m
[21.120s] [ 33%] Built target publisher_not_composable
[21.150s] [ 41%] [32mBuilding CXX object CMakeFiles/publisher_wait_for_all_acked.dir/member_function_with_wait_for_all_acked.cpp.o[0m
[27.080s] [ 50%] [32m[1mLinking CXX executable publisher_wait_for_all_acked[0m
[27.277s] [ 50%] Built target publisher_wait_for_all_acked
[27.310s] [ 58%] [32mBuilding CXX object CMakeFiles/publisher_member_function_with_unique_network_flow_endpoints.dir/member_function_with_unique_network_flow_endpoints.cpp.o[0m
[32.848s] [ 66%] [32m[1mLinking CXX executable publisher_member_function_with_unique_network_flow_endpoints[0m
[33.067s] [ 66%] Built target publisher_member_function_with_unique_network_flow_endpoints
[33.098s] [ 75%] [32mBuilding CXX object CMakeFiles/publisher_member_function_with_type_adapter.dir/member_function_with_type_adapter.cpp.o[0m
[38.315s] [ 83%] [32m[1mLinking CXX executable publisher_member_function_with_type_adapter[0m
[38.523s] [ 83%] Built target publisher_member_function_with_type_adapter
[38.552s] [ 91%] [32mBuilding CXX object CMakeFiles/publisher_member_function.dir/member_function.cpp.o[0m
[43.439s] [100%] [32m[1mLinking CXX executable publisher_member_function[0m
[43.674s] [100%] Built target publisher_member_function
[43.711s] Invoked command in '/home/jagadeesh97/ros2_ws/build/examples_rclcpp_minimal_publisher' returned '0': CMAKE_PREFIX_PATH=${CMAKE_PREFIX_PATH}:/opt/ros/jazzy DEBUGINFOD_URLS=https://debuginfod.ubuntu.com /usr/bin/cmake --build /home/jagadeesh97/ros2_ws/build/examples_rclcpp_minimal_publisher -- -j16 -l16
[43.765s] Invoking command in '/home/jagadeesh97/ros2_ws/build/examples_rclcpp_minimal_publisher': CMAKE_PREFIX_PATH=${CMAKE_PREFIX_PATH}:/opt/ros/jazzy DEBUGINFOD_URLS=https://debuginfod.ubuntu.com /usr/bin/cmake --install /home/jagadeesh97/ros2_ws/build/examples_rclcpp_minimal_publisher
[43.776s] -- Install configuration: ""
[43.777s] -- Execute custom install script
[43.777s] -- Symlinking: /home/jagadeesh97/ros2_ws/install/examples_rclcpp_minimal_publisher/lib/examples_rclcpp_minimal_publisher/publisher_lambda
[43.790s] -- Symlinking: /home/jagadeesh97/ros2_ws/install/examples_rclcpp_minimal_publisher/lib/examples_rclcpp_minimal_publisher/publisher_member_function
[43.800s] -- Symlinking: /home/jagadeesh97/ros2_ws/install/examples_rclcpp_minimal_publisher/lib/examples_rclcpp_minimal_publisher/publisher_member_function_with_type_adapter
[43.812s] -- Symlinking: /home/jagadeesh97/ros2_ws/install/examples_rclcpp_minimal_publisher/lib/examples_rclcpp_minimal_publisher/publisher_member_function_with_unique_network_flow_endpoints
[43.822s] -- Symlinking: /home/jagadeesh97/ros2_ws/install/examples_rclcpp_minimal_publisher/lib/examples_rclcpp_minimal_publisher/publisher_wait_for_all_acked
[43.834s] -- Symlinking: /home/jagadeesh97/ros2_ws/install/examples_rclcpp_minimal_publisher/lib/examples_rclcpp_minimal_publisher/publisher_not_composable
[43.847s] -- Symlinking: /home/jagadeesh97/ros2_ws/install/examples_rclcpp_minimal_publisher/share/ament_index/resource_index/package_run_dependencies/examples_rclcpp_minimal_publisher
[43.859s] -- Symlinking: /home/jagadeesh97/ros2_ws/install/examples_rclcpp_minimal_publisher/share/ament_index/resource_index/parent_prefix_path/examples_rclcpp_minimal_publisher
[43.870s] -- Symlinking: /home/jagadeesh97/ros2_ws/install/examples_rclcpp_minimal_publisher/share/examples_rclcpp_minimal_publisher/environment/ament_prefix_path.sh
[43.879s] -- Symlinking: /home/jagadeesh97/ros2_ws/install/examples_rclcpp_minimal_publisher/share/examples_rclcpp_minimal_publisher/environment/ament_prefix_path.dsv
[43.890s] -- Symlinking: /home/jagadeesh97/ros2_ws/install/examples_rclcpp_minimal_publisher/share/examples_rclcpp_minimal_publisher/environment/path.sh
[43.902s] -- Symlinking: /home/jagadeesh97/ros2_ws/install/examples_rclcpp_minimal_publisher/share/examples_rclcpp_minimal_publisher/environment/path.dsv
[43.912s] -- Symlinking: /home/jagadeesh97/ros2_ws/install/examples_rclcpp_minimal_publisher/share/examples_rclcpp_minimal_publisher/local_setup.bash
[43.923s] -- Symlinking: /home/jagadeesh97/ros2_ws/install/examples_rclcpp_minimal_publisher/share/examples_rclcpp_minimal_publisher/local_setup.sh
[43.933s] -- Symlinking: /home/jagadeesh97/ros2_ws/install/examples_rclcpp_minimal_publisher/share/examples_rclcpp_minimal_publisher/local_setup.zsh
[43.945s] -- Symlinking: /home/jagadeesh97/ros2_ws/install/examples_rclcpp_minimal_publisher/share/examples_rclcpp_minimal_publisher/local_setup.dsv
[43.957s] -- Symlinking: /home/jagadeesh97/ros2_ws/install/examples_rclcpp_minimal_publisher/share/examples_rclcpp_minimal_publisher/package.dsv
[43.969s] -- Symlinking: /home/jagadeesh97/ros2_ws/install/examples_rclcpp_minimal_publisher/share/ament_index/resource_index/packages/examples_rclcpp_minimal_publisher
[43.981s] -- Symlinking: /home/jagadeesh97/ros2_ws/install/examples_rclcpp_minimal_publisher/share/examples_rclcpp_minimal_publisher/cmake/examples_rclcpp_minimal_publisherConfig.cmake
[43.991s] -- Symlinking: /home/jagadeesh97/ros2_ws/install/examples_rclcpp_minimal_publisher/share/examples_rclcpp_minimal_publisher/cmake/examples_rclcpp_minimal_publisherConfig-version.cmake
[44.002s] -- Symlinking: /home/jagadeesh97/ros2_ws/install/examples_rclcpp_minimal_publisher/share/examples_rclcpp_minimal_publisher/package.xml
[44.016s] Invoked command in '/home/jagadeesh97/ros2_ws/build/examples_rclcpp_minimal_publisher' returned '0': CMAKE_PREFIX_PATH=${CMAKE_PREFIX_PATH}:/opt/ros/jazzy DEBUGINFOD_URLS=https://debuginfod.ubuntu.com /usr/bin/cmake --install /home/jagadeesh97/ros2_ws/build/examples_rclcpp_minimal_publisher
