[0.115s] Invoking command in '/home/jagadeesh97/ros2_ws/build/examples_rclcpp_async_client': CMAKE_PREFIX_PATH=${CMAKE_PREFIX_PATH}:/home/jagadeesh97/ros2_ws/install/my_py_pkg:/home/jagadeesh97/ros2_ws/install/learning_my_robot_controller:/home/jagadeesh97/ros2_ws/install/launch_testing_examples:/home/jagadeesh97/ros2_ws/install/examples_rclpy_pointcloud_publisher:/home/jagadeesh97/ros2_ws/install/examples_rclpy_minimal_subscriber:/home/jagadeesh97/ros2_ws/install/examples_rclpy_minimal_service:/home/jagadeesh97/ros2_ws/install/examples_rclpy_minimal_publisher:/home/jagadeesh97/ros2_ws/install/examples_rclpy_minimal_client:/home/jagadeesh97/ros2_ws/install/examples_rclpy_minimal_action_server:/home/jagadeesh97/ros2_ws/install/examples_rclpy_minimal_action_client:/home/jagadeesh97/ros2_ws/install/examples_rclpy_guard_conditions:/home/jagadeesh97/ros2_ws/install/examples_rclpy_executors:/opt/ros/jazzy DEBUGINFOD_URLS=https://debuginfod.ubuntu.com /usr/bin/cmake --build /home/jagadeesh97/ros2_ws/build/examples_rclcpp_async_client -- -j16 -l16
[0.876s] [100%] Built target client_main
[1.095s] Invoked command in '/home/jagadeesh97/ros2_ws/build/examples_rclcpp_async_client' returned '0': CMAKE_PREFIX_PATH=${CMAKE_PREFIX_PATH}:/home/jagadeesh97/ros2_ws/install/my_py_pkg:/home/jagadeesh97/ros2_ws/install/learning_my_robot_controller:/home/jagadeesh97/ros2_ws/install/launch_testing_examples:/home/jagadeesh97/ros2_ws/install/examples_rclpy_pointcloud_publisher:/home/jagadeesh97/ros2_ws/install/examples_rclpy_minimal_subscriber:/home/jagadeesh97/ros2_ws/install/examples_rclpy_minimal_service:/home/jagadeesh97/ros2_ws/install/examples_rclpy_minimal_publisher:/home/jagadeesh97/ros2_ws/install/examples_rclpy_minimal_client:/home/jagadeesh97/ros2_ws/install/examples_rclpy_minimal_action_server:/home/jagadeesh97/ros2_ws/install/examples_rclpy_minimal_action_client:/home/jagadeesh97/ros2_ws/install/examples_rclpy_guard_conditions:/home/jagadeesh97/ros2_ws/install/examples_rclpy_executors:/opt/ros/jazzy DEBUGINFOD_URLS=https://debuginfod.ubuntu.com /usr/bin/cmake --build /home/jagadeesh97/ros2_ws/build/examples_rclcpp_async_client -- -j16 -l16
[1.151s] Invoking command in '/home/jagadeesh97/ros2_ws/build/examples_rclcpp_async_client': CMAKE_PREFIX_PATH=${CMAKE_PREFIX_PATH}:/home/jagadeesh97/ros2_ws/install/my_py_pkg:/home/jagadeesh97/ros2_ws/install/learning_my_robot_controller:/home/jagadeesh97/ros2_ws/install/launch_testing_examples:/home/jagadeesh97/ros2_ws/install/examples_rclpy_pointcloud_publisher:/home/jagadeesh97/ros2_ws/install/examples_rclpy_minimal_subscriber:/home/jagadeesh97/ros2_ws/install/examples_rclpy_minimal_service:/home/jagadeesh97/ros2_ws/install/examples_rclpy_minimal_publisher:/home/jagadeesh97/ros2_ws/install/examples_rclpy_minimal_client:/home/jagadeesh97/ros2_ws/install/examples_rclpy_minimal_action_server:/home/jagadeesh97/ros2_ws/install/examples_rclpy_minimal_action_client:/home/jagadeesh97/ros2_ws/install/examples_rclpy_guard_conditions:/home/jagadeesh97/ros2_ws/install/examples_rclpy_executors:/opt/ros/jazzy DEBUGINFOD_URLS=https://debuginfod.ubuntu.com /usr/bin/cmake --install /home/jagadeesh97/ros2_ws/build/examples_rclcpp_async_client
[1.166s] -- Install configuration: ""
[1.168s] -- Execute custom install script
[1.169s] -- Up-to-date symlink: /home/jagadeesh97/ros2_ws/install/examples_rclcpp_async_client/lib/examples_rclcpp_async_client/client_main
[1.169s] -- Up-to-date symlink: /home/jagadeesh97/ros2_ws/install/examples_rclcpp_async_client/share/ament_index/resource_index/package_run_dependencies/examples_rclcpp_async_client
[1.170s] -- Up-to-date symlink: /home/jagadeesh97/ros2_ws/install/examples_rclcpp_async_client/share/ament_index/resource_index/parent_prefix_path/examples_rclcpp_async_client
[1.170s] -- Up-to-date symlink: /home/jagadeesh97/ros2_ws/install/examples_rclcpp_async_client/share/examples_rclcpp_async_client/environment/ament_prefix_path.sh
[1.170s] -- Up-to-date symlink: /home/jagadeesh97/ros2_ws/install/examples_rclcpp_async_client/share/examples_rclcpp_async_client/environment/ament_prefix_path.dsv
[1.170s] -- Up-to-date symlink: /home/jagadeesh97/ros2_ws/install/examples_rclcpp_async_client/share/examples_rclcpp_async_client/environment/path.sh
[1.171s] -- Up-to-date symlink: /home/jagadeesh97/ros2_ws/install/examples_rclcpp_async_client/share/examples_rclcpp_async_client/environment/path.dsv
[1.171s] -- Up-to-date symlink: /home/jagadeesh97/ros2_ws/install/examples_rclcpp_async_client/share/examples_rclcpp_async_client/local_setup.bash
[1.171s] -- Up-to-date symlink: /home/jagadeesh97/ros2_ws/install/examples_rclcpp_async_client/share/examples_rclcpp_async_client/local_setup.sh
[1.171s] -- Up-to-date symlink: /home/jagadeesh97/ros2_ws/install/examples_rclcpp_async_client/share/examples_rclcpp_async_client/local_setup.zsh
[1.171s] -- Up-to-date symlink: /home/jagadeesh97/ros2_ws/install/examples_rclcpp_async_client/share/examples_rclcpp_async_client/local_setup.dsv
[1.171s] -- Symlinking: /home/jagadeesh97/ros2_ws/install/examples_rclcpp_async_client/share/examples_rclcpp_async_client/package.dsv
[1.197s] -- Up-to-date symlink: /home/jagadeesh97/ros2_ws/install/examples_rclcpp_async_client/share/ament_index/resource_index/packages/examples_rclcpp_async_client
[1.197s] -- Up-to-date symlink: /home/jagadeesh97/ros2_ws/install/examples_rclcpp_async_client/share/examples_rclcpp_async_client/cmake/examples_rclcpp_async_clientConfig.cmake
[1.197s] -- Up-to-date symlink: /home/jagadeesh97/ros2_ws/install/examples_rclcpp_async_client/share/examples_rclcpp_async_client/cmake/examples_rclcpp_async_clientConfig-version.cmake
[1.197s] -- Up-to-date symlink: /home/jagadeesh97/ros2_ws/install/examples_rclcpp_async_client/share/examples_rclcpp_async_client/package.xml
[1.251s] Invoked command in '/home/jagadeesh97/ros2_ws/build/examples_rclcpp_async_client' returned '0': CMAKE_PREFIX_PATH=${CMAKE_PREFIX_PATH}:/home/jagadeesh97/ros2_ws/install/my_py_pkg:/home/jagadeesh97/ros2_ws/install/learning_my_robot_controller:/home/jagadeesh97/ros2_ws/install/launch_testing_examples:/home/jagadeesh97/ros2_ws/install/examples_rclpy_pointcloud_publisher:/home/jagadeesh97/ros2_ws/install/examples_rclpy_minimal_subscriber:/home/jagadeesh97/ros2_ws/install/examples_rclpy_minimal_service:/home/jagadeesh97/ros2_ws/install/examples_rclpy_minimal_publisher:/home/jagadeesh97/ros2_ws/install/examples_rclpy_minimal_client:/home/jagadeesh97/ros2_ws/install/examples_rclpy_minimal_action_server:/home/jagadeesh97/ros2_ws/install/examples_rclpy_minimal_action_client:/home/jagadeesh97/ros2_ws/install/examples_rclpy_guard_conditions:/home/jagadeesh97/ros2_ws/install/examples_rclpy_executors:/opt/ros/jazzy DEBUGINFOD_URLS=https://debuginfod.ubuntu.com /usr/bin/cmake --install /home/jagadeesh97/ros2_ws/build/examples_rclcpp_async_client
