[3.860s] Invoking command in '/home/jagadeesh97/ros2_ws/build/examples_rclpy_minimal_action_server': DEBUGINFOD_URLS=https://debuginfod.ubuntu.com PYTHONPATH=/home/jagadeesh97/ros2_ws/build/examples_rclpy_minimal_action_server/prefix_override:/usr/lib/python3/dist-packages/colcon_core/task/python/colcon_distutils_commands:/home/jagadeesh97/ros2_ws/install/examples_rclpy_minimal_action_server/lib/python3.12/site-packages:${PYTHONPATH} /usr/bin/python3 -W ignore:setup.py install is deprecated setup.py develop --editable --build-directory /home/jagadeesh97/ros2_ws/build/examples_rclpy_minimal_action_server/build --no-deps symlink_data
[10.266s] running develop
[10.266s] running egg_info
[10.267s] creating examples_rclpy_minimal_action_server.egg-info
[10.267s] writing examples_rclpy_minimal_action_server.egg-info/PKG-INFO
[10.267s] writing dependency_links to examples_rclpy_minimal_action_server.egg-info/dependency_links.txt
[10.268s] writing entry points to examples_rclpy_minimal_action_server.egg-info/entry_points.txt
[10.270s] writing requirements to examples_rclpy_minimal_action_server.egg-info/requires.txt
[10.270s] writing top-level names to examples_rclpy_minimal_action_server.egg-info/top_level.txt
[10.272s] writing manifest file 'examples_rclpy_minimal_action_server.egg-info/SOURCES.txt'
[10.272s] reading manifest file 'examples_rclpy_minimal_action_server.egg-info/SOURCES.txt'
[10.272s] writing manifest file 'examples_rclpy_minimal_action_server.egg-info/SOURCES.txt'
[10.273s] running build_ext
[10.273s] Creating /home/jagadeesh97/ros2_ws/install/examples_rclpy_minimal_action_server/lib/python3.12/site-packages/examples-rclpy-minimal-action-server.egg-link (link to .)
[10.273s] Installing server script to /home/jagadeesh97/ros2_ws/install/examples_rclpy_minimal_action_server/lib/examples_rclpy_minimal_action_server
[10.273s] Installing server_defer script to /home/jagadeesh97/ros2_ws/install/examples_rclpy_minimal_action_server/lib/examples_rclpy_minimal_action_server
[10.273s] Installing server_not_composable script to /home/jagadeesh97/ros2_ws/install/examples_rclpy_minimal_action_server/lib/examples_rclpy_minimal_action_server
[10.273s] Installing server_queue_goals script to /home/jagadeesh97/ros2_ws/install/examples_rclpy_minimal_action_server/lib/examples_rclpy_minimal_action_server
[10.273s] Installing server_single_goal script to /home/jagadeesh97/ros2_ws/install/examples_rclpy_minimal_action_server/lib/examples_rclpy_minimal_action_server
[10.273s] 
[10.273s] Installed /home/jagadeesh97/ros2_ws/build/examples_rclpy_minimal_action_server
[10.273s] running symlink_data
[10.274s] creating /home/jagadeesh97/ros2_ws/install/examples_rclpy_minimal_action_server/share/ament_index
[10.274s] creating /home/jagadeesh97/ros2_ws/install/examples_rclpy_minimal_action_server/share/ament_index/resource_index
[10.274s] creating /home/jagadeesh97/ros2_ws/install/examples_rclpy_minimal_action_server/share/ament_index/resource_index/packages
[10.274s] symbolically linking /home/jagadeesh97/ros2_ws/build/examples_rclpy_minimal_action_server/resource/examples_rclpy_minimal_action_server -> /home/jagadeesh97/ros2_ws/install/examples_rclpy_minimal_action_server/share/ament_index/resource_index/packages
[10.274s] symbolically linking /home/jagadeesh97/ros2_ws/build/examples_rclpy_minimal_action_server/package.xml -> /home/jagadeesh97/ros2_ws/install/examples_rclpy_minimal_action_server/share/examples_rclpy_minimal_action_server
[10.274s] /usr/lib/python3/dist-packages/setuptools/command/develop.py:40: EasyInstallDeprecationWarning: easy_install command is deprecated.
[10.274s] !!
[10.274s] 
[10.274s]         ********************************************************************************
[10.275s]         Please avoid running ``setup.py`` and ``easy_install``.
[10.275s]         Instead, use pypa/build, pypa/installer or other
[10.275s]         standards-based tools.
[10.275s] 
[10.275s]         See https://github.com/pypa/setuptools/issues/917 for details.
[10.275s]         ********************************************************************************
[10.275s] 
[10.275s] !!
[10.275s]   easy_install.initialize_options(self)
[10.396s] Invoked command in '/home/jagadeesh97/ros2_ws/build/examples_rclpy_minimal_action_server' returned '0': DEBUGINFOD_URLS=https://debuginfod.ubuntu.com PYTHONPATH=/home/jagadeesh97/ros2_ws/build/examples_rclpy_minimal_action_server/prefix_override:/usr/lib/python3/dist-packages/colcon_core/task/python/colcon_distutils_commands:/home/jagadeesh97/ros2_ws/install/examples_rclpy_minimal_action_server/lib/python3.12/site-packages:${PYTHONPATH} /usr/bin/python3 -W ignore:setup.py install is deprecated setup.py develop --editable --build-directory /home/jagadeesh97/ros2_ws/build/examples_rclpy_minimal_action_server/build --no-deps symlink_data
