[0.101s] Invoking command in '/home/jagadeesh97/ros2_ws/build/examples_rclcpp_async_client': CMAKE_PREFIX_PATH=${CMAKE_PREFIX_PATH}:/opt/ros/jazzy DEBUGINFOD_URLS=https://debuginfod.ubuntu.com /usr/bin/cmake --build /home/jagadeesh97/ros2_ws/build/examples_rclcpp_async_client -- -j16 -l16
[1.570s] [ 50%] [32mBuilding CXX object CMakeFiles/client_main.dir/main.cpp.o[0m
[9.981s] [100%] [32m[1mLinking CXX executable client_main[0m
[10.257s] [100%] Built target client_main
[10.294s] Invoked command in '/home/jagadeesh97/ros2_ws/build/examples_rclcpp_async_client' returned '0': CMAKE_PREFIX_PATH=${CMAKE_PREFIX_PATH}:/opt/ros/jazzy DEBUGINFOD_URLS=https://debuginfod.ubuntu.com /usr/bin/cmake --build /home/jagadeesh97/ros2_ws/build/examples_rclcpp_async_client -- -j16 -l16
[10.557s] Invoking command in '/home/jagadeesh97/ros2_ws/build/examples_rclcpp_async_client': CMAKE_PREFIX_PATH=${CMAKE_PREFIX_PATH}:/opt/ros/jazzy DEBUGINFOD_URLS=https://debuginfod.ubuntu.com /usr/bin/cmake --install /home/jagadeesh97/ros2_ws/build/examples_rclcpp_async_client
[10.569s] -- Install configuration: ""
[10.576s] -- Execute custom install script
[10.576s] -- Symlinking: /home/jagadeesh97/ros2_ws/install/examples_rclcpp_async_client/lib/examples_rclcpp_async_client/client_main
[10.590s] -- Symlinking: /home/jagadeesh97/ros2_ws/install/examples_rclcpp_async_client/share/ament_index/resource_index/package_run_dependencies/examples_rclcpp_async_client
[10.602s] -- Symlinking: /home/jagadeesh97/ros2_ws/install/examples_rclcpp_async_client/share/ament_index/resource_index/parent_prefix_path/examples_rclcpp_async_client
[10.614s] -- Symlinking: /home/jagadeesh97/ros2_ws/install/examples_rclcpp_async_client/share/examples_rclcpp_async_client/environment/ament_prefix_path.sh
[10.626s] -- Symlinking: /home/jagadeesh97/ros2_ws/install/examples_rclcpp_async_client/share/examples_rclcpp_async_client/environment/ament_prefix_path.dsv
[10.638s] -- Symlinking: /home/jagadeesh97/ros2_ws/install/examples_rclcpp_async_client/share/examples_rclcpp_async_client/environment/path.sh
[10.650s] -- Symlinking: /home/jagadeesh97/ros2_ws/install/examples_rclcpp_async_client/share/examples_rclcpp_async_client/environment/path.dsv
[10.663s] -- Symlinking: /home/jagadeesh97/ros2_ws/install/examples_rclcpp_async_client/share/examples_rclcpp_async_client/local_setup.bash
[10.675s] -- Symlinking: /home/jagadeesh97/ros2_ws/install/examples_rclcpp_async_client/share/examples_rclcpp_async_client/local_setup.sh
[10.687s] -- Symlinking: /home/jagadeesh97/ros2_ws/install/examples_rclcpp_async_client/share/examples_rclcpp_async_client/local_setup.zsh
[10.699s] -- Symlinking: /home/jagadeesh97/ros2_ws/install/examples_rclcpp_async_client/share/examples_rclcpp_async_client/local_setup.dsv
[10.711s] -- Symlinking: /home/jagadeesh97/ros2_ws/install/examples_rclcpp_async_client/share/examples_rclcpp_async_client/package.dsv
[10.722s] -- Symlinking: /home/jagadeesh97/ros2_ws/install/examples_rclcpp_async_client/share/ament_index/resource_index/packages/examples_rclcpp_async_client
[10.734s] -- Symlinking: /home/jagadeesh97/ros2_ws/install/examples_rclcpp_async_client/share/examples_rclcpp_async_client/cmake/examples_rclcpp_async_clientConfig.cmake
[10.746s] -- Symlinking: /home/jagadeesh97/ros2_ws/install/examples_rclcpp_async_client/share/examples_rclcpp_async_client/cmake/examples_rclcpp_async_clientConfig-version.cmake
[10.758s] -- Symlinking: /home/jagadeesh97/ros2_ws/install/examples_rclcpp_async_client/share/examples_rclcpp_async_client/package.xml
[11.964s] Invoked command in '/home/jagadeesh97/ros2_ws/build/examples_rclcpp_async_client' returned '0': CMAKE_PREFIX_PATH=${CMAKE_PREFIX_PATH}:/opt/ros/jazzy DEBUGINFOD_URLS=https://debuginfod.ubuntu.com /usr/bin/cmake --install /home/jagadeesh97/ros2_ws/build/examples_rclcpp_async_client
