[0.120s] Invoking command in '/home/jagadeesh97/ros2_ws/build/examples_rclcpp_wait_set': CMAKE_PREFIX_PATH=${CMAKE_PREFIX_PATH}:/opt/ros/jazzy DEBUGINFOD_URLS=https://debuginfod.ubuntu.com /usr/bin/cmake --build /home/jagadeesh97/ros2_ws/build/examples_rclcpp_wait_set -- -j16 -l16
[9.160s] [  4%] [32mBuilding CXX object CMakeFiles/talker.dir/src/talker.cpp.o[0m
[12.018s] [  8%] [32m[1mLinking CXX shared library libtalker.so[0m
[12.393s] [  8%] Built target talker
[12.433s] [ 12%] [32mBuilding CXX object CMakeFiles/wait_set_topics_with_different_rates.dir/src/wait_set_topics_with_different_rates.cpp.o[0m
[26.352s] [ 16%] [32m[1mLinking CXX executable wait_set_topics_with_different_rates[0m
[26.764s] [ 16%] Built target wait_set_topics_with_different_rates
[26.794s] [ 20%] [32mBuilding CXX object CMakeFiles/executor_random_order.dir/src/executor_random_order.cpp.o[0m
[37.104s] [ 25%] [32m[1mLinking CXX executable executor_random_order[0m
[37.414s] [ 25%] Built target executor_random_order
[37.448s] [ 29%] [32mBuilding CXX object CMakeFiles/wait_set_random_order.dir/src/wait_set_random_order.cpp.o[0m
[47.496s] [ 33%] [32m[1mLinking CXX executable wait_set_random_order[0m
[47.819s] [ 33%] Built target wait_set_random_order
[47.852s] [ 37%] [32mBuilding CXX object CMakeFiles/wait_set_topics_and_timer.dir/src/wait_set_topics_and_timer.cpp.o[0m
[47.859s] [ 41%] [32mBuilding CXX object CMakeFiles/wait_set.dir/src/wait_set.cpp.o[0m
[47.861s] [ 50%] [32mBuilding CXX object CMakeFiles/static_wait_set.dir/src/static_wait_set.cpp.o[0m
[47.861s] [ 50%] [32mBuilding CXX object CMakeFiles/thread_safe_wait_set.dir/src/thread_safe_wait_set.cpp.o[0m
[47.863s] [ 62%] [32mBuilding CXX object CMakeFiles/listener.dir/src/listener.cpp.o[0m
[47.863s] [ 62%] [32mBuilding CXX object CMakeFiles/wait_set_talker.dir/rclcpp_components/node_main_wait_set_talker.cpp.o[0m
[47.863s] [ 62%] [32mBuilding CXX object CMakeFiles/wait_set_listener.dir/rclcpp_components/node_main_wait_set_listener.cpp.o[0m
[52.704s] [ 66%] [32m[1mLinking CXX executable wait_set_listener[0m
[52.889s] [ 66%] Built target wait_set_listener
[56.119s] [ 70%] [32m[1mLinking CXX executable wait_set_talker[0m
[56.397s] [ 70%] Built target wait_set_talker
[62.274s] [ 75%] [32m[1mLinking CXX executable wait_set[0m
[62.888s] [ 79%] [32m[1mLinking CXX executable static_wait_set[0m
[62.976s] [ 79%] Built target wait_set
[63.484s] [ 79%] Built target static_wait_set
[66.797s] [ 83%] [32m[1mLinking CXX executable thread_safe_wait_set[0m
[67.367s] [ 83%] Built target thread_safe_wait_set
[67.430s] [ 87%] [32m[1mLinking CXX shared library liblistener.so[0m
[67.843s] [ 87%] Built target listener
[67.878s] [ 95%] [32m[1mLinking CXX executable wait_set_topics_and_timer[0m
[67.878s] [ 95%] [32mBuilding CXX object CMakeFiles/wait_set_composed.dir/src/wait_set_composed.cpp.o[0m
[68.347s] [ 95%] Built target wait_set_topics_and_timer
[70.935s] [100%] [32m[1mLinking CXX executable wait_set_composed[0m
[71.111s] [100%] Built target wait_set_composed
[71.135s] Invoked command in '/home/jagadeesh97/ros2_ws/build/examples_rclcpp_wait_set' returned '0': CMAKE_PREFIX_PATH=${CMAKE_PREFIX_PATH}:/opt/ros/jazzy DEBUGINFOD_URLS=https://debuginfod.ubuntu.com /usr/bin/cmake --build /home/jagadeesh97/ros2_ws/build/examples_rclcpp_wait_set -- -j16 -l16
[71.198s] Invoking command in '/home/jagadeesh97/ros2_ws/build/examples_rclcpp_wait_set': CMAKE_PREFIX_PATH=${CMAKE_PREFIX_PATH}:/opt/ros/jazzy DEBUGINFOD_URLS=https://debuginfod.ubuntu.com /usr/bin/cmake --install /home/jagadeesh97/ros2_ws/build/examples_rclcpp_wait_set
[71.207s] -- Install configuration: ""
[71.208s] -- Execute custom install script
[71.209s] -- Symlinking: /home/jagadeesh97/ros2_ws/install/examples_rclcpp_wait_set/lib/examples_rclcpp_wait_set/wait_set_talker
[71.217s] -- Symlinking: /home/jagadeesh97/ros2_ws/install/examples_rclcpp_wait_set/lib/examples_rclcpp_wait_set/wait_set_listener
[71.225s] -- Symlinking: /home/jagadeesh97/ros2_ws/install/examples_rclcpp_wait_set/lib/libtalker.so
[71.234s] -- Symlinking: /home/jagadeesh97/ros2_ws/install/examples_rclcpp_wait_set/lib/liblistener.so
[71.243s] -- Symlinking: /home/jagadeesh97/ros2_ws/install/examples_rclcpp_wait_set/lib/examples_rclcpp_wait_set/wait_set
[71.251s] -- Symlinking: /home/jagadeesh97/ros2_ws/install/examples_rclcpp_wait_set/lib/examples_rclcpp_wait_set/static_wait_set
[71.264s] -- Symlinking: /home/jagadeesh97/ros2_ws/install/examples_rclcpp_wait_set/lib/examples_rclcpp_wait_set/thread_safe_wait_set
[71.279s] -- Symlinking: /home/jagadeesh97/ros2_ws/install/examples_rclcpp_wait_set/lib/examples_rclcpp_wait_set/wait_set_topics_and_timer
[71.295s] -- Symlinking: /home/jagadeesh97/ros2_ws/install/examples_rclcpp_wait_set/lib/examples_rclcpp_wait_set/wait_set_random_order
[71.308s] -- Symlinking: /home/jagadeesh97/ros2_ws/install/examples_rclcpp_wait_set/lib/examples_rclcpp_wait_set/executor_random_order
[71.321s] -- Symlinking: /home/jagadeesh97/ros2_ws/install/examples_rclcpp_wait_set/lib/examples_rclcpp_wait_set/wait_set_topics_with_different_rates
[71.334s] -- Symlinking: /home/jagadeesh97/ros2_ws/install/examples_rclcpp_wait_set/lib/examples_rclcpp_wait_set/wait_set_composed
[71.345s] -- Symlinking: /home/jagadeesh97/ros2_ws/install/examples_rclcpp_wait_set/share/ament_index/resource_index/package_run_dependencies/examples_rclcpp_wait_set
[71.358s] -- Symlinking: /home/jagadeesh97/ros2_ws/install/examples_rclcpp_wait_set/share/ament_index/resource_index/parent_prefix_path/examples_rclcpp_wait_set
[71.367s] -- Symlinking: /home/jagadeesh97/ros2_ws/install/examples_rclcpp_wait_set/share/examples_rclcpp_wait_set/environment/ament_prefix_path.sh
[71.375s] -- Symlinking: /home/jagadeesh97/ros2_ws/install/examples_rclcpp_wait_set/share/examples_rclcpp_wait_set/environment/ament_prefix_path.dsv
[71.384s] -- Symlinking: /home/jagadeesh97/ros2_ws/install/examples_rclcpp_wait_set/share/examples_rclcpp_wait_set/environment/path.sh
[71.391s] -- Symlinking: /home/jagadeesh97/ros2_ws/install/examples_rclcpp_wait_set/share/examples_rclcpp_wait_set/environment/path.dsv
[71.400s] -- Symlinking: /home/jagadeesh97/ros2_ws/install/examples_rclcpp_wait_set/share/examples_rclcpp_wait_set/local_setup.bash
[71.408s] -- Symlinking: /home/jagadeesh97/ros2_ws/install/examples_rclcpp_wait_set/share/examples_rclcpp_wait_set/local_setup.sh
[71.416s] -- Symlinking: /home/jagadeesh97/ros2_ws/install/examples_rclcpp_wait_set/share/examples_rclcpp_wait_set/local_setup.zsh
[71.424s] -- Symlinking: /home/jagadeesh97/ros2_ws/install/examples_rclcpp_wait_set/share/examples_rclcpp_wait_set/local_setup.dsv
[71.434s] -- Symlinking: /home/jagadeesh97/ros2_ws/install/examples_rclcpp_wait_set/share/examples_rclcpp_wait_set/package.dsv
[71.443s] -- Symlinking: /home/jagadeesh97/ros2_ws/install/examples_rclcpp_wait_set/share/ament_index/resource_index/packages/examples_rclcpp_wait_set
[71.451s] -- Symlinking: /home/jagadeesh97/ros2_ws/install/examples_rclcpp_wait_set/share/ament_index/resource_index/rclcpp_components/examples_rclcpp_wait_set
[71.458s] -- Symlinking: /home/jagadeesh97/ros2_ws/install/examples_rclcpp_wait_set/share/examples_rclcpp_wait_set/cmake/examples_rclcpp_wait_setConfig.cmake
[71.466s] -- Symlinking: /home/jagadeesh97/ros2_ws/install/examples_rclcpp_wait_set/share/examples_rclcpp_wait_set/cmake/examples_rclcpp_wait_setConfig-version.cmake
[71.474s] -- Symlinking: /home/jagadeesh97/ros2_ws/install/examples_rclcpp_wait_set/share/examples_rclcpp_wait_set/package.xml
[71.483s] Invoked command in '/home/jagadeesh97/ros2_ws/build/examples_rclcpp_wait_set' returned '0': CMAKE_PREFIX_PATH=${CMAKE_PREFIX_PATH}:/opt/ros/jazzy DEBUGINFOD_URLS=https://debuginfod.ubuntu.com /usr/bin/cmake --install /home/jagadeesh97/ros2_ws/build/examples_rclcpp_wait_set
