[2.465s] Invoking command in '/home/jagadeesh97/ros2_ws/build/examples_rclpy_executors': DEBUGINFOD_URLS=https://debuginfod.ubuntu.com PYTHONPATH=/home/jagadeesh97/ros2_ws/build/examples_rclpy_executors/prefix_override:/usr/lib/python3/dist-packages/colcon_core/task/python/colcon_distutils_commands:/home/jagadeesh97/ros2_ws/install/examples_rclpy_executors/lib/python3.12/site-packages:${PYTHONPATH} /usr/bin/python3 -W ignore:setup.py install is deprecated setup.py develop --editable --build-directory /home/jagadeesh97/ros2_ws/build/examples_rclpy_executors/build --no-deps symlink_data --force
[2.694s] running develop
[2.695s] /usr/lib/python3/dist-packages/setuptools/command/develop.py:40: EasyInstallDeprecationWarning: easy_install command is deprecated.
[2.695s] !!
[2.695s] 
[2.695s]         ********************************************************************************
[2.695s]         Please avoid running ``setup.py`` and ``easy_install``.
[2.696s]         Instead, use pypa/build, pypa/installer or other
[2.696s]         standards-based tools.
[2.696s] 
[2.696s]         See https://github.com/pypa/setuptools/issues/917 for details.
[2.696s]         ********************************************************************************
[2.696s] 
[2.696s] !!
[2.696s]   easy_install.initialize_options(self)
[2.946s] running egg_info
[2.971s] writing examples_rclpy_executors.egg-info/PKG-INFO
[2.971s] writing dependency_links to examples_rclpy_executors.egg-info/dependency_links.txt
[2.972s] writing entry points to examples_rclpy_executors.egg-info/entry_points.txt
[2.972s] writing requirements to examples_rclpy_executors.egg-info/requires.txt
[2.972s] writing top-level names to examples_rclpy_executors.egg-info/top_level.txt
[3.025s] reading manifest file 'examples_rclpy_executors.egg-info/SOURCES.txt'
[3.026s] writing manifest file 'examples_rclpy_executors.egg-info/SOURCES.txt'
[3.052s] running build_ext
[3.053s] Creating /home/jagadeesh97/ros2_ws/install/examples_rclpy_executors/lib/python3.12/site-packages/examples-rclpy-executors.egg-link (link to .)
[3.053s] Installing callback_group script to /home/jagadeesh97/ros2_ws/install/examples_rclpy_executors/lib/examples_rclpy_executors
[3.053s] Installing composed script to /home/jagadeesh97/ros2_ws/install/examples_rclpy_executors/lib/examples_rclpy_executors
[3.053s] Installing custom_callback_group script to /home/jagadeesh97/ros2_ws/install/examples_rclpy_executors/lib/examples_rclpy_executors
[3.054s] Installing custom_executor script to /home/jagadeesh97/ros2_ws/install/examples_rclpy_executors/lib/examples_rclpy_executors
[3.054s] Installing listener script to /home/jagadeesh97/ros2_ws/install/examples_rclpy_executors/lib/examples_rclpy_executors
[3.054s] Installing talker script to /home/jagadeesh97/ros2_ws/install/examples_rclpy_executors/lib/examples_rclpy_executors
[3.054s] 
[3.054s] Installed /home/jagadeesh97/ros2_ws/build/examples_rclpy_executors
[3.054s] running symlink_data
[3.055s] symbolically linking /home/jagadeesh97/ros2_ws/build/examples_rclpy_executors/resource/examples_rclpy_executors -> /home/jagadeesh97/ros2_ws/install/examples_rclpy_executors/share/ament_index/resource_index/packages
[3.055s] symbolically linking /home/jagadeesh97/ros2_ws/build/examples_rclpy_executors/package.xml -> /home/jagadeesh97/ros2_ws/install/examples_rclpy_executors/share/examples_rclpy_executors
[3.102s] Invoked command in '/home/jagadeesh97/ros2_ws/build/examples_rclpy_executors' returned '0': DEBUGINFOD_URLS=https://debuginfod.ubuntu.com PYTHONPATH=/home/jagadeesh97/ros2_ws/build/examples_rclpy_executors/prefix_override:/usr/lib/python3/dist-packages/colcon_core/task/python/colcon_distutils_commands:/home/jagadeesh97/ros2_ws/install/examples_rclpy_executors/lib/python3.12/site-packages:${PYTHONPATH} /usr/bin/python3 -W ignore:setup.py install is deprecated setup.py develop --editable --build-directory /home/jagadeesh97/ros2_ws/build/examples_rclpy_executors/build --no-deps symlink_data --force
