[2.689s] Invoking command in '/home/jagadeesh97/ros2_ws/build/examples_rclpy_minimal_action_server': DEBUGINFOD_URLS=https://debuginfod.ubuntu.com PYTHONPATH=/home/jagadeesh97/ros2_ws/build/examples_rclpy_minimal_action_server/prefix_override:/usr/lib/python3/dist-packages/colcon_core/task/python/colcon_distutils_commands:/home/jagadeesh97/ros2_ws/install/examples_rclpy_minimal_action_server/lib/python3.12/site-packages:${PYTHONPATH} /usr/bin/python3 -W ignore:setup.py install is deprecated setup.py develop --editable --build-directory /home/jagadeesh97/ros2_ws/build/examples_rclpy_minimal_action_server/build --no-deps symlink_data --force
[3.120s] running develop
[3.120s] /usr/lib/python3/dist-packages/setuptools/command/develop.py:40: EasyInstallDeprecationWarning: easy_install command is deprecated.
[3.120s] !!
[3.120s] 
[3.120s]         ********************************************************************************
[3.120s]         Please avoid running ``setup.py`` and ``easy_install``.
[3.121s]         Instead, use pypa/build, pypa/installer or other
[3.121s]         standards-based tools.
[3.121s] 
[3.121s]         See https://github.com/pypa/setuptools/issues/917 for details.
[3.121s]         ********************************************************************************
[3.121s] 
[3.121s] !!
[3.121s]   easy_install.initialize_options(self)
[3.356s] running egg_info
[3.380s] writing examples_rclpy_minimal_action_server.egg-info/PKG-INFO
[3.381s] writing dependency_links to examples_rclpy_minimal_action_server.egg-info/dependency_links.txt
[3.381s] writing entry points to examples_rclpy_minimal_action_server.egg-info/entry_points.txt
[3.382s] writing requirements to examples_rclpy_minimal_action_server.egg-info/requires.txt
[3.382s] writing top-level names to examples_rclpy_minimal_action_server.egg-info/top_level.txt
[3.427s] reading manifest file 'examples_rclpy_minimal_action_server.egg-info/SOURCES.txt'
[3.428s] writing manifest file 'examples_rclpy_minimal_action_server.egg-info/SOURCES.txt'
[3.443s] running build_ext
[3.443s] Creating /home/jagadeesh97/ros2_ws/install/examples_rclpy_minimal_action_server/lib/python3.12/site-packages/examples-rclpy-minimal-action-server.egg-link (link to .)
[3.444s] Installing server script to /home/jagadeesh97/ros2_ws/install/examples_rclpy_minimal_action_server/lib/examples_rclpy_minimal_action_server
[3.444s] Installing server_defer script to /home/jagadeesh97/ros2_ws/install/examples_rclpy_minimal_action_server/lib/examples_rclpy_minimal_action_server
[3.444s] Installing server_not_composable script to /home/jagadeesh97/ros2_ws/install/examples_rclpy_minimal_action_server/lib/examples_rclpy_minimal_action_server
[3.444s] Installing server_queue_goals script to /home/jagadeesh97/ros2_ws/install/examples_rclpy_minimal_action_server/lib/examples_rclpy_minimal_action_server
[3.445s] Installing server_single_goal script to /home/jagadeesh97/ros2_ws/install/examples_rclpy_minimal_action_server/lib/examples_rclpy_minimal_action_server
[3.445s] 
[3.445s] Installed /home/jagadeesh97/ros2_ws/build/examples_rclpy_minimal_action_server
[3.445s] running symlink_data
[3.445s] symbolically linking /home/jagadeesh97/ros2_ws/build/examples_rclpy_minimal_action_server/resource/examples_rclpy_minimal_action_server -> /home/jagadeesh97/ros2_ws/install/examples_rclpy_minimal_action_server/share/ament_index/resource_index/packages
[3.446s] symbolically linking /home/jagadeesh97/ros2_ws/build/examples_rclpy_minimal_action_server/package.xml -> /home/jagadeesh97/ros2_ws/install/examples_rclpy_minimal_action_server/share/examples_rclpy_minimal_action_server
[3.492s] Invoked command in '/home/jagadeesh97/ros2_ws/build/examples_rclpy_minimal_action_server' returned '0': DEBUGINFOD_URLS=https://debuginfod.ubuntu.com PYTHONPATH=/home/jagadeesh97/ros2_ws/build/examples_rclpy_minimal_action_server/prefix_override:/usr/lib/python3/dist-packages/colcon_core/task/python/colcon_distutils_commands:/home/jagadeesh97/ros2_ws/install/examples_rclpy_minimal_action_server/lib/python3.12/site-packages:${PYTHONPATH} /usr/bin/python3 -W ignore:setup.py install is deprecated setup.py develop --editable --build-directory /home/jagadeesh97/ros2_ws/build/examples_rclpy_minimal_action_server/build --no-deps symlink_data --force
