[0.049s] Invoking command in '/home/jagadeesh97/ros2_ws/build/examples_rclcpp_wait_set': CMAKE_PREFIX_PATH=${CMAKE_PREFIX_PATH}:/opt/ros/jazzy DEBUGINFOD_URLS=https://debuginfod.ubuntu.com /usr/bin/cmake /home/jagadeesh97/ros2_ws/src/examples/rclcpp/wait_set -DAMENT_CMAKE_SYMLINK_INSTALL=1 -DCMAKE_INSTALL_PREFIX=/home/jagadeesh97/ros2_ws/install/examples_rclcpp_wait_set
[2.387s] -- The C compiler identification is GNU 13.2.0
[2.387s] -- The CXX compiler identification is GNU 13.2.0
[2.387s] -- Detecting C compiler ABI info
[2.387s] -- Detecting C compiler ABI info - done
[2.387s] -- Check for working C compiler: /usr/bin/cc - skipped
[2.388s] -- Detecting C compile features
[2.388s] -- Detecting C compile features - done
[2.388s] -- Detecting CXX compiler ABI info
[2.388s] -- Detecting CXX compiler ABI info - done
[2.388s] -- Check for working CXX compiler: /usr/bin/c++ - skipped
[2.388s] -- Detecting CXX compile features
[2.388s] -- Detecting CXX compile features - done
[2.389s] -- Found ament_cmake: 2.5.0 (/opt/ros/jazzy/share/ament_cmake/cmake)
[2.389s] -- Found Python3: /usr/bin/python3 (found version "3.12.3") found components: Interpreter 
[2.389s] -- Override CMake install command with custom implementation using symlinks instead of copying resources
[2.389s] -- Found example_interfaces: 0.12.0 (/opt/ros/jazzy/share/example_interfaces/cmake)
[2.389s] -- Found rosidl_generator_c: 4.6.2 (/opt/ros/jazzy/share/rosidl_generator_c/cmake)
[2.389s] -- Found rosidl_generator_cpp: 4.6.2 (/opt/ros/jazzy/share/rosidl_generator_cpp/cmake)
[2.390s] -- Using all available rosidl_typesupport_c: rosidl_typesupport_fastrtps_c;rosidl_typesupport_introspection_c
[2.390s] -- Using all available rosidl_typesupport_cpp: rosidl_typesupport_fastrtps_cpp;rosidl_typesupport_introspection_cpp
[2.390s] -- Found rclcpp: 28.1.2 (/opt/ros/jazzy/share/rclcpp/cmake)
[2.391s] -- Found rmw_implementation_cmake: 7.3.1 (/opt/ros/jazzy/share/rmw_implementation_cmake/cmake)
[2.391s] -- Found rmw_fastrtps_cpp: 8.4.0 (/opt/ros/jazzy/share/rmw_fastrtps_cpp/cmake)
[2.391s] -- Found OpenSSL: /usr/lib/x86_64-linux-gnu/libcrypto.so (found version "3.0.13")  
[2.391s] -- Found FastRTPS: /opt/ros/jazzy/include (Required is at least version "2.13") 
[2.392s] -- Using RMW implementation 'rmw_fastrtps_cpp' as default
[2.392s] -- Found rclcpp_components: 28.1.2 (/opt/ros/jazzy/share/rclcpp_components/cmake)
[2.392s] -- Found std_msgs: 5.3.5 (/opt/ros/jazzy/share/std_msgs/cmake)
[2.392s] -- Found ament_lint_auto: 0.17.0 (/opt/ros/jazzy/share/ament_lint_auto/cmake)
[2.547s] -- Added test 'copyright' to check source files copyright and LICENSE
[2.551s] -- Added test 'cppcheck' to perform static code analysis on C / C++ code
[2.552s] -- Configured cppcheck include dirs: /home/jagadeesh97/ros2_ws/src/examples/rclcpp/wait_set/include
[2.553s] -- Configured cppcheck exclude dirs and/or files: 
[2.555s] -- Added test 'cpplint' to check C / C++ code against the Google style
[2.555s] -- Configured cpplint exclude dirs and/or files: 
[2.557s] -- Added test 'lint_cmake' to check CMake code style
[2.561s] -- Added test 'uncrustify' to check C / C++ code style
[2.561s] -- Configured uncrustify additional arguments: 
[2.562s] -- Added test 'xmllint' to check XML markup files
[2.565s] -- Configuring done (2.5s)
[2.678s] -- Generating done (0.1s)
[2.683s] -- Build files have been written to: /home/jagadeesh97/ros2_ws/build/examples_rclcpp_wait_set
[2.711s] Invoked command in '/home/jagadeesh97/ros2_ws/build/examples_rclcpp_wait_set' returned '0': CMAKE_PREFIX_PATH=${CMAKE_PREFIX_PATH}:/opt/ros/jazzy DEBUGINFOD_URLS=https://debuginfod.ubuntu.com /usr/bin/cmake /home/jagadeesh97/ros2_ws/src/examples/rclcpp/wait_set -DAMENT_CMAKE_SYMLINK_INSTALL=1 -DCMAKE_INSTALL_PREFIX=/home/jagadeesh97/ros2_ws/install/examples_rclcpp_wait_set
[2.712s] Invoking command in '/home/jagadeesh97/ros2_ws/build/examples_rclcpp_wait_set': CMAKE_PREFIX_PATH=${CMAKE_PREFIX_PATH}:/opt/ros/jazzy DEBUGINFOD_URLS=https://debuginfod.ubuntu.com /usr/bin/cmake --build /home/jagadeesh97/ros2_ws/build/examples_rclcpp_wait_set -- -j16 -l16
