[0.074s] Invoking command in '/home/jagadeesh97/ros2_ws/build/examples_rclcpp_minimal_client': CMAKE_PREFIX_PATH=${CMAKE_PREFIX_PATH}:/home/jagadeesh97/ros2_ws/install/my_py_pkg:/home/jagadeesh97/ros2_ws/install/launch_testing_examples:/home/jagadeesh97/ros2_ws/install/examples_rclpy_pointcloud_publisher:/home/jagadeesh97/ros2_ws/install/examples_rclpy_minimal_subscriber:/home/jagadeesh97/ros2_ws/install/examples_rclpy_minimal_service:/home/jagadeesh97/ros2_ws/install/examples_rclpy_minimal_publisher:/home/jagadeesh97/ros2_ws/install/examples_rclpy_minimal_client:/home/jagadeesh97/ros2_ws/install/examples_rclpy_minimal_action_server:/home/jagadeesh97/ros2_ws/install/examples_rclpy_minimal_action_client:/home/jagadeesh97/ros2_ws/install/examples_rclpy_guard_conditions:/home/jagadeesh97/ros2_ws/install/examples_rclpy_executors:/opt/ros/jazzy DEBUGINFOD_URLS=https://debuginfod.ubuntu.com /usr/bin/cmake --build /home/jagadeesh97/ros2_ws/build/examples_rclcpp_minimal_client -- -j16 -l16
[1.303s] [100%] Built target client_main
[1.620s] Invoked command in '/home/jagadeesh97/ros2_ws/build/examples_rclcpp_minimal_client' returned '0': CMAKE_PREFIX_PATH=${CMAKE_PREFIX_PATH}:/home/jagadeesh97/ros2_ws/install/my_py_pkg:/home/jagadeesh97/ros2_ws/install/launch_testing_examples:/home/jagadeesh97/ros2_ws/install/examples_rclpy_pointcloud_publisher:/home/jagadeesh97/ros2_ws/install/examples_rclpy_minimal_subscriber:/home/jagadeesh97/ros2_ws/install/examples_rclpy_minimal_service:/home/jagadeesh97/ros2_ws/install/examples_rclpy_minimal_publisher:/home/jagadeesh97/ros2_ws/install/examples_rclpy_minimal_client:/home/jagadeesh97/ros2_ws/install/examples_rclpy_minimal_action_server:/home/jagadeesh97/ros2_ws/install/examples_rclpy_minimal_action_client:/home/jagadeesh97/ros2_ws/install/examples_rclpy_guard_conditions:/home/jagadeesh97/ros2_ws/install/examples_rclpy_executors:/opt/ros/jazzy DEBUGINFOD_URLS=https://debuginfod.ubuntu.com /usr/bin/cmake --build /home/jagadeesh97/ros2_ws/build/examples_rclcpp_minimal_client -- -j16 -l16
[1.691s] Invoking command in '/home/jagadeesh97/ros2_ws/build/examples_rclcpp_minimal_client': CMAKE_PREFIX_PATH=${CMAKE_PREFIX_PATH}:/home/jagadeesh97/ros2_ws/install/my_py_pkg:/home/jagadeesh97/ros2_ws/install/launch_testing_examples:/home/jagadeesh97/ros2_ws/install/examples_rclpy_pointcloud_publisher:/home/jagadeesh97/ros2_ws/install/examples_rclpy_minimal_subscriber:/home/jagadeesh97/ros2_ws/install/examples_rclpy_minimal_service:/home/jagadeesh97/ros2_ws/install/examples_rclpy_minimal_publisher:/home/jagadeesh97/ros2_ws/install/examples_rclpy_minimal_client:/home/jagadeesh97/ros2_ws/install/examples_rclpy_minimal_action_server:/home/jagadeesh97/ros2_ws/install/examples_rclpy_minimal_action_client:/home/jagadeesh97/ros2_ws/install/examples_rclpy_guard_conditions:/home/jagadeesh97/ros2_ws/install/examples_rclpy_executors:/opt/ros/jazzy DEBUGINFOD_URLS=https://debuginfod.ubuntu.com /usr/bin/cmake --install /home/jagadeesh97/ros2_ws/build/examples_rclcpp_minimal_client
[1.720s] -- Install configuration: ""
[1.720s] -- Execute custom install script
[1.723s] -- Up-to-date symlink: /home/jagadeesh97/ros2_ws/install/examples_rclcpp_minimal_client/lib/examples_rclcpp_minimal_client/client_main
[1.724s] -- Up-to-date symlink: /home/jagadeesh97/ros2_ws/install/examples_rclcpp_minimal_client/share/ament_index/resource_index/package_run_dependencies/examples_rclcpp_minimal_client
[1.725s] -- Up-to-date symlink: /home/jagadeesh97/ros2_ws/install/examples_rclcpp_minimal_client/share/ament_index/resource_index/parent_prefix_path/examples_rclcpp_minimal_client
[1.725s] -- Up-to-date symlink: /home/jagadeesh97/ros2_ws/install/examples_rclcpp_minimal_client/share/examples_rclcpp_minimal_client/environment/ament_prefix_path.sh
[1.727s] -- Up-to-date symlink: /home/jagadeesh97/ros2_ws/install/examples_rclcpp_minimal_client/share/examples_rclcpp_minimal_client/environment/ament_prefix_path.dsv
[1.728s] -- Up-to-date symlink: /home/jagadeesh97/ros2_ws/install/examples_rclcpp_minimal_client/share/examples_rclcpp_minimal_client/environment/path.sh
[1.734s] -- Up-to-date symlink: /home/jagadeesh97/ros2_ws/install/examples_rclcpp_minimal_client/share/examples_rclcpp_minimal_client/environment/path.dsv
[1.735s] -- Up-to-date symlink: /home/jagadeesh97/ros2_ws/install/examples_rclcpp_minimal_client/share/examples_rclcpp_minimal_client/local_setup.bash
[1.736s] -- Up-to-date symlink: /home/jagadeesh97/ros2_ws/install/examples_rclcpp_minimal_client/share/examples_rclcpp_minimal_client/local_setup.sh
[1.736s] -- Up-to-date symlink: /home/jagadeesh97/ros2_ws/install/examples_rclcpp_minimal_client/share/examples_rclcpp_minimal_client/local_setup.zsh
[1.738s] -- Up-to-date symlink: /home/jagadeesh97/ros2_ws/install/examples_rclcpp_minimal_client/share/examples_rclcpp_minimal_client/local_setup.dsv
[1.738s] -- Symlinking: /home/jagadeesh97/ros2_ws/install/examples_rclcpp_minimal_client/share/examples_rclcpp_minimal_client/package.dsv
[1.748s] -- Up-to-date symlink: /home/jagadeesh97/ros2_ws/install/examples_rclcpp_minimal_client/share/ament_index/resource_index/packages/examples_rclcpp_minimal_client
[1.748s] -- Up-to-date symlink: /home/jagadeesh97/ros2_ws/install/examples_rclcpp_minimal_client/share/examples_rclcpp_minimal_client/cmake/examples_rclcpp_minimal_clientConfig.cmake
[1.748s] -- Up-to-date symlink: /home/jagadeesh97/ros2_ws/install/examples_rclcpp_minimal_client/share/examples_rclcpp_minimal_client/cmake/examples_rclcpp_minimal_clientConfig-version.cmake
[1.748s] -- Up-to-date symlink: /home/jagadeesh97/ros2_ws/install/examples_rclcpp_minimal_client/share/examples_rclcpp_minimal_client/package.xml
[1.818s] Invoked command in '/home/jagadeesh97/ros2_ws/build/examples_rclcpp_minimal_client' returned '0': CMAKE_PREFIX_PATH=${CMAKE_PREFIX_PATH}:/home/jagadeesh97/ros2_ws/install/my_py_pkg:/home/jagadeesh97/ros2_ws/install/launch_testing_examples:/home/jagadeesh97/ros2_ws/install/examples_rclpy_pointcloud_publisher:/home/jagadeesh97/ros2_ws/install/examples_rclpy_minimal_subscriber:/home/jagadeesh97/ros2_ws/install/examples_rclpy_minimal_service:/home/jagadeesh97/ros2_ws/install/examples_rclpy_minimal_publisher:/home/jagadeesh97/ros2_ws/install/examples_rclpy_minimal_client:/home/jagadeesh97/ros2_ws/install/examples_rclpy_minimal_action_server:/home/jagadeesh97/ros2_ws/install/examples_rclpy_minimal_action_client:/home/jagadeesh97/ros2_ws/install/examples_rclpy_guard_conditions:/home/jagadeesh97/ros2_ws/install/examples_rclpy_executors:/opt/ros/jazzy DEBUGINFOD_URLS=https://debuginfod.ubuntu.com /usr/bin/cmake --install /home/jagadeesh97/ros2_ws/build/examples_rclcpp_minimal_client
