[0.048s] Invoking command in '/home/jagadeesh97/ros2_ws/build/examples_rclcpp_minimal_composition': CMAKE_PREFIX_PATH=${CMAKE_PREFIX_PATH}:/opt/ros/jazzy DEBUGINFOD_URLS=https://debuginfod.ubuntu.com /usr/bin/cmake /home/jagadeesh97/ros2_ws/src/examples/rclcpp/composition/minimal_composition -DAMENT_CMAKE_SYMLINK_INSTALL=1 -DCMAKE_INSTALL_PREFIX=/home/jagadeesh97/ros2_ws/install/examples_rclcpp_minimal_composition
[1.429s] -- The C compiler identification is GNU 13.2.0
[1.429s] -- The CXX compiler identification is GNU 13.2.0
[1.429s] -- Detecting C compiler ABI info
[1.430s] -- Detecting C compiler ABI info - done
[1.430s] -- Check for working C compiler: /usr/bin/cc - skipped
[1.430s] -- Detecting C compile features
[1.430s] -- Detecting C compile features - done
[1.430s] -- Detecting CXX compiler ABI info
[1.431s] -- Detecting CXX compiler ABI info - done
[1.431s] -- Check for working CXX compiler: /usr/bin/c++ - skipped
[1.431s] -- Detecting CXX compile features
[1.431s] -- Detecting CXX compile features - done
[1.431s] -- Found ament_cmake: 2.5.0 (/opt/ros/jazzy/share/ament_cmake/cmake)
[1.432s] -- Found Python3: /usr/bin/python3 (found version "3.12.3") found components: Interpreter 
[1.432s] -- Override CMake install command with custom implementation using symlinks instead of copying resources
[1.432s] -- Found rclcpp: 28.1.2 (/opt/ros/jazzy/share/rclcpp/cmake)
[1.432s] -- Found rosidl_generator_c: 4.6.2 (/opt/ros/jazzy/share/rosidl_generator_c/cmake)
[1.443s] -- Found rosidl_generator_cpp: 4.6.2 (/opt/ros/jazzy/share/rosidl_generator_cpp/cmake)
[1.459s] -- Using all available rosidl_typesupport_c: rosidl_typesupport_fastrtps_c;rosidl_typesupport_introspection_c
[1.494s] -- Using all available rosidl_typesupport_cpp: rosidl_typesupport_fastrtps_cpp;rosidl_typesupport_introspection_cpp
[1.678s] -- Found rmw_implementation_cmake: 7.3.1 (/opt/ros/jazzy/share/rmw_implementation_cmake/cmake)
[1.684s] -- Found rmw_fastrtps_cpp: 8.4.0 (/opt/ros/jazzy/share/rmw_fastrtps_cpp/cmake)
[1.816s] -- Found OpenSSL: /usr/lib/x86_64-linux-gnu/libcrypto.so (found version "3.0.13")  
[1.858s] -- Found FastRTPS: /opt/ros/jazzy/include (Required is at least version "2.13") 
[1.905s] -- Using RMW implementation 'rmw_fastrtps_cpp' as default
[2.081s] -- Found rclcpp_components: 28.1.2 (/opt/ros/jazzy/share/rclcpp_components/cmake)
[2.197s] -- Found std_msgs: 5.3.5 (/opt/ros/jazzy/share/std_msgs/cmake)
[2.243s] -- Found ament_lint_auto: 0.17.0 (/opt/ros/jazzy/share/ament_lint_auto/cmake)
[2.517s] -- Added test 'copyright' to check source files copyright and LICENSE
[2.518s] -- Added test 'cppcheck' to perform static code analysis on C / C++ code
[2.519s] -- Configured cppcheck include dirs: /home/jagadeesh97/ros2_ws/src/examples/rclcpp/composition/minimal_composition/include
[2.520s] -- Configured cppcheck exclude dirs and/or files: 
[2.520s] -- Added test 'cpplint' to check C / C++ code against the Google style
[2.520s] -- Configured cpplint exclude dirs and/or files: 
[2.520s] -- Added test 'lint_cmake' to check CMake code style
[2.529s] -- Added test 'uncrustify' to check C / C++ code style
[2.529s] -- Configured uncrustify additional arguments: 
[2.530s] -- Added test 'xmllint' to check XML markup files
[2.531s] -- Configuring done (2.5s)
[2.570s] -- Generating done (0.0s)
[2.574s] -- Build files have been written to: /home/jagadeesh97/ros2_ws/build/examples_rclcpp_minimal_composition
[2.599s] Invoked command in '/home/jagadeesh97/ros2_ws/build/examples_rclcpp_minimal_composition' returned '0': CMAKE_PREFIX_PATH=${CMAKE_PREFIX_PATH}:/opt/ros/jazzy DEBUGINFOD_URLS=https://debuginfod.ubuntu.com /usr/bin/cmake /home/jagadeesh97/ros2_ws/src/examples/rclcpp/composition/minimal_composition -DAMENT_CMAKE_SYMLINK_INSTALL=1 -DCMAKE_INSTALL_PREFIX=/home/jagadeesh97/ros2_ws/install/examples_rclcpp_minimal_composition
[2.600s] Invoking command in '/home/jagadeesh97/ros2_ws/build/examples_rclcpp_minimal_composition': CMAKE_PREFIX_PATH=${CMAKE_PREFIX_PATH}:/opt/ros/jazzy DEBUGINFOD_URLS=https://debuginfod.ubuntu.com /usr/bin/cmake --build /home/jagadeesh97/ros2_ws/build/examples_rclcpp_minimal_composition -- -j16 -l16
[2.840s] [ 11%] [32mBuilding CXX object CMakeFiles/composition_nodes.dir/src/publisher_node.cpp.o[0m
[2.867s] [ 22%] [32mBuilding CXX object CMakeFiles/composition_nodes.dir/src/subscriber_node.cpp.o[0m
