-- Found ament_cmake: 2.5.0 (/opt/ros/jazzy/share/ament_cmake/cmake)
-- Override CMake install command with custom implementation using symlinks instead of copying resources
-- Found example_interfaces: 0.12.0 (/opt/ros/jazzy/share/example_interfaces/cmake)
-- Found rosidl_generator_c: 4.6.2 (/opt/ros/jazzy/share/rosidl_generator_c/cmake)
-- Found rosidl_generator_cpp: 4.6.2 (/opt/ros/jazzy/share/rosidl_generator_cpp/cmake)
-- Using all available rosidl_typesupport_c: rosidl_typesupport_fastrtps_c;rosidl_typesupport_introspection_c
-- Using all available rosidl_typesupport_cpp: rosidl_typesupport_fastrtps_cpp;rosidl_typesupport_introspection_cpp
-- Found rclcpp: 28.1.2 (/opt/ros/jazzy/share/rclcpp/cmake)
-- Found rmw_implementation_cmake: 7.3.1 (/opt/ros/jazzy/share/rmw_implementation_cmake/cmake)
-- Found rmw_fastrtps_cpp: 8.4.0 (/opt/ros/jazzy/share/rmw_fastrtps_cpp/cmake)
-- Using RMW implementation 'rmw_fastrtps_cpp' as default
-- Found rclcpp_components: 28.1.2 (/opt/ros/jazzy/share/rclcpp_components/cmake)
-- Found std_msgs: 5.3.5 (/opt/ros/jazzy/share/std_msgs/cmake)
-- Found ament_lint_auto: 0.17.0 (/opt/ros/jazzy/share/ament_lint_auto/cmake)
-- Added test 'copyright' to check source files copyright and LICENSE
-- Added test 'cppcheck' to perform static code analysis on C / C++ code
-- Configured cppcheck include dirs: /home/jagadeesh97/ros2_ws/src/examples/rclcpp/wait_set/include
-- Configured cppcheck exclude dirs and/or files: 
-- Added test 'cpplint' to check C / C++ code against the Google style
-- Configured cpplint exclude dirs and/or files: 
-- Added test 'lint_cmake' to check CMake code style
-- Added test 'uncrustify' to check C / C++ code style
-- Configured uncrustify additional arguments: 
-- Added test 'xmllint' to check XML markup files
-- Configuring done (1.4s)
-- Generating done (0.0s)
-- Build files have been written to: /home/jagadeesh97/ros2_ws/build/examples_rclcpp_wait_set
[  8%] Built target talker
[ 16%] Built target wait_set
[ 25%] Built target wait_set_random_order
[ 33%] Built target static_wait_set
[ 41%] Built target wait_set_topics_and_timer
[ 50%] Built target listener
[ 58%] Built target wait_set_listener
[ 66%] Built target wait_set_talker
[ 75%] Built target executor_random_order
[ 83%] Built target thread_safe_wait_set
[ 91%] Built target wait_set_topics_with_different_rates
[100%] Built target wait_set_composed
-- Install configuration: ""
-- Execute custom install script
-- Up-to-date symlink: /home/jagadeesh97/ros2_ws/install/examples_rclcpp_wait_set/lib/examples_rclcpp_wait_set/wait_set_talker
-- Up-to-date symlink: /home/jagadeesh97/ros2_ws/install/examples_rclcpp_wait_set/lib/examples_rclcpp_wait_set/wait_set_listener
-- Up-to-date symlink: /home/jagadeesh97/ros2_ws/install/examples_rclcpp_wait_set/lib/libtalker.so
-- Up-to-date symlink: /home/jagadeesh97/ros2_ws/install/examples_rclcpp_wait_set/lib/liblistener.so
-- Up-to-date symlink: /home/jagadeesh97/ros2_ws/install/examples_rclcpp_wait_set/lib/examples_rclcpp_wait_set/wait_set
-- Up-to-date symlink: /home/jagadeesh97/ros2_ws/install/examples_rclcpp_wait_set/lib/examples_rclcpp_wait_set/static_wait_set
-- Up-to-date symlink: /home/jagadeesh97/ros2_ws/install/examples_rclcpp_wait_set/lib/examples_rclcpp_wait_set/thread_safe_wait_set
-- Up-to-date symlink: /home/jagadeesh97/ros2_ws/install/examples_rclcpp_wait_set/lib/examples_rclcpp_wait_set/wait_set_topics_and_timer
-- Up-to-date symlink: /home/jagadeesh97/ros2_ws/install/examples_rclcpp_wait_set/lib/examples_rclcpp_wait_set/wait_set_random_order
-- Up-to-date symlink: /home/jagadeesh97/ros2_ws/install/examples_rclcpp_wait_set/lib/examples_rclcpp_wait_set/executor_random_order
-- Up-to-date symlink: /home/jagadeesh97/ros2_ws/install/examples_rclcpp_wait_set/lib/examples_rclcpp_wait_set/wait_set_topics_with_different_rates
-- Up-to-date symlink: /home/jagadeesh97/ros2_ws/install/examples_rclcpp_wait_set/lib/examples_rclcpp_wait_set/wait_set_composed
-- Up-to-date symlink: /home/jagadeesh97/ros2_ws/install/examples_rclcpp_wait_set/share/ament_index/resource_index/package_run_dependencies/examples_rclcpp_wait_set
-- Up-to-date symlink: /home/jagadeesh97/ros2_ws/install/examples_rclcpp_wait_set/share/ament_index/resource_index/parent_prefix_path/examples_rclcpp_wait_set
-- Up-to-date symlink: /home/jagadeesh97/ros2_ws/install/examples_rclcpp_wait_set/share/examples_rclcpp_wait_set/environment/ament_prefix_path.sh
-- Up-to-date symlink: /home/jagadeesh97/ros2_ws/install/examples_rclcpp_wait_set/share/examples_rclcpp_wait_set/environment/ament_prefix_path.dsv
-- Up-to-date symlink: /home/jagadeesh97/ros2_ws/install/examples_rclcpp_wait_set/share/examples_rclcpp_wait_set/environment/path.sh
-- Up-to-date symlink: /home/jagadeesh97/ros2_ws/install/examples_rclcpp_wait_set/share/examples_rclcpp_wait_set/environment/path.dsv
-- Up-to-date symlink: /home/jagadeesh97/ros2_ws/install/examples_rclcpp_wait_set/share/examples_rclcpp_wait_set/local_setup.bash
-- Up-to-date symlink: /home/jagadeesh97/ros2_ws/install/examples_rclcpp_wait_set/share/examples_rclcpp_wait_set/local_setup.sh
-- Up-to-date symlink: /home/jagadeesh97/ros2_ws/install/examples_rclcpp_wait_set/share/examples_rclcpp_wait_set/local_setup.zsh
-- Up-to-date symlink: /home/jagadeesh97/ros2_ws/install/examples_rclcpp_wait_set/share/examples_rclcpp_wait_set/local_setup.dsv
-- Symlinking: /home/jagadeesh97/ros2_ws/install/examples_rclcpp_wait_set/share/examples_rclcpp_wait_set/package.dsv
-- Up-to-date symlink: /home/jagadeesh97/ros2_ws/install/examples_rclcpp_wait_set/share/ament_index/resource_index/packages/examples_rclcpp_wait_set
-- Up-to-date symlink: /home/jagadeesh97/ros2_ws/install/examples_rclcpp_wait_set/share/ament_index/resource_index/rclcpp_components/examples_rclcpp_wait_set
-- Up-to-date symlink: /home/jagadeesh97/ros2_ws/install/examples_rclcpp_wait_set/share/examples_rclcpp_wait_set/cmake/examples_rclcpp_wait_setConfig.cmake
-- Up-to-date symlink: /home/jagadeesh97/ros2_ws/install/examples_rclcpp_wait_set/share/examples_rclcpp_wait_set/cmake/examples_rclcpp_wait_setConfig-version.cmake
-- Up-to-date symlink: /home/jagadeesh97/ros2_ws/install/examples_rclcpp_wait_set/share/examples_rclcpp_wait_set/package.xml
