[0.116s] Invoking command in '/home/jagadeesh97/ros2_ws/build/examples_rclcpp_wait_set': CMAKE_PREFIX_PATH=${CMAKE_PREFIX_PATH}:/home/jagadeesh97/ros2_ws/install/my_py_pkg:/home/jagadeesh97/ros2_ws/install/launch_testing_examples:/home/jagadeesh97/ros2_ws/install/examples_rclpy_pointcloud_publisher:/home/jagadeesh97/ros2_ws/install/examples_rclpy_minimal_subscriber:/home/jagadeesh97/ros2_ws/install/examples_rclpy_minimal_service:/home/jagadeesh97/ros2_ws/install/examples_rclpy_minimal_publisher:/home/jagadeesh97/ros2_ws/install/examples_rclpy_minimal_client:/home/jagadeesh97/ros2_ws/install/examples_rclpy_minimal_action_server:/home/jagadeesh97/ros2_ws/install/examples_rclpy_minimal_action_client:/home/jagadeesh97/ros2_ws/install/examples_rclpy_guard_conditions:/home/jagadeesh97/ros2_ws/install/examples_rclpy_executors:/opt/ros/jazzy DEBUGINFOD_URLS=https://debuginfod.ubuntu.com /usr/bin/cmake /home/jagadeesh97/ros2_ws/src/examples/rclcpp/wait_set -DCMAKE_INSTALL_PREFIX=/home/jagadeesh97/ros2_ws/install/examples_rclcpp_wait_set
[1.650s] -- Found ament_cmake: 2.5.0 (/opt/ros/jazzy/share/ament_cmake/cmake)
[1.651s] -- Override CMake install command with custom implementation using symlinks instead of copying resources
[1.652s] -- Found example_interfaces: 0.12.0 (/opt/ros/jazzy/share/example_interfaces/cmake)
[1.652s] -- Found rosidl_generator_c: 4.6.2 (/opt/ros/jazzy/share/rosidl_generator_c/cmake)
[1.652s] -- Found rosidl_generator_cpp: 4.6.2 (/opt/ros/jazzy/share/rosidl_generator_cpp/cmake)
[1.652s] -- Using all available rosidl_typesupport_c: rosidl_typesupport_fastrtps_c;rosidl_typesupport_introspection_c
[1.652s] -- Using all available rosidl_typesupport_cpp: rosidl_typesupport_fastrtps_cpp;rosidl_typesupport_introspection_cpp
[1.652s] -- Found rclcpp: 28.1.2 (/opt/ros/jazzy/share/rclcpp/cmake)
[1.652s] -- Found rmw_implementation_cmake: 7.3.1 (/opt/ros/jazzy/share/rmw_implementation_cmake/cmake)
[1.652s] -- Found rmw_fastrtps_cpp: 8.4.0 (/opt/ros/jazzy/share/rmw_fastrtps_cpp/cmake)
[1.652s] -- Using RMW implementation 'rmw_fastrtps_cpp' as default
[1.653s] -- Found rclcpp_components: 28.1.2 (/opt/ros/jazzy/share/rclcpp_components/cmake)
[1.653s] -- Found std_msgs: 5.3.5 (/opt/ros/jazzy/share/std_msgs/cmake)
[1.653s] -- Found ament_lint_auto: 0.17.0 (/opt/ros/jazzy/share/ament_lint_auto/cmake)
[1.653s] -- Added test 'copyright' to check source files copyright and LICENSE
[1.653s] -- Added test 'cppcheck' to perform static code analysis on C / C++ code
[1.653s] -- Configured cppcheck include dirs: /home/jagadeesh97/ros2_ws/src/examples/rclcpp/wait_set/include
[1.653s] -- Configured cppcheck exclude dirs and/or files: 
[1.653s] -- Added test 'cpplint' to check C / C++ code against the Google style
[1.653s] -- Configured cpplint exclude dirs and/or files: 
[1.653s] -- Added test 'lint_cmake' to check CMake code style
[1.654s] -- Added test 'uncrustify' to check C / C++ code style
[1.654s] -- Configured uncrustify additional arguments: 
[1.654s] -- Added test 'xmllint' to check XML markup files
[1.654s] -- Configuring done (1.4s)
[1.654s] -- Generating done (0.0s)
[1.654s] -- Build files have been written to: /home/jagadeesh97/ros2_ws/build/examples_rclcpp_wait_set
[1.692s] Invoked command in '/home/jagadeesh97/ros2_ws/build/examples_rclcpp_wait_set' returned '0': CMAKE_PREFIX_PATH=${CMAKE_PREFIX_PATH}:/home/jagadeesh97/ros2_ws/install/my_py_pkg:/home/jagadeesh97/ros2_ws/install/launch_testing_examples:/home/jagadeesh97/ros2_ws/install/examples_rclpy_pointcloud_publisher:/home/jagadeesh97/ros2_ws/install/examples_rclpy_minimal_subscriber:/home/jagadeesh97/ros2_ws/install/examples_rclpy_minimal_service:/home/jagadeesh97/ros2_ws/install/examples_rclpy_minimal_publisher:/home/jagadeesh97/ros2_ws/install/examples_rclpy_minimal_client:/home/jagadeesh97/ros2_ws/install/examples_rclpy_minimal_action_server:/home/jagadeesh97/ros2_ws/install/examples_rclpy_minimal_action_client:/home/jagadeesh97/ros2_ws/install/examples_rclpy_guard_conditions:/home/jagadeesh97/ros2_ws/install/examples_rclpy_executors:/opt/ros/jazzy DEBUGINFOD_URLS=https://debuginfod.ubuntu.com /usr/bin/cmake /home/jagadeesh97/ros2_ws/src/examples/rclcpp/wait_set -DCMAKE_INSTALL_PREFIX=/home/jagadeesh97/ros2_ws/install/examples_rclcpp_wait_set
[1.693s] Invoking command in '/home/jagadeesh97/ros2_ws/build/examples_rclcpp_wait_set': CMAKE_PREFIX_PATH=${CMAKE_PREFIX_PATH}:/home/jagadeesh97/ros2_ws/install/my_py_pkg:/home/jagadeesh97/ros2_ws/install/launch_testing_examples:/home/jagadeesh97/ros2_ws/install/examples_rclpy_pointcloud_publisher:/home/jagadeesh97/ros2_ws/install/examples_rclpy_minimal_subscriber:/home/jagadeesh97/ros2_ws/install/examples_rclpy_minimal_service:/home/jagadeesh97/ros2_ws/install/examples_rclpy_minimal_publisher:/home/jagadeesh97/ros2_ws/install/examples_rclpy_minimal_client:/home/jagadeesh97/ros2_ws/install/examples_rclpy_minimal_action_server:/home/jagadeesh97/ros2_ws/install/examples_rclpy_minimal_action_client:/home/jagadeesh97/ros2_ws/install/examples_rclpy_guard_conditions:/home/jagadeesh97/ros2_ws/install/examples_rclpy_executors:/opt/ros/jazzy DEBUGINFOD_URLS=https://debuginfod.ubuntu.com /usr/bin/cmake --build /home/jagadeesh97/ros2_ws/build/examples_rclcpp_wait_set -- -j16 -l16
[1.917s] [  8%] Built target talker
[1.941s] [ 16%] Built target wait_set
[1.941s] [ 25%] Built target wait_set_random_order
[1.941s] [ 33%] Built target static_wait_set
[1.942s] [ 41%] Built target wait_set_topics_and_timer
[1.946s] [ 50%] Built target listener
[1.950s] [ 58%] Built target wait_set_listener
[1.950s] [ 66%] Built target wait_set_talker
[1.961s] [ 75%] Built target executor_random_order
[1.962s] [ 83%] Built target thread_safe_wait_set
[1.964s] [ 91%] Built target wait_set_topics_with_different_rates
[2.005s] [100%] Built target wait_set_composed
[2.041s] Invoked command in '/home/jagadeesh97/ros2_ws/build/examples_rclcpp_wait_set' returned '0': CMAKE_PREFIX_PATH=${CMAKE_PREFIX_PATH}:/home/jagadeesh97/ros2_ws/install/my_py_pkg:/home/jagadeesh97/ros2_ws/install/launch_testing_examples:/home/jagadeesh97/ros2_ws/install/examples_rclpy_pointcloud_publisher:/home/jagadeesh97/ros2_ws/install/examples_rclpy_minimal_subscriber:/home/jagadeesh97/ros2_ws/install/examples_rclpy_minimal_service:/home/jagadeesh97/ros2_ws/install/examples_rclpy_minimal_publisher:/home/jagadeesh97/ros2_ws/install/examples_rclpy_minimal_client:/home/jagadeesh97/ros2_ws/install/examples_rclpy_minimal_action_server:/home/jagadeesh97/ros2_ws/install/examples_rclpy_minimal_action_client:/home/jagadeesh97/ros2_ws/install/examples_rclpy_guard_conditions:/home/jagadeesh97/ros2_ws/install/examples_rclpy_executors:/opt/ros/jazzy DEBUGINFOD_URLS=https://debuginfod.ubuntu.com /usr/bin/cmake --build /home/jagadeesh97/ros2_ws/build/examples_rclcpp_wait_set -- -j16 -l16
[2.225s] Invoking command in '/home/jagadeesh97/ros2_ws/build/examples_rclcpp_wait_set': CMAKE_PREFIX_PATH=${CMAKE_PREFIX_PATH}:/home/jagadeesh97/ros2_ws/install/my_py_pkg:/home/jagadeesh97/ros2_ws/install/launch_testing_examples:/home/jagadeesh97/ros2_ws/install/examples_rclpy_pointcloud_publisher:/home/jagadeesh97/ros2_ws/install/examples_rclpy_minimal_subscriber:/home/jagadeesh97/ros2_ws/install/examples_rclpy_minimal_service:/home/jagadeesh97/ros2_ws/install/examples_rclpy_minimal_publisher:/home/jagadeesh97/ros2_ws/install/examples_rclpy_minimal_client:/home/jagadeesh97/ros2_ws/install/examples_rclpy_minimal_action_server:/home/jagadeesh97/ros2_ws/install/examples_rclpy_minimal_action_client:/home/jagadeesh97/ros2_ws/install/examples_rclpy_guard_conditions:/home/jagadeesh97/ros2_ws/install/examples_rclpy_executors:/opt/ros/jazzy DEBUGINFOD_URLS=https://debuginfod.ubuntu.com /usr/bin/cmake --install /home/jagadeesh97/ros2_ws/build/examples_rclcpp_wait_set
[2.269s] -- Install configuration: ""
[2.269s] -- Execute custom install script
[2.269s] -- Up-to-date symlink: /home/jagadeesh97/ros2_ws/install/examples_rclcpp_wait_set/lib/examples_rclcpp_wait_set/wait_set_talker
[2.270s] -- Up-to-date symlink: /home/jagadeesh97/ros2_ws/install/examples_rclcpp_wait_set/lib/examples_rclcpp_wait_set/wait_set_listener
[2.270s] -- Up-to-date symlink: /home/jagadeesh97/ros2_ws/install/examples_rclcpp_wait_set/lib/libtalker.so
[2.271s] -- Up-to-date symlink: /home/jagadeesh97/ros2_ws/install/examples_rclcpp_wait_set/lib/liblistener.so
[2.271s] -- Up-to-date symlink: /home/jagadeesh97/ros2_ws/install/examples_rclcpp_wait_set/lib/examples_rclcpp_wait_set/wait_set
[2.271s] -- Up-to-date symlink: /home/jagadeesh97/ros2_ws/install/examples_rclcpp_wait_set/lib/examples_rclcpp_wait_set/static_wait_set
[2.272s] -- Up-to-date symlink: /home/jagadeesh97/ros2_ws/install/examples_rclcpp_wait_set/lib/examples_rclcpp_wait_set/thread_safe_wait_set
[2.272s] -- Up-to-date symlink: /home/jagadeesh97/ros2_ws/install/examples_rclcpp_wait_set/lib/examples_rclcpp_wait_set/wait_set_topics_and_timer
[2.272s] -- Up-to-date symlink: /home/jagadeesh97/ros2_ws/install/examples_rclcpp_wait_set/lib/examples_rclcpp_wait_set/wait_set_random_order
[2.272s] -- Up-to-date symlink: /home/jagadeesh97/ros2_ws/install/examples_rclcpp_wait_set/lib/examples_rclcpp_wait_set/executor_random_order
[2.272s] -- Up-to-date symlink: /home/jagadeesh97/ros2_ws/install/examples_rclcpp_wait_set/lib/examples_rclcpp_wait_set/wait_set_topics_with_different_rates
[2.272s] -- Up-to-date symlink: /home/jagadeesh97/ros2_ws/install/examples_rclcpp_wait_set/lib/examples_rclcpp_wait_set/wait_set_composed
[2.272s] -- Up-to-date symlink: /home/jagadeesh97/ros2_ws/install/examples_rclcpp_wait_set/share/ament_index/resource_index/package_run_dependencies/examples_rclcpp_wait_set
[2.272s] -- Up-to-date symlink: /home/jagadeesh97/ros2_ws/install/examples_rclcpp_wait_set/share/ament_index/resource_index/parent_prefix_path/examples_rclcpp_wait_set
[2.273s] -- Up-to-date symlink: /home/jagadeesh97/ros2_ws/install/examples_rclcpp_wait_set/share/examples_rclcpp_wait_set/environment/ament_prefix_path.sh
[2.273s] -- Up-to-date symlink: /home/jagadeesh97/ros2_ws/install/examples_rclcpp_wait_set/share/examples_rclcpp_wait_set/environment/ament_prefix_path.dsv
[2.273s] -- Up-to-date symlink: /home/jagadeesh97/ros2_ws/install/examples_rclcpp_wait_set/share/examples_rclcpp_wait_set/environment/path.sh
[2.273s] -- Up-to-date symlink: /home/jagadeesh97/ros2_ws/install/examples_rclcpp_wait_set/share/examples_rclcpp_wait_set/environment/path.dsv
[2.273s] -- Up-to-date symlink: /home/jagadeesh97/ros2_ws/install/examples_rclcpp_wait_set/share/examples_rclcpp_wait_set/local_setup.bash
[2.273s] -- Up-to-date symlink: /home/jagadeesh97/ros2_ws/install/examples_rclcpp_wait_set/share/examples_rclcpp_wait_set/local_setup.sh
[2.273s] -- Up-to-date symlink: /home/jagadeesh97/ros2_ws/install/examples_rclcpp_wait_set/share/examples_rclcpp_wait_set/local_setup.zsh
[2.273s] -- Up-to-date symlink: /home/jagadeesh97/ros2_ws/install/examples_rclcpp_wait_set/share/examples_rclcpp_wait_set/local_setup.dsv
[2.274s] -- Symlinking: /home/jagadeesh97/ros2_ws/install/examples_rclcpp_wait_set/share/examples_rclcpp_wait_set/package.dsv
[2.274s] -- Up-to-date symlink: /home/jagadeesh97/ros2_ws/install/examples_rclcpp_wait_set/share/ament_index/resource_index/packages/examples_rclcpp_wait_set
[2.274s] -- Up-to-date symlink: /home/jagadeesh97/ros2_ws/install/examples_rclcpp_wait_set/share/ament_index/resource_index/rclcpp_components/examples_rclcpp_wait_set
[2.274s] -- Up-to-date symlink: /home/jagadeesh97/ros2_ws/install/examples_rclcpp_wait_set/share/examples_rclcpp_wait_set/cmake/examples_rclcpp_wait_setConfig.cmake
[2.274s] -- Up-to-date symlink: /home/jagadeesh97/ros2_ws/install/examples_rclcpp_wait_set/share/examples_rclcpp_wait_set/cmake/examples_rclcpp_wait_setConfig-version.cmake
[2.274s] -- Up-to-date symlink: /home/jagadeesh97/ros2_ws/install/examples_rclcpp_wait_set/share/examples_rclcpp_wait_set/package.xml
[2.389s] Invoked command in '/home/jagadeesh97/ros2_ws/build/examples_rclcpp_wait_set' returned '0': CMAKE_PREFIX_PATH=${CMAKE_PREFIX_PATH}:/home/jagadeesh97/ros2_ws/install/my_py_pkg:/home/jagadeesh97/ros2_ws/install/launch_testing_examples:/home/jagadeesh97/ros2_ws/install/examples_rclpy_pointcloud_publisher:/home/jagadeesh97/ros2_ws/install/examples_rclpy_minimal_subscriber:/home/jagadeesh97/ros2_ws/install/examples_rclpy_minimal_service:/home/jagadeesh97/ros2_ws/install/examples_rclpy_minimal_publisher:/home/jagadeesh97/ros2_ws/install/examples_rclpy_minimal_client:/home/jagadeesh97/ros2_ws/install/examples_rclpy_minimal_action_server:/home/jagadeesh97/ros2_ws/install/examples_rclpy_minimal_action_client:/home/jagadeesh97/ros2_ws/install/examples_rclpy_guard_conditions:/home/jagadeesh97/ros2_ws/install/examples_rclpy_executors:/opt/ros/jazzy DEBUGINFOD_URLS=https://debuginfod.ubuntu.com /usr/bin/cmake --install /home/jagadeesh97/ros2_ws/build/examples_rclcpp_wait_set
