[3.658s] Invoking command in '/home/jagadeesh97/ros2_ws/build/examples_rclpy_minimal_action_server': DEBUGINFOD_URLS=https://debuginfod.ubuntu.com PYTHONPATH=/home/jagadeesh97/ros2_ws/build/examples_rclpy_minimal_action_server/prefix_override:/usr/lib/python3/dist-packages/colcon_core/task/python/colcon_distutils_commands:/home/jagadeesh97/ros2_ws/install/examples_rclpy_minimal_action_server/lib/python3.12/site-packages:${PYTHONPATH} /usr/bin/python3 -W ignore:setup.py install is deprecated setup.py develop --uninstall --editable --build-directory /home/jagadeesh97/ros2_ws/build/examples_rclpy_minimal_action_server/build
[4.000s] running develop
[4.000s] /usr/lib/python3/dist-packages/setuptools/command/develop.py:40: EasyInstallDeprecationWarning: easy_install command is deprecated.
[4.000s] !!
[4.000s] 
[4.000s]         ********************************************************************************
[4.001s]         Please avoid running ``setup.py`` and ``easy_install``.
[4.001s]         Instead, use pypa/build, pypa/installer or other
[4.001s]         standards-based tools.
[4.001s] 
[4.001s]         See https://github.com/pypa/setuptools/issues/917 for details.
[4.001s]         ********************************************************************************
[4.001s] 
[4.001s] !!
[4.002s]   easy_install.initialize_options(self)
[4.274s] Removing /home/jagadeesh97/ros2_ws/install/examples_rclpy_minimal_action_server/lib/python3.12/site-packages/examples-rclpy-minimal-action-server.egg-link (link to .)
[4.333s] Invoked command in '/home/jagadeesh97/ros2_ws/build/examples_rclpy_minimal_action_server' returned '0': DEBUGINFOD_URLS=https://debuginfod.ubuntu.com PYTHONPATH=/home/jagadeesh97/ros2_ws/build/examples_rclpy_minimal_action_server/prefix_override:/usr/lib/python3/dist-packages/colcon_core/task/python/colcon_distutils_commands:/home/jagadeesh97/ros2_ws/install/examples_rclpy_minimal_action_server/lib/python3.12/site-packages:${PYTHONPATH} /usr/bin/python3 -W ignore:setup.py install is deprecated setup.py develop --uninstall --editable --build-directory /home/jagadeesh97/ros2_ws/build/examples_rclpy_minimal_action_server/build
[4.336s] Invoking command in '/home/jagadeesh97/ros2_ws/src/examples/rclpy/actions/minimal_action_server': DEBUGINFOD_URLS=https://debuginfod.ubuntu.com PYTHONPATH=/home/jagadeesh97/ros2_ws/build/examples_rclpy_minimal_action_server/prefix_override:/usr/lib/python3/dist-packages/colcon_core/task/python/colcon_distutils_commands:/home/jagadeesh97/ros2_ws/install/examples_rclpy_minimal_action_server/lib/python3.12/site-packages:${PYTHONPATH} /usr/bin/python3 -W ignore:setup.py install is deprecated setup.py egg_info --egg-base ../../../../../build/examples_rclpy_minimal_action_server build --build-base /home/jagadeesh97/ros2_ws/build/examples_rclpy_minimal_action_server/build install --record /home/jagadeesh97/ros2_ws/build/examples_rclpy_minimal_action_server/install.log --single-version-externally-managed install_data --force
[4.899s] running egg_info
[4.929s] writing ../../../../../build/examples_rclpy_minimal_action_server/examples_rclpy_minimal_action_server.egg-info/PKG-INFO
[4.929s] writing dependency_links to ../../../../../build/examples_rclpy_minimal_action_server/examples_rclpy_minimal_action_server.egg-info/dependency_links.txt
[4.929s] writing entry points to ../../../../../build/examples_rclpy_minimal_action_server/examples_rclpy_minimal_action_server.egg-info/entry_points.txt
[4.929s] writing requirements to ../../../../../build/examples_rclpy_minimal_action_server/examples_rclpy_minimal_action_server.egg-info/requires.txt
[4.930s] writing top-level names to ../../../../../build/examples_rclpy_minimal_action_server/examples_rclpy_minimal_action_server.egg-info/top_level.txt
[4.984s] reading manifest file '../../../../../build/examples_rclpy_minimal_action_server/examples_rclpy_minimal_action_server.egg-info/SOURCES.txt'
[4.986s] writing manifest file '../../../../../build/examples_rclpy_minimal_action_server/examples_rclpy_minimal_action_server.egg-info/SOURCES.txt'
[4.986s] running build
[4.986s] running build_py
[4.987s] creating /home/jagadeesh97/ros2_ws/build/examples_rclpy_minimal_action_server/build
[4.987s] creating /home/jagadeesh97/ros2_ws/build/examples_rclpy_minimal_action_server/build/lib
[4.987s] creating /home/jagadeesh97/ros2_ws/build/examples_rclpy_minimal_action_server/build/lib/examples_rclpy_minimal_action_server
[4.987s] copying examples_rclpy_minimal_action_server/server.py -> /home/jagadeesh97/ros2_ws/build/examples_rclpy_minimal_action_server/build/lib/examples_rclpy_minimal_action_server
[4.988s] copying examples_rclpy_minimal_action_server/server_defer.py -> /home/jagadeesh97/ros2_ws/build/examples_rclpy_minimal_action_server/build/lib/examples_rclpy_minimal_action_server
[4.988s] copying examples_rclpy_minimal_action_server/server_single_goal.py -> /home/jagadeesh97/ros2_ws/build/examples_rclpy_minimal_action_server/build/lib/examples_rclpy_minimal_action_server
[4.988s] copying examples_rclpy_minimal_action_server/server_queue_goals.py -> /home/jagadeesh97/ros2_ws/build/examples_rclpy_minimal_action_server/build/lib/examples_rclpy_minimal_action_server
[4.988s] copying examples_rclpy_minimal_action_server/server_not_composable.py -> /home/jagadeesh97/ros2_ws/build/examples_rclpy_minimal_action_server/build/lib/examples_rclpy_minimal_action_server
[4.988s] copying examples_rclpy_minimal_action_server/__init__.py -> /home/jagadeesh97/ros2_ws/build/examples_rclpy_minimal_action_server/build/lib/examples_rclpy_minimal_action_server
[4.989s] running install
[4.999s] running install_lib
[5.031s] creating /home/jagadeesh97/ros2_ws/install/examples_rclpy_minimal_action_server/lib/python3.12/site-packages/examples_rclpy_minimal_action_server
[5.031s] copying /home/jagadeesh97/ros2_ws/build/examples_rclpy_minimal_action_server/build/lib/examples_rclpy_minimal_action_server/server.py -> /home/jagadeesh97/ros2_ws/install/examples_rclpy_minimal_action_server/lib/python3.12/site-packages/examples_rclpy_minimal_action_server
[5.032s] copying /home/jagadeesh97/ros2_ws/build/examples_rclpy_minimal_action_server/build/lib/examples_rclpy_minimal_action_server/server_defer.py -> /home/jagadeesh97/ros2_ws/install/examples_rclpy_minimal_action_server/lib/python3.12/site-packages/examples_rclpy_minimal_action_server
[5.032s] copying /home/jagadeesh97/ros2_ws/build/examples_rclpy_minimal_action_server/build/lib/examples_rclpy_minimal_action_server/server_single_goal.py -> /home/jagadeesh97/ros2_ws/install/examples_rclpy_minimal_action_server/lib/python3.12/site-packages/examples_rclpy_minimal_action_server
[5.032s] copying /home/jagadeesh97/ros2_ws/build/examples_rclpy_minimal_action_server/build/lib/examples_rclpy_minimal_action_server/server_queue_goals.py -> /home/jagadeesh97/ros2_ws/install/examples_rclpy_minimal_action_server/lib/python3.12/site-packages/examples_rclpy_minimal_action_server
[5.032s] copying /home/jagadeesh97/ros2_ws/build/examples_rclpy_minimal_action_server/build/lib/examples_rclpy_minimal_action_server/server_not_composable.py -> /home/jagadeesh97/ros2_ws/install/examples_rclpy_minimal_action_server/lib/python3.12/site-packages/examples_rclpy_minimal_action_server
[5.032s] copying /home/jagadeesh97/ros2_ws/build/examples_rclpy_minimal_action_server/build/lib/examples_rclpy_minimal_action_server/__init__.py -> /home/jagadeesh97/ros2_ws/install/examples_rclpy_minimal_action_server/lib/python3.12/site-packages/examples_rclpy_minimal_action_server
[5.033s] byte-compiling /home/jagadeesh97/ros2_ws/install/examples_rclpy_minimal_action_server/lib/python3.12/site-packages/examples_rclpy_minimal_action_server/server.py to server.cpython-312.pyc
[5.035s] byte-compiling /home/jagadeesh97/ros2_ws/install/examples_rclpy_minimal_action_server/lib/python3.12/site-packages/examples_rclpy_minimal_action_server/server_defer.py to server_defer.cpython-312.pyc
[5.037s] byte-compiling /home/jagadeesh97/ros2_ws/install/examples_rclpy_minimal_action_server/lib/python3.12/site-packages/examples_rclpy_minimal_action_server/server_single_goal.py to server_single_goal.cpython-312.pyc
[5.038s] byte-compiling /home/jagadeesh97/ros2_ws/install/examples_rclpy_minimal_action_server/lib/python3.12/site-packages/examples_rclpy_minimal_action_server/server_queue_goals.py to server_queue_goals.cpython-312.pyc
[5.041s] byte-compiling /home/jagadeesh97/ros2_ws/install/examples_rclpy_minimal_action_server/lib/python3.12/site-packages/examples_rclpy_minimal_action_server/server_not_composable.py to server_not_composable.cpython-312.pyc
[5.042s] byte-compiling /home/jagadeesh97/ros2_ws/install/examples_rclpy_minimal_action_server/lib/python3.12/site-packages/examples_rclpy_minimal_action_server/__init__.py to __init__.cpython-312.pyc
[5.042s] running install_data
[5.042s] copying resource/examples_rclpy_minimal_action_server -> /home/jagadeesh97/ros2_ws/install/examples_rclpy_minimal_action_server/share/ament_index/resource_index/packages
[5.042s] copying package.xml -> /home/jagadeesh97/ros2_ws/install/examples_rclpy_minimal_action_server/share/examples_rclpy_minimal_action_server
[5.043s] running install_egg_info
[5.074s] Copying ../../../../../build/examples_rclpy_minimal_action_server/examples_rclpy_minimal_action_server.egg-info to /home/jagadeesh97/ros2_ws/install/examples_rclpy_minimal_action_server/lib/python3.12/site-packages/examples_rclpy_minimal_action_server-0.19.4-py3.12.egg-info
[5.076s] running install_scripts
[5.292s] Installing server script to /home/jagadeesh97/ros2_ws/install/examples_rclpy_minimal_action_server/lib/examples_rclpy_minimal_action_server
[5.292s] Installing server_defer script to /home/jagadeesh97/ros2_ws/install/examples_rclpy_minimal_action_server/lib/examples_rclpy_minimal_action_server
[5.292s] Installing server_not_composable script to /home/jagadeesh97/ros2_ws/install/examples_rclpy_minimal_action_server/lib/examples_rclpy_minimal_action_server
[5.292s] Installing server_queue_goals script to /home/jagadeesh97/ros2_ws/install/examples_rclpy_minimal_action_server/lib/examples_rclpy_minimal_action_server
[5.292s] Installing server_single_goal script to /home/jagadeesh97/ros2_ws/install/examples_rclpy_minimal_action_server/lib/examples_rclpy_minimal_action_server
[5.293s] writing list of installed files to '/home/jagadeesh97/ros2_ws/build/examples_rclpy_minimal_action_server/install.log'
[5.391s] Invoked command in '/home/jagadeesh97/ros2_ws/src/examples/rclpy/actions/minimal_action_server' returned '0': DEBUGINFOD_URLS=https://debuginfod.ubuntu.com PYTHONPATH=/home/jagadeesh97/ros2_ws/build/examples_rclpy_minimal_action_server/prefix_override:/usr/lib/python3/dist-packages/colcon_core/task/python/colcon_distutils_commands:/home/jagadeesh97/ros2_ws/install/examples_rclpy_minimal_action_server/lib/python3.12/site-packages:${PYTHONPATH} /usr/bin/python3 -W ignore:setup.py install is deprecated setup.py egg_info --egg-base ../../../../../build/examples_rclpy_minimal_action_server build --build-base /home/jagadeesh97/ros2_ws/build/examples_rclpy_minimal_action_server/build install --record /home/jagadeesh97/ros2_ws/build/examples_rclpy_minimal_action_server/install.log --single-version-externally-managed install_data --force
