[0.115s] Invoking command in '/home/jagadeesh97/ros2_ws/build/examples_rclcpp_minimal_timer': CMAKE_PREFIX_PATH=${CMAKE_PREFIX_PATH}:/home/jagadeesh97/ros2_ws/install/my_py_pkg:/home/jagadeesh97/ros2_ws/install/launch_testing_examples:/home/jagadeesh97/ros2_ws/install/examples_rclpy_pointcloud_publisher:/home/jagadeesh97/ros2_ws/install/examples_rclpy_minimal_subscriber:/home/jagadeesh97/ros2_ws/install/examples_rclpy_minimal_service:/home/jagadeesh97/ros2_ws/install/examples_rclpy_minimal_publisher:/home/jagadeesh97/ros2_ws/install/examples_rclpy_minimal_client:/home/jagadeesh97/ros2_ws/install/examples_rclpy_minimal_action_server:/home/jagadeesh97/ros2_ws/install/examples_rclpy_minimal_action_client:/home/jagadeesh97/ros2_ws/install/examples_rclpy_guard_conditions:/home/jagadeesh97/ros2_ws/install/examples_rclpy_executors:/opt/ros/jazzy DEBUGINFOD_URLS=https://debuginfod.ubuntu.com /usr/bin/cmake /home/jagadeesh97/ros2_ws/src/examples/rclcpp/timers/minimal_timer -DCMAKE_INSTALL_PREFIX=/home/jagadeesh97/ros2_ws/install/examples_rclcpp_minimal_timer
[1.656s] -- Found ament_cmake: 2.5.0 (/opt/ros/jazzy/share/ament_cmake/cmake)
[1.656s] -- Override CMake install command with custom implementation using symlinks instead of copying resources
[1.656s] -- Found rclcpp: 28.1.2 (/opt/ros/jazzy/share/rclcpp/cmake)
[1.656s] -- Found rosidl_generator_c: 4.6.2 (/opt/ros/jazzy/share/rosidl_generator_c/cmake)
[1.656s] -- Found rosidl_generator_cpp: 4.6.2 (/opt/ros/jazzy/share/rosidl_generator_cpp/cmake)
[1.656s] -- Using all available rosidl_typesupport_c: rosidl_typesupport_fastrtps_c;rosidl_typesupport_introspection_c
[1.656s] -- Using all available rosidl_typesupport_cpp: rosidl_typesupport_fastrtps_cpp;rosidl_typesupport_introspection_cpp
[1.656s] -- Found rmw_implementation_cmake: 7.3.1 (/opt/ros/jazzy/share/rmw_implementation_cmake/cmake)
[1.656s] -- Found rmw_fastrtps_cpp: 8.4.0 (/opt/ros/jazzy/share/rmw_fastrtps_cpp/cmake)
[1.657s] -- Using RMW implementation 'rmw_fastrtps_cpp' as default
[1.657s] -- Found ament_lint_auto: 0.17.0 (/opt/ros/jazzy/share/ament_lint_auto/cmake)
[1.657s] -- Added test 'copyright' to check source files copyright and LICENSE
[1.657s] -- Added test 'cppcheck' to perform static code analysis on C / C++ code
[1.657s] -- Configured cppcheck include dirs: 
[1.657s] -- Configured cppcheck exclude dirs and/or files: 
[1.657s] -- Added test 'cpplint' to check C / C++ code against the Google style
[1.657s] -- Configured cpplint exclude dirs and/or files: 
[1.657s] -- Added test 'lint_cmake' to check CMake code style
[1.657s] -- Added test 'uncrustify' to check C / C++ code style
[1.657s] -- Configured uncrustify additional arguments: 
[1.658s] -- Added test 'xmllint' to check XML markup files
[1.658s] -- Configuring done (1.2s)
[1.658s] -- Generating done (0.0s)
[1.658s] -- Build files have been written to: /home/jagadeesh97/ros2_ws/build/examples_rclcpp_minimal_timer
[1.669s] Invoked command in '/home/jagadeesh97/ros2_ws/build/examples_rclcpp_minimal_timer' returned '0': CMAKE_PREFIX_PATH=${CMAKE_PREFIX_PATH}:/home/jagadeesh97/ros2_ws/install/my_py_pkg:/home/jagadeesh97/ros2_ws/install/launch_testing_examples:/home/jagadeesh97/ros2_ws/install/examples_rclpy_pointcloud_publisher:/home/jagadeesh97/ros2_ws/install/examples_rclpy_minimal_subscriber:/home/jagadeesh97/ros2_ws/install/examples_rclpy_minimal_service:/home/jagadeesh97/ros2_ws/install/examples_rclpy_minimal_publisher:/home/jagadeesh97/ros2_ws/install/examples_rclpy_minimal_client:/home/jagadeesh97/ros2_ws/install/examples_rclpy_minimal_action_server:/home/jagadeesh97/ros2_ws/install/examples_rclpy_minimal_action_client:/home/jagadeesh97/ros2_ws/install/examples_rclpy_guard_conditions:/home/jagadeesh97/ros2_ws/install/examples_rclpy_executors:/opt/ros/jazzy DEBUGINFOD_URLS=https://debuginfod.ubuntu.com /usr/bin/cmake /home/jagadeesh97/ros2_ws/src/examples/rclcpp/timers/minimal_timer -DCMAKE_INSTALL_PREFIX=/home/jagadeesh97/ros2_ws/install/examples_rclcpp_minimal_timer
[1.671s] Invoking command in '/home/jagadeesh97/ros2_ws/build/examples_rclcpp_minimal_timer': CMAKE_PREFIX_PATH=${CMAKE_PREFIX_PATH}:/home/jagadeesh97/ros2_ws/install/my_py_pkg:/home/jagadeesh97/ros2_ws/install/launch_testing_examples:/home/jagadeesh97/ros2_ws/install/examples_rclpy_pointcloud_publisher:/home/jagadeesh97/ros2_ws/install/examples_rclpy_minimal_subscriber:/home/jagadeesh97/ros2_ws/install/examples_rclpy_minimal_service:/home/jagadeesh97/ros2_ws/install/examples_rclpy_minimal_publisher:/home/jagadeesh97/ros2_ws/install/examples_rclpy_minimal_client:/home/jagadeesh97/ros2_ws/install/examples_rclpy_minimal_action_server:/home/jagadeesh97/ros2_ws/install/examples_rclpy_minimal_action_client:/home/jagadeesh97/ros2_ws/install/examples_rclpy_guard_conditions:/home/jagadeesh97/ros2_ws/install/examples_rclpy_executors:/opt/ros/jazzy DEBUGINFOD_URLS=https://debuginfod.ubuntu.com /usr/bin/cmake --build /home/jagadeesh97/ros2_ws/build/examples_rclcpp_minimal_timer -- -j16 -l16
[1.900s] [ 50%] Built target timer_lambda
[1.910s] [100%] Built target timer_member_function
[1.955s] Invoked command in '/home/jagadeesh97/ros2_ws/build/examples_rclcpp_minimal_timer' returned '0': CMAKE_PREFIX_PATH=${CMAKE_PREFIX_PATH}:/home/jagadeesh97/ros2_ws/install/my_py_pkg:/home/jagadeesh97/ros2_ws/install/launch_testing_examples:/home/jagadeesh97/ros2_ws/install/examples_rclpy_pointcloud_publisher:/home/jagadeesh97/ros2_ws/install/examples_rclpy_minimal_subscriber:/home/jagadeesh97/ros2_ws/install/examples_rclpy_minimal_service:/home/jagadeesh97/ros2_ws/install/examples_rclpy_minimal_publisher:/home/jagadeesh97/ros2_ws/install/examples_rclpy_minimal_client:/home/jagadeesh97/ros2_ws/install/examples_rclpy_minimal_action_server:/home/jagadeesh97/ros2_ws/install/examples_rclpy_minimal_action_client:/home/jagadeesh97/ros2_ws/install/examples_rclpy_guard_conditions:/home/jagadeesh97/ros2_ws/install/examples_rclpy_executors:/opt/ros/jazzy DEBUGINFOD_URLS=https://debuginfod.ubuntu.com /usr/bin/cmake --build /home/jagadeesh97/ros2_ws/build/examples_rclcpp_minimal_timer -- -j16 -l16
[2.026s] Invoking command in '/home/jagadeesh97/ros2_ws/build/examples_rclcpp_minimal_timer': CMAKE_PREFIX_PATH=${CMAKE_PREFIX_PATH}:/home/jagadeesh97/ros2_ws/install/my_py_pkg:/home/jagadeesh97/ros2_ws/install/launch_testing_examples:/home/jagadeesh97/ros2_ws/install/examples_rclpy_pointcloud_publisher:/home/jagadeesh97/ros2_ws/install/examples_rclpy_minimal_subscriber:/home/jagadeesh97/ros2_ws/install/examples_rclpy_minimal_service:/home/jagadeesh97/ros2_ws/install/examples_rclpy_minimal_publisher:/home/jagadeesh97/ros2_ws/install/examples_rclpy_minimal_client:/home/jagadeesh97/ros2_ws/install/examples_rclpy_minimal_action_server:/home/jagadeesh97/ros2_ws/install/examples_rclpy_minimal_action_client:/home/jagadeesh97/ros2_ws/install/examples_rclpy_guard_conditions:/home/jagadeesh97/ros2_ws/install/examples_rclpy_executors:/opt/ros/jazzy DEBUGINFOD_URLS=https://debuginfod.ubuntu.com /usr/bin/cmake --install /home/jagadeesh97/ros2_ws/build/examples_rclcpp_minimal_timer
[2.048s] -- Install configuration: ""
[2.049s] -- Execute custom install script
[2.049s] -- Up-to-date symlink: /home/jagadeesh97/ros2_ws/install/examples_rclcpp_minimal_timer/lib/examples_rclcpp_minimal_timer/timer_lambda
[2.050s] -- Up-to-date symlink: /home/jagadeesh97/ros2_ws/install/examples_rclcpp_minimal_timer/lib/examples_rclcpp_minimal_timer/timer_member_function
[2.050s] -- Up-to-date symlink: /home/jagadeesh97/ros2_ws/install/examples_rclcpp_minimal_timer/share/ament_index/resource_index/package_run_dependencies/examples_rclcpp_minimal_timer
[2.050s] -- Up-to-date symlink: /home/jagadeesh97/ros2_ws/install/examples_rclcpp_minimal_timer/share/ament_index/resource_index/parent_prefix_path/examples_rclcpp_minimal_timer
[2.050s] -- Up-to-date symlink: /home/jagadeesh97/ros2_ws/install/examples_rclcpp_minimal_timer/share/examples_rclcpp_minimal_timer/environment/ament_prefix_path.sh
[2.050s] -- Up-to-date symlink: /home/jagadeesh97/ros2_ws/install/examples_rclcpp_minimal_timer/share/examples_rclcpp_minimal_timer/environment/ament_prefix_path.dsv
[2.050s] -- Up-to-date symlink: /home/jagadeesh97/ros2_ws/install/examples_rclcpp_minimal_timer/share/examples_rclcpp_minimal_timer/environment/path.sh
[2.050s] -- Up-to-date symlink: /home/jagadeesh97/ros2_ws/install/examples_rclcpp_minimal_timer/share/examples_rclcpp_minimal_timer/environment/path.dsv
[2.050s] -- Up-to-date symlink: /home/jagadeesh97/ros2_ws/install/examples_rclcpp_minimal_timer/share/examples_rclcpp_minimal_timer/local_setup.bash
[2.050s] -- Up-to-date symlink: /home/jagadeesh97/ros2_ws/install/examples_rclcpp_minimal_timer/share/examples_rclcpp_minimal_timer/local_setup.sh
[2.050s] -- Up-to-date symlink: /home/jagadeesh97/ros2_ws/install/examples_rclcpp_minimal_timer/share/examples_rclcpp_minimal_timer/local_setup.zsh
[2.050s] -- Up-to-date symlink: /home/jagadeesh97/ros2_ws/install/examples_rclcpp_minimal_timer/share/examples_rclcpp_minimal_timer/local_setup.dsv
[2.051s] -- Symlinking: /home/jagadeesh97/ros2_ws/install/examples_rclcpp_minimal_timer/share/examples_rclcpp_minimal_timer/package.dsv
[2.057s] -- Up-to-date symlink: /home/jagadeesh97/ros2_ws/install/examples_rclcpp_minimal_timer/share/ament_index/resource_index/packages/examples_rclcpp_minimal_timer
[2.057s] -- Up-to-date symlink: /home/jagadeesh97/ros2_ws/install/examples_rclcpp_minimal_timer/share/examples_rclcpp_minimal_timer/cmake/examples_rclcpp_minimal_timerConfig.cmake
[2.058s] -- Up-to-date symlink: /home/jagadeesh97/ros2_ws/install/examples_rclcpp_minimal_timer/share/examples_rclcpp_minimal_timer/cmake/examples_rclcpp_minimal_timerConfig-version.cmake
[2.058s] -- Up-to-date symlink: /home/jagadeesh97/ros2_ws/install/examples_rclcpp_minimal_timer/share/examples_rclcpp_minimal_timer/package.xml
[2.113s] Invoked command in '/home/jagadeesh97/ros2_ws/build/examples_rclcpp_minimal_timer' returned '0': CMAKE_PREFIX_PATH=${CMAKE_PREFIX_PATH}:/home/jagadeesh97/ros2_ws/install/my_py_pkg:/home/jagadeesh97/ros2_ws/install/launch_testing_examples:/home/jagadeesh97/ros2_ws/install/examples_rclpy_pointcloud_publisher:/home/jagadeesh97/ros2_ws/install/examples_rclpy_minimal_subscriber:/home/jagadeesh97/ros2_ws/install/examples_rclpy_minimal_service:/home/jagadeesh97/ros2_ws/install/examples_rclpy_minimal_publisher:/home/jagadeesh97/ros2_ws/install/examples_rclpy_minimal_client:/home/jagadeesh97/ros2_ws/install/examples_rclpy_minimal_action_server:/home/jagadeesh97/ros2_ws/install/examples_rclpy_minimal_action_client:/home/jagadeesh97/ros2_ws/install/examples_rclpy_guard_conditions:/home/jagadeesh97/ros2_ws/install/examples_rclpy_executors:/opt/ros/jazzy DEBUGINFOD_URLS=https://debuginfod.ubuntu.com /usr/bin/cmake --install /home/jagadeesh97/ros2_ws/build/examples_rclcpp_minimal_timer
