[2.464s] Invoking command in '/home/jagadeesh97/ros2_ws/build/examples_rclpy_guard_conditions': DEBUGINFOD_URLS=https://debuginfod.ubuntu.com PYTHONPATH=/home/jagadeesh97/ros2_ws/build/examples_rclpy_guard_conditions/prefix_override:/usr/lib/python3/dist-packages/colcon_core/task/python/colcon_distutils_commands:/home/jagadeesh97/ros2_ws/install/examples_rclpy_guard_conditions/lib/python3.12/site-packages:${PYTHONPATH} /usr/bin/python3 -W ignore:setup.py install is deprecated setup.py develop --editable --build-directory /home/jagadeesh97/ros2_ws/build/examples_rclpy_guard_conditions/build --no-deps symlink_data --force
[2.721s] running develop
[2.721s] /usr/lib/python3/dist-packages/setuptools/command/develop.py:40: EasyInstallDeprecationWarning: easy_install command is deprecated.
[2.721s] !!
[2.721s] 
[2.721s]         ********************************************************************************
[2.721s]         Please avoid running ``setup.py`` and ``easy_install``.
[2.721s]         Instead, use pypa/build, pypa/installer or other
[2.721s]         standards-based tools.
[2.722s] 
[2.722s]         See https://github.com/pypa/setuptools/issues/917 for details.
[2.722s]         ********************************************************************************
[2.722s] 
[2.722s] !!
[2.722s]   easy_install.initialize_options(self)
[2.863s] running egg_info
[2.882s] writing examples_rclpy_guard_conditions.egg-info/PKG-INFO
[2.882s] writing dependency_links to examples_rclpy_guard_conditions.egg-info/dependency_links.txt
[2.882s] writing entry points to examples_rclpy_guard_conditions.egg-info/entry_points.txt
[2.882s] writing requirements to examples_rclpy_guard_conditions.egg-info/requires.txt
[2.883s] writing top-level names to examples_rclpy_guard_conditions.egg-info/top_level.txt
[2.908s] reading manifest file 'examples_rclpy_guard_conditions.egg-info/SOURCES.txt'
[2.908s] writing manifest file 'examples_rclpy_guard_conditions.egg-info/SOURCES.txt'
[2.922s] running build_ext
[2.923s] Creating /home/jagadeesh97/ros2_ws/install/examples_rclpy_guard_conditions/lib/python3.12/site-packages/examples-rclpy-guard-conditions.egg-link (link to .)
[2.923s] Installing trigger_guard_condition script to /home/jagadeesh97/ros2_ws/install/examples_rclpy_guard_conditions/lib/examples_rclpy_guard_conditions
[2.923s] 
[2.923s] Installed /home/jagadeesh97/ros2_ws/build/examples_rclpy_guard_conditions
[2.924s] running symlink_data
[2.924s] symbolically linking /home/jagadeesh97/ros2_ws/build/examples_rclpy_guard_conditions/resource/examples_rclpy_guard_conditions -> /home/jagadeesh97/ros2_ws/install/examples_rclpy_guard_conditions/share/ament_index/resource_index/packages
[2.924s] symbolically linking /home/jagadeesh97/ros2_ws/build/examples_rclpy_guard_conditions/package.xml -> /home/jagadeesh97/ros2_ws/install/examples_rclpy_guard_conditions/share/examples_rclpy_guard_conditions
[2.974s] Invoked command in '/home/jagadeesh97/ros2_ws/build/examples_rclpy_guard_conditions' returned '0': DEBUGINFOD_URLS=https://debuginfod.ubuntu.com PYTHONPATH=/home/jagadeesh97/ros2_ws/build/examples_rclpy_guard_conditions/prefix_override:/usr/lib/python3/dist-packages/colcon_core/task/python/colcon_distutils_commands:/home/jagadeesh97/ros2_ws/install/examples_rclpy_guard_conditions/lib/python3.12/site-packages:${PYTHONPATH} /usr/bin/python3 -W ignore:setup.py install is deprecated setup.py develop --editable --build-directory /home/jagadeesh97/ros2_ws/build/examples_rclpy_guard_conditions/build --no-deps symlink_data --force
