[2.746s] Invoking command in '/home/jagadeesh97/ros2_ws/src/learning_my_robot_controller': DEBUGINFOD_URLS=https://debuginfod.ubuntu.com PYTHONPATH=/home/jagadeesh97/ros2_ws/build/learning_my_robot_controller/prefix_override:/usr/lib/python3/dist-packages/colcon_core/task/python/colcon_distutils_commands:/home/jagadeesh97/ros2_ws/install/learning_my_robot_controller/lib/python3.12/site-packages:${PYTHONPATH} /usr/bin/python3 -W ignore:setup.py install is deprecated setup.py egg_info --egg-base ../../build/learning_my_robot_controller build --build-base /home/jagadeesh97/ros2_ws/build/learning_my_robot_controller/build install --record /home/jagadeesh97/ros2_ws/build/learning_my_robot_controller/install.log --single-version-externally-managed install_data
[3.142s] running egg_info
[3.163s] writing ../../build/learning_my_robot_controller/learning_my_robot_controller.egg-info/PKG-INFO
[3.163s] writing dependency_links to ../../build/learning_my_robot_controller/learning_my_robot_controller.egg-info/dependency_links.txt
[3.163s] writing entry points to ../../build/learning_my_robot_controller/learning_my_robot_controller.egg-info/entry_points.txt
[3.164s] writing requirements to ../../build/learning_my_robot_controller/learning_my_robot_controller.egg-info/requires.txt
[3.164s] writing top-level names to ../../build/learning_my_robot_controller/learning_my_robot_controller.egg-info/top_level.txt
[3.204s] reading manifest file '../../build/learning_my_robot_controller/learning_my_robot_controller.egg-info/SOURCES.txt'
[3.205s] writing manifest file '../../build/learning_my_robot_controller/learning_my_robot_controller.egg-info/SOURCES.txt'
[3.206s] running build
[3.206s] running build_py
[3.206s] running install
[3.215s] running install_lib
[3.235s] running install_data
[3.235s] running install_egg_info
[3.261s] removing '/home/jagadeesh97/ros2_ws/install/learning_my_robot_controller/lib/python3.12/site-packages/learning_my_robot_controller-0.0.0-py3.12.egg-info' (and everything under it)
[3.261s] Copying ../../build/learning_my_robot_controller/learning_my_robot_controller.egg-info to /home/jagadeesh97/ros2_ws/install/learning_my_robot_controller/lib/python3.12/site-packages/learning_my_robot_controller-0.0.0-py3.12.egg-info
[3.261s] running install_scripts
[3.449s] Installing test_node script to /home/jagadeesh97/ros2_ws/install/learning_my_robot_controller/lib/learning_my_robot_controller
[3.449s] writing list of installed files to '/home/jagadeesh97/ros2_ws/build/learning_my_robot_controller/install.log'
[3.496s] Invoked command in '/home/jagadeesh97/ros2_ws/src/learning_my_robot_controller' returned '0': DEBUGINFOD_URLS=https://debuginfod.ubuntu.com PYTHONPATH=/home/jagadeesh97/ros2_ws/build/learning_my_robot_controller/prefix_override:/usr/lib/python3/dist-packages/colcon_core/task/python/colcon_distutils_commands:/home/jagadeesh97/ros2_ws/install/learning_my_robot_controller/lib/python3.12/site-packages:${PYTHONPATH} /usr/bin/python3 -W ignore:setup.py install is deprecated setup.py egg_info --egg-base ../../build/learning_my_robot_controller build --build-base /home/jagadeesh97/ros2_ws/build/learning_my_robot_controller/build install --record /home/jagadeesh97/ros2_ws/build/learning_my_robot_controller/install.log --single-version-externally-managed install_data
