[1.550s] Invoking command in '/home/jagadeesh97/ros2_ws/build/examples_rclpy_minimal_client': DEBUGINFOD_URLS=https://debuginfod.ubuntu.com PYTHONPATH=/home/jagadeesh97/ros2_ws/build/examples_rclpy_minimal_client/prefix_override:/usr/lib/python3/dist-packages/colcon_core/task/python/colcon_distutils_commands:/home/jagadeesh97/ros2_ws/install/examples_rclpy_minimal_client/lib/python3.12/site-packages:${PYTHONPATH} /usr/bin/python3 -W ignore:setup.py install is deprecated setup.py develop --editable --build-directory /home/jagadeesh97/ros2_ws/build/examples_rclpy_minimal_client/build --no-deps symlink_data --force
[1.803s] running develop
[1.803s] /usr/lib/python3/dist-packages/setuptools/command/develop.py:40: EasyInstallDeprecationWarning: easy_install command is deprecated.
[1.803s] !!
[1.803s] 
[1.803s]         ********************************************************************************
[1.803s]         Please avoid running ``setup.py`` and ``easy_install``.
[1.803s]         Instead, use pypa/build, pypa/installer or other
[1.803s]         standards-based tools.
[1.804s] 
[1.804s]         See https://github.com/pypa/setuptools/issues/917 for details.
[1.804s]         ********************************************************************************
[1.804s] 
[1.804s] !!
[1.804s]   easy_install.initialize_options(self)
[1.936s] running egg_info
[1.948s] writing examples_rclpy_minimal_client.egg-info/PKG-INFO
[1.948s] writing dependency_links to examples_rclpy_minimal_client.egg-info/dependency_links.txt
[1.949s] writing entry points to examples_rclpy_minimal_client.egg-info/entry_points.txt
[1.949s] writing requirements to examples_rclpy_minimal_client.egg-info/requires.txt
[1.949s] writing top-level names to examples_rclpy_minimal_client.egg-info/top_level.txt
[1.974s] reading manifest file 'examples_rclpy_minimal_client.egg-info/SOURCES.txt'
[1.975s] writing manifest file 'examples_rclpy_minimal_client.egg-info/SOURCES.txt'
[1.989s] running build_ext
[1.989s] Creating /home/jagadeesh97/ros2_ws/install/examples_rclpy_minimal_client/lib/python3.12/site-packages/examples-rclpy-minimal-client.egg-link (link to .)
[1.990s] Installing client script to /home/jagadeesh97/ros2_ws/install/examples_rclpy_minimal_client/lib/examples_rclpy_minimal_client
[1.990s] Installing client_async script to /home/jagadeesh97/ros2_ws/install/examples_rclpy_minimal_client/lib/examples_rclpy_minimal_client
[1.990s] Installing client_async_callback script to /home/jagadeesh97/ros2_ws/install/examples_rclpy_minimal_client/lib/examples_rclpy_minimal_client
[1.990s] Installing client_async_member_function script to /home/jagadeesh97/ros2_ws/install/examples_rclpy_minimal_client/lib/examples_rclpy_minimal_client
[1.990s] 
[1.990s] Installed /home/jagadeesh97/ros2_ws/build/examples_rclpy_minimal_client
[1.990s] running symlink_data
[1.990s] symbolically linking /home/jagadeesh97/ros2_ws/build/examples_rclpy_minimal_client/resource/examples_rclpy_minimal_client -> /home/jagadeesh97/ros2_ws/install/examples_rclpy_minimal_client/share/ament_index/resource_index/packages
[1.991s] symbolically linking /home/jagadeesh97/ros2_ws/build/examples_rclpy_minimal_client/package.xml -> /home/jagadeesh97/ros2_ws/install/examples_rclpy_minimal_client/share/examples_rclpy_minimal_client
[2.043s] Invoked command in '/home/jagadeesh97/ros2_ws/build/examples_rclpy_minimal_client' returned '0': DEBUGINFOD_URLS=https://debuginfod.ubuntu.com PYTHONPATH=/home/jagadeesh97/ros2_ws/build/examples_rclpy_minimal_client/prefix_override:/usr/lib/python3/dist-packages/colcon_core/task/python/colcon_distutils_commands:/home/jagadeesh97/ros2_ws/install/examples_rclpy_minimal_client/lib/python3.12/site-packages:${PYTHONPATH} /usr/bin/python3 -W ignore:setup.py install is deprecated setup.py develop --editable --build-directory /home/jagadeesh97/ros2_ws/build/examples_rclpy_minimal_client/build --no-deps symlink_data --force
