[0.049s] Invoking command in '/home/jagadeesh97/ros2_ws/build/examples_rclcpp_minimal_timer': CMAKE_PREFIX_PATH=${CMAKE_PREFIX_PATH}:/opt/ros/jazzy DEBUGINFOD_URLS=https://debuginfod.ubuntu.com /usr/bin/cmake /home/jagadeesh97/ros2_ws/src/examples/rclcpp/timers/minimal_timer -DAMENT_CMAKE_SYMLINK_INSTALL=1 -DCMAKE_INSTALL_PREFIX=/home/jagadeesh97/ros2_ws/install/examples_rclcpp_minimal_timer
[1.429s] -- The C compiler identification is GNU 13.2.0
[1.429s] -- The CXX compiler identification is GNU 13.2.0
[1.429s] -- Detecting C compiler ABI info
[1.429s] -- Detecting C compiler ABI info - done
[1.429s] -- Check for working C compiler: /usr/bin/cc - skipped
[1.430s] -- Detecting C compile features
[1.430s] -- Detecting C compile features - done
[1.430s] -- Detecting CXX compiler ABI info
[1.430s] -- Detecting CXX compiler ABI info - done
[1.430s] -- Check for working CXX compiler: /usr/bin/c++ - skipped
[1.430s] -- Detecting CXX compile features
[1.430s] -- Detecting CXX compile features - done
[1.431s] -- Found ament_cmake: 2.5.0 (/opt/ros/jazzy/share/ament_cmake/cmake)
[1.431s] -- Found Python3: /usr/bin/python3 (found version "3.12.3") found components: Interpreter 
[1.431s] -- Override CMake install command with custom implementation using symlinks instead of copying resources
[1.431s] -- Found rclcpp: 28.1.2 (/opt/ros/jazzy/share/rclcpp/cmake)
[1.431s] -- Found rosidl_generator_c: 4.6.2 (/opt/ros/jazzy/share/rosidl_generator_c/cmake)
[1.432s] -- Found rosidl_generator_cpp: 4.6.2 (/opt/ros/jazzy/share/rosidl_generator_cpp/cmake)
[1.448s] -- Using all available rosidl_typesupport_c: rosidl_typesupport_fastrtps_c;rosidl_typesupport_introspection_c
[1.479s] -- Using all available rosidl_typesupport_cpp: rosidl_typesupport_fastrtps_cpp;rosidl_typesupport_introspection_cpp
[1.621s] -- Found rmw_implementation_cmake: 7.3.1 (/opt/ros/jazzy/share/rmw_implementation_cmake/cmake)
[1.627s] -- Found rmw_fastrtps_cpp: 8.4.0 (/opt/ros/jazzy/share/rmw_fastrtps_cpp/cmake)
[1.769s] -- Found OpenSSL: /usr/lib/x86_64-linux-gnu/libcrypto.so (found version "3.0.13")  
[1.810s] -- Found FastRTPS: /opt/ros/jazzy/include (Required is at least version "2.13") 
[1.857s] -- Using RMW implementation 'rmw_fastrtps_cpp' as default
[2.042s] -- Found ament_lint_auto: 0.17.0 (/opt/ros/jazzy/share/ament_lint_auto/cmake)
[2.261s] -- Added test 'copyright' to check source files copyright and LICENSE
[2.264s] -- Added test 'cppcheck' to perform static code analysis on C / C++ code
[2.264s] -- Configured cppcheck include dirs: 
[2.267s] -- Configured cppcheck exclude dirs and/or files: 
[2.269s] -- Added test 'cpplint' to check C / C++ code against the Google style
[2.269s] -- Configured cpplint exclude dirs and/or files: 
[2.275s] -- Added test 'lint_cmake' to check CMake code style
[2.280s] -- Added test 'uncrustify' to check C / C++ code style
[2.280s] -- Configured uncrustify additional arguments: 
[2.281s] -- Added test 'xmllint' to check XML markup files
[2.285s] -- Configuring done (2.2s)
[2.314s] -- Generating done (0.0s)
[2.318s] -- Build files have been written to: /home/jagadeesh97/ros2_ws/build/examples_rclcpp_minimal_timer
[2.336s] Invoked command in '/home/jagadeesh97/ros2_ws/build/examples_rclcpp_minimal_timer' returned '0': CMAKE_PREFIX_PATH=${CMAKE_PREFIX_PATH}:/opt/ros/jazzy DEBUGINFOD_URLS=https://debuginfod.ubuntu.com /usr/bin/cmake /home/jagadeesh97/ros2_ws/src/examples/rclcpp/timers/minimal_timer -DAMENT_CMAKE_SYMLINK_INSTALL=1 -DCMAKE_INSTALL_PREFIX=/home/jagadeesh97/ros2_ws/install/examples_rclcpp_minimal_timer
[2.348s] Invoking command in '/home/jagadeesh97/ros2_ws/build/examples_rclcpp_minimal_timer': CMAKE_PREFIX_PATH=${CMAKE_PREFIX_PATH}:/opt/ros/jazzy DEBUGINFOD_URLS=https://debuginfod.ubuntu.com /usr/bin/cmake --build /home/jagadeesh97/ros2_ws/build/examples_rclcpp_minimal_timer -- -j16 -l16
[2.436s] [ 25%] [32mBuilding CXX object CMakeFiles/timer_lambda.dir/lambda.cpp.o[0m
[2.437s] [ 50%] [32mBuilding CXX object CMakeFiles/timer_member_function.dir/member_function.cpp.o[0m
