[3.141s] Invoking command in '/home/jagadeesh97/ros2_ws/build/examples_rclpy_minimal_service': DEBUGINFOD_URLS=https://debuginfod.ubuntu.com PYTHONPATH=/home/jagadeesh97/ros2_ws/build/examples_rclpy_minimal_service/prefix_override:/usr/lib/python3/dist-packages/colcon_core/task/python/colcon_distutils_commands:/home/jagadeesh97/ros2_ws/install/examples_rclpy_minimal_service/lib/python3.12/site-packages:${PYTHONPATH} /usr/bin/python3 -W ignore:setup.py install is deprecated setup.py develop --uninstall --editable --build-directory /home/jagadeesh97/ros2_ws/build/examples_rclpy_minimal_service/build
[3.609s] running develop
[3.609s] /usr/lib/python3/dist-packages/setuptools/command/develop.py:40: EasyInstallDeprecationWarning: easy_install command is deprecated.
[3.609s] !!
[3.609s] 
[3.610s]         ********************************************************************************
[3.610s]         Please avoid running ``setup.py`` and ``easy_install``.
[3.610s]         Instead, use pypa/build, pypa/installer or other
[3.610s]         standards-based tools.
[3.610s] 
[3.610s]         See https://github.com/pypa/setuptools/issues/917 for details.
[3.611s]         ********************************************************************************
[3.611s] 
[3.611s] !!
[3.611s]   easy_install.initialize_options(self)
[3.884s] Removing /home/jagadeesh97/ros2_ws/install/examples_rclpy_minimal_service/lib/python3.12/site-packages/examples-rclpy-minimal-service.egg-link (link to .)
[3.946s] Invoked command in '/home/jagadeesh97/ros2_ws/build/examples_rclpy_minimal_service' returned '0': DEBUGINFOD_URLS=https://debuginfod.ubuntu.com PYTHONPATH=/home/jagadeesh97/ros2_ws/build/examples_rclpy_minimal_service/prefix_override:/usr/lib/python3/dist-packages/colcon_core/task/python/colcon_distutils_commands:/home/jagadeesh97/ros2_ws/install/examples_rclpy_minimal_service/lib/python3.12/site-packages:${PYTHONPATH} /usr/bin/python3 -W ignore:setup.py install is deprecated setup.py develop --uninstall --editable --build-directory /home/jagadeesh97/ros2_ws/build/examples_rclpy_minimal_service/build
[3.948s] Invoking command in '/home/jagadeesh97/ros2_ws/src/examples/rclpy/services/minimal_service': DEBUGINFOD_URLS=https://debuginfod.ubuntu.com PYTHONPATH=/home/jagadeesh97/ros2_ws/build/examples_rclpy_minimal_service/prefix_override:/usr/lib/python3/dist-packages/colcon_core/task/python/colcon_distutils_commands:/home/jagadeesh97/ros2_ws/install/examples_rclpy_minimal_service/lib/python3.12/site-packages:${PYTHONPATH} /usr/bin/python3 -W ignore:setup.py install is deprecated setup.py egg_info --egg-base ../../../../../build/examples_rclpy_minimal_service build --build-base /home/jagadeesh97/ros2_ws/build/examples_rclpy_minimal_service/build install --record /home/jagadeesh97/ros2_ws/build/examples_rclpy_minimal_service/install.log --single-version-externally-managed install_data --force
[4.351s] running egg_info
[4.375s] writing ../../../../../build/examples_rclpy_minimal_service/examples_rclpy_minimal_service.egg-info/PKG-INFO
[4.375s] writing dependency_links to ../../../../../build/examples_rclpy_minimal_service/examples_rclpy_minimal_service.egg-info/dependency_links.txt
[4.376s] writing entry points to ../../../../../build/examples_rclpy_minimal_service/examples_rclpy_minimal_service.egg-info/entry_points.txt
[4.376s] writing requirements to ../../../../../build/examples_rclpy_minimal_service/examples_rclpy_minimal_service.egg-info/requires.txt
[4.376s] writing top-level names to ../../../../../build/examples_rclpy_minimal_service/examples_rclpy_minimal_service.egg-info/top_level.txt
[4.425s] reading manifest file '../../../../../build/examples_rclpy_minimal_service/examples_rclpy_minimal_service.egg-info/SOURCES.txt'
[4.429s] writing manifest file '../../../../../build/examples_rclpy_minimal_service/examples_rclpy_minimal_service.egg-info/SOURCES.txt'
[4.429s] running build
[4.431s] running build_py
[4.431s] creating /home/jagadeesh97/ros2_ws/build/examples_rclpy_minimal_service/build
[4.432s] creating /home/jagadeesh97/ros2_ws/build/examples_rclpy_minimal_service/build/lib
[4.432s] creating /home/jagadeesh97/ros2_ws/build/examples_rclpy_minimal_service/build/lib/examples_rclpy_minimal_service
[4.432s] copying examples_rclpy_minimal_service/service.py -> /home/jagadeesh97/ros2_ws/build/examples_rclpy_minimal_service/build/lib/examples_rclpy_minimal_service
[4.432s] copying examples_rclpy_minimal_service/__init__.py -> /home/jagadeesh97/ros2_ws/build/examples_rclpy_minimal_service/build/lib/examples_rclpy_minimal_service
[4.432s] copying examples_rclpy_minimal_service/service_member_function.py -> /home/jagadeesh97/ros2_ws/build/examples_rclpy_minimal_service/build/lib/examples_rclpy_minimal_service
[4.432s] running install
[4.437s] running install_lib
[4.460s] creating /home/jagadeesh97/ros2_ws/install/examples_rclpy_minimal_service/lib/python3.12/site-packages/examples_rclpy_minimal_service
[4.460s] copying /home/jagadeesh97/ros2_ws/build/examples_rclpy_minimal_service/build/lib/examples_rclpy_minimal_service/service.py -> /home/jagadeesh97/ros2_ws/install/examples_rclpy_minimal_service/lib/python3.12/site-packages/examples_rclpy_minimal_service
[4.460s] copying /home/jagadeesh97/ros2_ws/build/examples_rclpy_minimal_service/build/lib/examples_rclpy_minimal_service/__init__.py -> /home/jagadeesh97/ros2_ws/install/examples_rclpy_minimal_service/lib/python3.12/site-packages/examples_rclpy_minimal_service
[4.461s] copying /home/jagadeesh97/ros2_ws/build/examples_rclpy_minimal_service/build/lib/examples_rclpy_minimal_service/service_member_function.py -> /home/jagadeesh97/ros2_ws/install/examples_rclpy_minimal_service/lib/python3.12/site-packages/examples_rclpy_minimal_service
[4.461s] byte-compiling /home/jagadeesh97/ros2_ws/install/examples_rclpy_minimal_service/lib/python3.12/site-packages/examples_rclpy_minimal_service/service.py to service.cpython-312.pyc
[4.462s] byte-compiling /home/jagadeesh97/ros2_ws/install/examples_rclpy_minimal_service/lib/python3.12/site-packages/examples_rclpy_minimal_service/__init__.py to __init__.cpython-312.pyc
[4.462s] byte-compiling /home/jagadeesh97/ros2_ws/install/examples_rclpy_minimal_service/lib/python3.12/site-packages/examples_rclpy_minimal_service/service_member_function.py to service_member_function.cpython-312.pyc
[4.463s] running install_data
[4.464s] copying resource/examples_rclpy_minimal_service -> /home/jagadeesh97/ros2_ws/install/examples_rclpy_minimal_service/share/ament_index/resource_index/packages
[4.465s] copying package.xml -> /home/jagadeesh97/ros2_ws/install/examples_rclpy_minimal_service/share/examples_rclpy_minimal_service
[4.465s] running install_egg_info
[4.488s] Copying ../../../../../build/examples_rclpy_minimal_service/examples_rclpy_minimal_service.egg-info to /home/jagadeesh97/ros2_ws/install/examples_rclpy_minimal_service/lib/python3.12/site-packages/examples_rclpy_minimal_service-0.19.4-py3.12.egg-info
[4.489s] running install_scripts
[4.648s] Installing service script to /home/jagadeesh97/ros2_ws/install/examples_rclpy_minimal_service/lib/examples_rclpy_minimal_service
[4.648s] Installing service_member_function script to /home/jagadeesh97/ros2_ws/install/examples_rclpy_minimal_service/lib/examples_rclpy_minimal_service
[4.648s] writing list of installed files to '/home/jagadeesh97/ros2_ws/build/examples_rclpy_minimal_service/install.log'
[4.691s] Invoked command in '/home/jagadeesh97/ros2_ws/src/examples/rclpy/services/minimal_service' returned '0': DEBUGINFOD_URLS=https://debuginfod.ubuntu.com PYTHONPATH=/home/jagadeesh97/ros2_ws/build/examples_rclpy_minimal_service/prefix_override:/usr/lib/python3/dist-packages/colcon_core/task/python/colcon_distutils_commands:/home/jagadeesh97/ros2_ws/install/examples_rclpy_minimal_service/lib/python3.12/site-packages:${PYTHONPATH} /usr/bin/python3 -W ignore:setup.py install is deprecated setup.py egg_info --egg-base ../../../../../build/examples_rclpy_minimal_service build --build-base /home/jagadeesh97/ros2_ws/build/examples_rclpy_minimal_service/build install --record /home/jagadeesh97/ros2_ws/build/examples_rclpy_minimal_service/install.log --single-version-externally-managed install_data --force
