[3.087s] Invoking command in '/home/jagadeesh97/ros2_ws/src/examples/rclpy/actions/minimal_action_server': DEBUGINFOD_URLS=https://debuginfod.ubuntu.com PYTHONPATH=/home/jagadeesh97/ros2_ws/build/examples_rclpy_minimal_action_server/prefix_override:/usr/lib/python3/dist-packages/colcon_core/task/python/colcon_distutils_commands:/home/jagadeesh97/ros2_ws/install/examples_rclpy_minimal_action_server/lib/python3.12/site-packages:${PYTHONPATH} /usr/bin/python3 -W ignore:setup.py install is deprecated setup.py egg_info --egg-base ../../../../../build/examples_rclpy_minimal_action_server build --build-base /home/jagadeesh97/ros2_ws/build/examples_rclpy_minimal_action_server/build install --record /home/jagadeesh97/ros2_ws/build/examples_rclpy_minimal_action_server/install.log --single-version-externally-managed install_data
[3.654s] running egg_info
[3.694s] writing ../../../../../build/examples_rclpy_minimal_action_server/examples_rclpy_minimal_action_server.egg-info/PKG-INFO
[3.694s] writing dependency_links to ../../../../../build/examples_rclpy_minimal_action_server/examples_rclpy_minimal_action_server.egg-info/dependency_links.txt
[3.694s] writing entry points to ../../../../../build/examples_rclpy_minimal_action_server/examples_rclpy_minimal_action_server.egg-info/entry_points.txt
[3.695s] writing requirements to ../../../../../build/examples_rclpy_minimal_action_server/examples_rclpy_minimal_action_server.egg-info/requires.txt
[3.695s] writing top-level names to ../../../../../build/examples_rclpy_minimal_action_server/examples_rclpy_minimal_action_server.egg-info/top_level.txt
[3.778s] reading manifest file '../../../../../build/examples_rclpy_minimal_action_server/examples_rclpy_minimal_action_server.egg-info/SOURCES.txt'
[3.780s] writing manifest file '../../../../../build/examples_rclpy_minimal_action_server/examples_rclpy_minimal_action_server.egg-info/SOURCES.txt'
[3.780s] running build
[3.780s] running build_py
[3.781s] running install
[3.792s] running install_lib
[3.840s] running install_data
[3.840s] running install_egg_info
[3.884s] removing '/home/jagadeesh97/ros2_ws/install/examples_rclpy_minimal_action_server/lib/python3.12/site-packages/examples_rclpy_minimal_action_server-0.19.4-py3.12.egg-info' (and everything under it)
[3.886s] Copying ../../../../../build/examples_rclpy_minimal_action_server/examples_rclpy_minimal_action_server.egg-info to /home/jagadeesh97/ros2_ws/install/examples_rclpy_minimal_action_server/lib/python3.12/site-packages/examples_rclpy_minimal_action_server-0.19.4-py3.12.egg-info
[3.886s] running install_scripts
[4.154s] Installing server script to /home/jagadeesh97/ros2_ws/install/examples_rclpy_minimal_action_server/lib/examples_rclpy_minimal_action_server
[4.155s] Installing server_defer script to /home/jagadeesh97/ros2_ws/install/examples_rclpy_minimal_action_server/lib/examples_rclpy_minimal_action_server
[4.155s] Installing server_not_composable script to /home/jagadeesh97/ros2_ws/install/examples_rclpy_minimal_action_server/lib/examples_rclpy_minimal_action_server
[4.155s] Installing server_queue_goals script to /home/jagadeesh97/ros2_ws/install/examples_rclpy_minimal_action_server/lib/examples_rclpy_minimal_action_server
[4.156s] Installing server_single_goal script to /home/jagadeesh97/ros2_ws/install/examples_rclpy_minimal_action_server/lib/examples_rclpy_minimal_action_server
[4.156s] writing list of installed files to '/home/jagadeesh97/ros2_ws/build/examples_rclpy_minimal_action_server/install.log'
[4.237s] Invoked command in '/home/jagadeesh97/ros2_ws/src/examples/rclpy/actions/minimal_action_server' returned '0': DEBUGINFOD_URLS=https://debuginfod.ubuntu.com PYTHONPATH=/home/jagadeesh97/ros2_ws/build/examples_rclpy_minimal_action_server/prefix_override:/usr/lib/python3/dist-packages/colcon_core/task/python/colcon_distutils_commands:/home/jagadeesh97/ros2_ws/install/examples_rclpy_minimal_action_server/lib/python3.12/site-packages:${PYTHONPATH} /usr/bin/python3 -W ignore:setup.py install is deprecated setup.py egg_info --egg-base ../../../../../build/examples_rclpy_minimal_action_server build --build-base /home/jagadeesh97/ros2_ws/build/examples_rclpy_minimal_action_server/build install --record /home/jagadeesh97/ros2_ws/build/examples_rclpy_minimal_action_server/install.log --single-version-externally-managed install_data
