[3.839s] Invoking command in '/home/jagadeesh97/ros2_ws/src/examples/rclpy/services/minimal_client': DEBUGINFOD_URLS=https://debuginfod.ubuntu.com PYTHONPATH=/home/jagadeesh97/ros2_ws/build/examples_rclpy_minimal_client/prefix_override:/usr/lib/python3/dist-packages/colcon_core/task/python/colcon_distutils_commands:/home/jagadeesh97/ros2_ws/install/examples_rclpy_minimal_client/lib/python3.12/site-packages:${PYTHONPATH} /usr/bin/python3 -W ignore:setup.py install is deprecated setup.py egg_info --egg-base ../../../../../build/examples_rclpy_minimal_client build --build-base /home/jagadeesh97/ros2_ws/build/examples_rclpy_minimal_client/build install --record /home/jagadeesh97/ros2_ws/build/examples_rclpy_minimal_client/install.log --single-version-externally-managed install_data
[4.297s] running egg_info
[4.318s] writing ../../../../../build/examples_rclpy_minimal_client/examples_rclpy_minimal_client.egg-info/PKG-INFO
[4.319s] writing dependency_links to ../../../../../build/examples_rclpy_minimal_client/examples_rclpy_minimal_client.egg-info/dependency_links.txt
[4.319s] writing entry points to ../../../../../build/examples_rclpy_minimal_client/examples_rclpy_minimal_client.egg-info/entry_points.txt
[4.319s] writing requirements to ../../../../../build/examples_rclpy_minimal_client/examples_rclpy_minimal_client.egg-info/requires.txt
[4.319s] writing top-level names to ../../../../../build/examples_rclpy_minimal_client/examples_rclpy_minimal_client.egg-info/top_level.txt
[4.367s] reading manifest file '../../../../../build/examples_rclpy_minimal_client/examples_rclpy_minimal_client.egg-info/SOURCES.txt'
[4.369s] writing manifest file '../../../../../build/examples_rclpy_minimal_client/examples_rclpy_minimal_client.egg-info/SOURCES.txt'
[4.369s] running build
[4.369s] running build_py
[4.369s] running install
[4.376s] running install_lib
[4.401s] running install_data
[4.401s] running install_egg_info
[4.424s] removing '/home/jagadeesh97/ros2_ws/install/examples_rclpy_minimal_client/lib/python3.12/site-packages/examples_rclpy_minimal_client-0.19.4-py3.12.egg-info' (and everything under it)
[4.424s] Copying ../../../../../build/examples_rclpy_minimal_client/examples_rclpy_minimal_client.egg-info to /home/jagadeesh97/ros2_ws/install/examples_rclpy_minimal_client/lib/python3.12/site-packages/examples_rclpy_minimal_client-0.19.4-py3.12.egg-info
[4.425s] running install_scripts
[4.584s] Installing client script to /home/jagadeesh97/ros2_ws/install/examples_rclpy_minimal_client/lib/examples_rclpy_minimal_client
[4.584s] Installing client_async script to /home/jagadeesh97/ros2_ws/install/examples_rclpy_minimal_client/lib/examples_rclpy_minimal_client
[4.584s] Installing client_async_callback script to /home/jagadeesh97/ros2_ws/install/examples_rclpy_minimal_client/lib/examples_rclpy_minimal_client
[4.585s] Installing client_async_member_function script to /home/jagadeesh97/ros2_ws/install/examples_rclpy_minimal_client/lib/examples_rclpy_minimal_client
[4.585s] writing list of installed files to '/home/jagadeesh97/ros2_ws/build/examples_rclpy_minimal_client/install.log'
[4.620s] Invoked command in '/home/jagadeesh97/ros2_ws/src/examples/rclpy/services/minimal_client' returned '0': DEBUGINFOD_URLS=https://debuginfod.ubuntu.com PYTHONPATH=/home/jagadeesh97/ros2_ws/build/examples_rclpy_minimal_client/prefix_override:/usr/lib/python3/dist-packages/colcon_core/task/python/colcon_distutils_commands:/home/jagadeesh97/ros2_ws/install/examples_rclpy_minimal_client/lib/python3.12/site-packages:${PYTHONPATH} /usr/bin/python3 -W ignore:setup.py install is deprecated setup.py egg_info --egg-base ../../../../../build/examples_rclpy_minimal_client build --build-base /home/jagadeesh97/ros2_ws/build/examples_rclpy_minimal_client/build install --record /home/jagadeesh97/ros2_ws/build/examples_rclpy_minimal_client/install.log --single-version-externally-managed install_data
