[2.722s] Invoking command in '/home/jagadeesh97/ros2_ws/build/examples_rclpy_minimal_client': DEBUGINFOD_URLS=https://debuginfod.ubuntu.com PYTHONPATH=/home/jagadeesh97/ros2_ws/build/examples_rclpy_minimal_client/prefix_override:/usr/lib/python3/dist-packages/colcon_core/task/python/colcon_distutils_commands:/home/jagadeesh97/ros2_ws/install/examples_rclpy_minimal_client/lib/python3.12/site-packages:${PYTHONPATH} /usr/bin/python3 -W ignore:setup.py install is deprecated setup.py develop --uninstall --editable --build-directory /home/jagadeesh97/ros2_ws/build/examples_rclpy_minimal_client/build
[3.318s] running develop
[3.319s] /usr/lib/python3/dist-packages/setuptools/command/develop.py:40: EasyInstallDeprecationWarning: easy_install command is deprecated.
[3.319s] !!
[3.319s] 
[3.319s]         ********************************************************************************
[3.319s]         Please avoid running ``setup.py`` and ``easy_install``.
[3.319s]         Instead, use pypa/build, pypa/installer or other
[3.320s]         standards-based tools.
[3.320s] 
[3.320s]         See https://github.com/pypa/setuptools/issues/917 for details.
[3.320s]         ********************************************************************************
[3.320s] 
[3.320s] !!
[3.320s]   easy_install.initialize_options(self)
[3.591s] Removing /home/jagadeesh97/ros2_ws/install/examples_rclpy_minimal_client/lib/python3.12/site-packages/examples-rclpy-minimal-client.egg-link (link to .)
[3.652s] Invoked command in '/home/jagadeesh97/ros2_ws/build/examples_rclpy_minimal_client' returned '0': DEBUGINFOD_URLS=https://debuginfod.ubuntu.com PYTHONPATH=/home/jagadeesh97/ros2_ws/build/examples_rclpy_minimal_client/prefix_override:/usr/lib/python3/dist-packages/colcon_core/task/python/colcon_distutils_commands:/home/jagadeesh97/ros2_ws/install/examples_rclpy_minimal_client/lib/python3.12/site-packages:${PYTHONPATH} /usr/bin/python3 -W ignore:setup.py install is deprecated setup.py develop --uninstall --editable --build-directory /home/jagadeesh97/ros2_ws/build/examples_rclpy_minimal_client/build
[3.655s] Invoking command in '/home/jagadeesh97/ros2_ws/src/examples/rclpy/services/minimal_client': DEBUGINFOD_URLS=https://debuginfod.ubuntu.com PYTHONPATH=/home/jagadeesh97/ros2_ws/build/examples_rclpy_minimal_client/prefix_override:/usr/lib/python3/dist-packages/colcon_core/task/python/colcon_distutils_commands:/home/jagadeesh97/ros2_ws/install/examples_rclpy_minimal_client/lib/python3.12/site-packages:${PYTHONPATH} /usr/bin/python3 -W ignore:setup.py install is deprecated setup.py egg_info --egg-base ../../../../../build/examples_rclpy_minimal_client build --build-base /home/jagadeesh97/ros2_ws/build/examples_rclpy_minimal_client/build install --record /home/jagadeesh97/ros2_ws/build/examples_rclpy_minimal_client/install.log --single-version-externally-managed install_data --force
[4.308s] running egg_info
[4.354s] writing ../../../../../build/examples_rclpy_minimal_client/examples_rclpy_minimal_client.egg-info/PKG-INFO
[4.355s] writing dependency_links to ../../../../../build/examples_rclpy_minimal_client/examples_rclpy_minimal_client.egg-info/dependency_links.txt
[4.355s] writing entry points to ../../../../../build/examples_rclpy_minimal_client/examples_rclpy_minimal_client.egg-info/entry_points.txt
[4.355s] writing requirements to ../../../../../build/examples_rclpy_minimal_client/examples_rclpy_minimal_client.egg-info/requires.txt
[4.356s] writing top-level names to ../../../../../build/examples_rclpy_minimal_client/examples_rclpy_minimal_client.egg-info/top_level.txt
[4.447s] reading manifest file '../../../../../build/examples_rclpy_minimal_client/examples_rclpy_minimal_client.egg-info/SOURCES.txt'
[4.449s] writing manifest file '../../../../../build/examples_rclpy_minimal_client/examples_rclpy_minimal_client.egg-info/SOURCES.txt'
[4.449s] running build
[4.450s] running build_py
[4.450s] creating /home/jagadeesh97/ros2_ws/build/examples_rclpy_minimal_client/build
[4.450s] creating /home/jagadeesh97/ros2_ws/build/examples_rclpy_minimal_client/build/lib
[4.450s] creating /home/jagadeesh97/ros2_ws/build/examples_rclpy_minimal_client/build/lib/examples_rclpy_minimal_client
[4.450s] copying examples_rclpy_minimal_client/client.py -> /home/jagadeesh97/ros2_ws/build/examples_rclpy_minimal_client/build/lib/examples_rclpy_minimal_client
[4.451s] copying examples_rclpy_minimal_client/__init__.py -> /home/jagadeesh97/ros2_ws/build/examples_rclpy_minimal_client/build/lib/examples_rclpy_minimal_client
[4.451s] copying examples_rclpy_minimal_client/client_async.py -> /home/jagadeesh97/ros2_ws/build/examples_rclpy_minimal_client/build/lib/examples_rclpy_minimal_client
[4.451s] copying examples_rclpy_minimal_client/client_async_member_function.py -> /home/jagadeesh97/ros2_ws/build/examples_rclpy_minimal_client/build/lib/examples_rclpy_minimal_client
[4.451s] copying examples_rclpy_minimal_client/client_async_callback.py -> /home/jagadeesh97/ros2_ws/build/examples_rclpy_minimal_client/build/lib/examples_rclpy_minimal_client
[4.452s] running install
[4.466s] running install_lib
[4.508s] creating /home/jagadeesh97/ros2_ws/install/examples_rclpy_minimal_client/lib/python3.12/site-packages/examples_rclpy_minimal_client
[4.508s] copying /home/jagadeesh97/ros2_ws/build/examples_rclpy_minimal_client/build/lib/examples_rclpy_minimal_client/client.py -> /home/jagadeesh97/ros2_ws/install/examples_rclpy_minimal_client/lib/python3.12/site-packages/examples_rclpy_minimal_client
[4.509s] copying /home/jagadeesh97/ros2_ws/build/examples_rclpy_minimal_client/build/lib/examples_rclpy_minimal_client/__init__.py -> /home/jagadeesh97/ros2_ws/install/examples_rclpy_minimal_client/lib/python3.12/site-packages/examples_rclpy_minimal_client
[4.509s] copying /home/jagadeesh97/ros2_ws/build/examples_rclpy_minimal_client/build/lib/examples_rclpy_minimal_client/client_async.py -> /home/jagadeesh97/ros2_ws/install/examples_rclpy_minimal_client/lib/python3.12/site-packages/examples_rclpy_minimal_client
[4.509s] copying /home/jagadeesh97/ros2_ws/build/examples_rclpy_minimal_client/build/lib/examples_rclpy_minimal_client/client_async_member_function.py -> /home/jagadeesh97/ros2_ws/install/examples_rclpy_minimal_client/lib/python3.12/site-packages/examples_rclpy_minimal_client
[4.510s] copying /home/jagadeesh97/ros2_ws/build/examples_rclpy_minimal_client/build/lib/examples_rclpy_minimal_client/client_async_callback.py -> /home/jagadeesh97/ros2_ws/install/examples_rclpy_minimal_client/lib/python3.12/site-packages/examples_rclpy_minimal_client
[4.512s] byte-compiling /home/jagadeesh97/ros2_ws/install/examples_rclpy_minimal_client/lib/python3.12/site-packages/examples_rclpy_minimal_client/client.py to client.cpython-312.pyc
[4.513s] byte-compiling /home/jagadeesh97/ros2_ws/install/examples_rclpy_minimal_client/lib/python3.12/site-packages/examples_rclpy_minimal_client/__init__.py to __init__.cpython-312.pyc
[4.513s] byte-compiling /home/jagadeesh97/ros2_ws/install/examples_rclpy_minimal_client/lib/python3.12/site-packages/examples_rclpy_minimal_client/client_async.py to client_async.cpython-312.pyc
[4.514s] byte-compiling /home/jagadeesh97/ros2_ws/install/examples_rclpy_minimal_client/lib/python3.12/site-packages/examples_rclpy_minimal_client/client_async_member_function.py to client_async_member_function.cpython-312.pyc
[4.515s] byte-compiling /home/jagadeesh97/ros2_ws/install/examples_rclpy_minimal_client/lib/python3.12/site-packages/examples_rclpy_minimal_client/client_async_callback.py to client_async_callback.cpython-312.pyc
[4.516s] running install_data
[4.516s] copying resource/examples_rclpy_minimal_client -> /home/jagadeesh97/ros2_ws/install/examples_rclpy_minimal_client/share/ament_index/resource_index/packages
[4.516s] copying package.xml -> /home/jagadeesh97/ros2_ws/install/examples_rclpy_minimal_client/share/examples_rclpy_minimal_client
[4.516s] running install_egg_info
[4.560s] Copying ../../../../../build/examples_rclpy_minimal_client/examples_rclpy_minimal_client.egg-info to /home/jagadeesh97/ros2_ws/install/examples_rclpy_minimal_client/lib/python3.12/site-packages/examples_rclpy_minimal_client-0.19.4-py3.12.egg-info
[4.562s] running install_scripts
[4.830s] Installing client script to /home/jagadeesh97/ros2_ws/install/examples_rclpy_minimal_client/lib/examples_rclpy_minimal_client
[4.830s] Installing client_async script to /home/jagadeesh97/ros2_ws/install/examples_rclpy_minimal_client/lib/examples_rclpy_minimal_client
[4.830s] Installing client_async_callback script to /home/jagadeesh97/ros2_ws/install/examples_rclpy_minimal_client/lib/examples_rclpy_minimal_client
[4.830s] Installing client_async_member_function script to /home/jagadeesh97/ros2_ws/install/examples_rclpy_minimal_client/lib/examples_rclpy_minimal_client
[4.831s] writing list of installed files to '/home/jagadeesh97/ros2_ws/build/examples_rclpy_minimal_client/install.log'
[4.872s] Invoked command in '/home/jagadeesh97/ros2_ws/src/examples/rclpy/services/minimal_client' returned '0': DEBUGINFOD_URLS=https://debuginfod.ubuntu.com PYTHONPATH=/home/jagadeesh97/ros2_ws/build/examples_rclpy_minimal_client/prefix_override:/usr/lib/python3/dist-packages/colcon_core/task/python/colcon_distutils_commands:/home/jagadeesh97/ros2_ws/install/examples_rclpy_minimal_client/lib/python3.12/site-packages:${PYTHONPATH} /usr/bin/python3 -W ignore:setup.py install is deprecated setup.py egg_info --egg-base ../../../../../build/examples_rclpy_minimal_client build --build-base /home/jagadeesh97/ros2_ws/build/examples_rclpy_minimal_client/build install --record /home/jagadeesh97/ros2_ws/build/examples_rclpy_minimal_client/install.log --single-version-externally-managed install_data --force
