[3.834s] Invoking command in '/home/jagadeesh97/ros2_ws/build/examples_rclpy_executors': DEBUGINFOD_URLS=https://debuginfod.ubuntu.com PYTHONPATH=/home/jagadeesh97/ros2_ws/build/examples_rclpy_executors/prefix_override:/usr/lib/python3/dist-packages/colcon_core/task/python/colcon_distutils_commands:/home/jagadeesh97/ros2_ws/install/examples_rclpy_executors/lib/python3.12/site-packages:${PYTHONPATH} /usr/bin/python3 -W ignore:setup.py install is deprecated setup.py develop --editable --build-directory /home/jagadeesh97/ros2_ws/build/examples_rclpy_executors/build --no-deps symlink_data
[10.266s] running develop
[10.267s] running egg_info
[10.267s] creating examples_rclpy_executors.egg-info
[10.267s] writing examples_rclpy_executors.egg-info/PKG-INFO
[10.268s] writing dependency_links to examples_rclpy_executors.egg-info/dependency_links.txt
[10.268s] writing entry points to examples_rclpy_executors.egg-info/entry_points.txt
[10.268s] writing requirements to examples_rclpy_executors.egg-info/requires.txt
[10.268s] writing top-level names to examples_rclpy_executors.egg-info/top_level.txt
[10.268s] writing manifest file 'examples_rclpy_executors.egg-info/SOURCES.txt'
[10.268s] reading manifest file 'examples_rclpy_executors.egg-info/SOURCES.txt'
[10.268s] writing manifest file 'examples_rclpy_executors.egg-info/SOURCES.txt'
[10.268s] running build_ext
[10.269s] Creating /home/jagadeesh97/ros2_ws/install/examples_rclpy_executors/lib/python3.12/site-packages/examples-rclpy-executors.egg-link (link to .)
[10.274s] Installing callback_group script to /home/jagadeesh97/ros2_ws/install/examples_rclpy_executors/lib/examples_rclpy_executors
[10.274s] Installing composed script to /home/jagadeesh97/ros2_ws/install/examples_rclpy_executors/lib/examples_rclpy_executors
[10.274s] Installing custom_callback_group script to /home/jagadeesh97/ros2_ws/install/examples_rclpy_executors/lib/examples_rclpy_executors
[10.274s] Installing custom_executor script to /home/jagadeesh97/ros2_ws/install/examples_rclpy_executors/lib/examples_rclpy_executors
[10.275s] Installing listener script to /home/jagadeesh97/ros2_ws/install/examples_rclpy_executors/lib/examples_rclpy_executors
[10.275s] Installing talker script to /home/jagadeesh97/ros2_ws/install/examples_rclpy_executors/lib/examples_rclpy_executors
[10.275s] 
[10.275s] Installed /home/jagadeesh97/ros2_ws/build/examples_rclpy_executors
[10.275s] running symlink_data
[10.275s] creating /home/jagadeesh97/ros2_ws/install/examples_rclpy_executors/share/ament_index
[10.275s] creating /home/jagadeesh97/ros2_ws/install/examples_rclpy_executors/share/ament_index/resource_index
[10.275s] creating /home/jagadeesh97/ros2_ws/install/examples_rclpy_executors/share/ament_index/resource_index/packages
[10.275s] symbolically linking /home/jagadeesh97/ros2_ws/build/examples_rclpy_executors/resource/examples_rclpy_executors -> /home/jagadeesh97/ros2_ws/install/examples_rclpy_executors/share/ament_index/resource_index/packages
[10.275s] symbolically linking /home/jagadeesh97/ros2_ws/build/examples_rclpy_executors/package.xml -> /home/jagadeesh97/ros2_ws/install/examples_rclpy_executors/share/examples_rclpy_executors
[10.276s] /usr/lib/python3/dist-packages/setuptools/command/develop.py:40: EasyInstallDeprecationWarning: easy_install command is deprecated.
[10.277s] !!
[10.277s] 
[10.277s]         ********************************************************************************
[10.277s]         Please avoid running ``setup.py`` and ``easy_install``.
[10.278s]         Instead, use pypa/build, pypa/installer or other
[10.278s]         standards-based tools.
[10.278s] 
[10.278s]         See https://github.com/pypa/setuptools/issues/917 for details.
[10.278s]         ********************************************************************************
[10.278s] 
[10.278s] !!
[10.278s]   easy_install.initialize_options(self)
[10.353s] Invoked command in '/home/jagadeesh97/ros2_ws/build/examples_rclpy_executors' returned '0': DEBUGINFOD_URLS=https://debuginfod.ubuntu.com PYTHONPATH=/home/jagadeesh97/ros2_ws/build/examples_rclpy_executors/prefix_override:/usr/lib/python3/dist-packages/colcon_core/task/python/colcon_distutils_commands:/home/jagadeesh97/ros2_ws/install/examples_rclpy_executors/lib/python3.12/site-packages:${PYTHONPATH} /usr/bin/python3 -W ignore:setup.py install is deprecated setup.py develop --editable --build-directory /home/jagadeesh97/ros2_ws/build/examples_rclpy_executors/build --no-deps symlink_data
