[2.092s] Invoking command in '/home/jagadeesh97/ros2_ws/build/examples_rclpy_minimal_publisher': DEBUGINFOD_URLS=https://debuginfod.ubuntu.com PYTHONPATH=/home/jagadeesh97/ros2_ws/build/examples_rclpy_minimal_publisher/prefix_override:/usr/lib/python3/dist-packages/colcon_core/task/python/colcon_distutils_commands:/home/jagadeesh97/ros2_ws/install/examples_rclpy_minimal_publisher/lib/python3.12/site-packages:${PYTHONPATH} /usr/bin/python3 -W ignore:setup.py install is deprecated setup.py develop --editable --build-directory /home/jagadeesh97/ros2_ws/build/examples_rclpy_minimal_publisher/build --no-deps symlink_data --force
[2.322s] running develop
[2.323s] /usr/lib/python3/dist-packages/setuptools/command/develop.py:40: EasyInstallDeprecationWarning: easy_install command is deprecated.
[2.323s] !!
[2.323s] 
[2.323s]         ********************************************************************************
[2.323s]         Please avoid running ``setup.py`` and ``easy_install``.
[2.323s]         Instead, use pypa/build, pypa/installer or other
[2.323s]         standards-based tools.
[2.323s] 
[2.323s]         See https://github.com/pypa/setuptools/issues/917 for details.
[2.323s]         ********************************************************************************
[2.323s] 
[2.323s] !!
[2.323s]   easy_install.initialize_options(self)
[2.449s] running egg_info
[2.460s] writing examples_rclpy_minimal_publisher.egg-info/PKG-INFO
[2.460s] writing dependency_links to examples_rclpy_minimal_publisher.egg-info/dependency_links.txt
[2.460s] writing entry points to examples_rclpy_minimal_publisher.egg-info/entry_points.txt
[2.460s] writing requirements to examples_rclpy_minimal_publisher.egg-info/requires.txt
[2.460s] writing top-level names to examples_rclpy_minimal_publisher.egg-info/top_level.txt
[2.484s] reading manifest file 'examples_rclpy_minimal_publisher.egg-info/SOURCES.txt'
[2.484s] writing manifest file 'examples_rclpy_minimal_publisher.egg-info/SOURCES.txt'
[2.498s] running build_ext
[2.498s] Creating /home/jagadeesh97/ros2_ws/install/examples_rclpy_minimal_publisher/lib/python3.12/site-packages/examples-rclpy-minimal-publisher.egg-link (link to .)
[2.498s] Installing publisher_local_function script to /home/jagadeesh97/ros2_ws/install/examples_rclpy_minimal_publisher/lib/examples_rclpy_minimal_publisher
[2.499s] Installing publisher_member_function script to /home/jagadeesh97/ros2_ws/install/examples_rclpy_minimal_publisher/lib/examples_rclpy_minimal_publisher
[2.499s] Installing publisher_old_school script to /home/jagadeesh97/ros2_ws/install/examples_rclpy_minimal_publisher/lib/examples_rclpy_minimal_publisher
[2.499s] 
[2.499s] Installed /home/jagadeesh97/ros2_ws/build/examples_rclpy_minimal_publisher
[2.499s] running symlink_data
[2.499s] symbolically linking /home/jagadeesh97/ros2_ws/build/examples_rclpy_minimal_publisher/resource/examples_rclpy_minimal_publisher -> /home/jagadeesh97/ros2_ws/install/examples_rclpy_minimal_publisher/share/ament_index/resource_index/packages
[2.499s] symbolically linking /home/jagadeesh97/ros2_ws/build/examples_rclpy_minimal_publisher/package.xml -> /home/jagadeesh97/ros2_ws/install/examples_rclpy_minimal_publisher/share/examples_rclpy_minimal_publisher
[2.530s] Invoked command in '/home/jagadeesh97/ros2_ws/build/examples_rclpy_minimal_publisher' returned '0': DEBUGINFOD_URLS=https://debuginfod.ubuntu.com PYTHONPATH=/home/jagadeesh97/ros2_ws/build/examples_rclpy_minimal_publisher/prefix_override:/usr/lib/python3/dist-packages/colcon_core/task/python/colcon_distutils_commands:/home/jagadeesh97/ros2_ws/install/examples_rclpy_minimal_publisher/lib/python3.12/site-packages:${PYTHONPATH} /usr/bin/python3 -W ignore:setup.py install is deprecated setup.py develop --editable --build-directory /home/jagadeesh97/ros2_ws/build/examples_rclpy_minimal_publisher/build --no-deps symlink_data --force
