[3.071s] Invoking command in '/home/jagadeesh97/ros2_ws/src/examples/rclpy/topics/minimal_publisher': DEBUGINFOD_URLS=https://debuginfod.ubuntu.com PYTHONPATH=/home/jagadeesh97/ros2_ws/build/examples_rclpy_minimal_publisher/prefix_override:/usr/lib/python3/dist-packages/colcon_core/task/python/colcon_distutils_commands:/home/jagadeesh97/ros2_ws/install/examples_rclpy_minimal_publisher/lib/python3.12/site-packages:${PYTHONPATH} /usr/bin/python3 -W ignore:setup.py install is deprecated setup.py egg_info --egg-base ../../../../../build/examples_rclpy_minimal_publisher build --build-base /home/jagadeesh97/ros2_ws/build/examples_rclpy_minimal_publisher/build install --record /home/jagadeesh97/ros2_ws/build/examples_rclpy_minimal_publisher/install.log --single-version-externally-managed install_data
[3.709s] running egg_info
[3.746s] writing ../../../../../build/examples_rclpy_minimal_publisher/examples_rclpy_minimal_publisher.egg-info/PKG-INFO
[3.746s] writing dependency_links to ../../../../../build/examples_rclpy_minimal_publisher/examples_rclpy_minimal_publisher.egg-info/dependency_links.txt
[3.747s] writing entry points to ../../../../../build/examples_rclpy_minimal_publisher/examples_rclpy_minimal_publisher.egg-info/entry_points.txt
[3.749s] writing requirements to ../../../../../build/examples_rclpy_minimal_publisher/examples_rclpy_minimal_publisher.egg-info/requires.txt
[3.749s] writing top-level names to ../../../../../build/examples_rclpy_minimal_publisher/examples_rclpy_minimal_publisher.egg-info/top_level.txt
[3.824s] reading manifest file '../../../../../build/examples_rclpy_minimal_publisher/examples_rclpy_minimal_publisher.egg-info/SOURCES.txt'
[3.826s] writing manifest file '../../../../../build/examples_rclpy_minimal_publisher/examples_rclpy_minimal_publisher.egg-info/SOURCES.txt'
[3.826s] running build
[3.826s] running build_py
[3.827s] running install
[3.839s] running install_lib
[3.877s] running install_data
[3.877s] running install_egg_info
[3.921s] removing '/home/jagadeesh97/ros2_ws/install/examples_rclpy_minimal_publisher/lib/python3.12/site-packages/examples_rclpy_minimal_publisher-0.19.4-py3.12.egg-info' (and everything under it)
[3.921s] Copying ../../../../../build/examples_rclpy_minimal_publisher/examples_rclpy_minimal_publisher.egg-info to /home/jagadeesh97/ros2_ws/install/examples_rclpy_minimal_publisher/lib/python3.12/site-packages/examples_rclpy_minimal_publisher-0.19.4-py3.12.egg-info
[3.923s] running install_scripts
[4.161s] Installing publisher_local_function script to /home/jagadeesh97/ros2_ws/install/examples_rclpy_minimal_publisher/lib/examples_rclpy_minimal_publisher
[4.161s] Installing publisher_member_function script to /home/jagadeesh97/ros2_ws/install/examples_rclpy_minimal_publisher/lib/examples_rclpy_minimal_publisher
[4.162s] Installing publisher_old_school script to /home/jagadeesh97/ros2_ws/install/examples_rclpy_minimal_publisher/lib/examples_rclpy_minimal_publisher
[4.162s] writing list of installed files to '/home/jagadeesh97/ros2_ws/build/examples_rclpy_minimal_publisher/install.log'
[4.205s] Invoked command in '/home/jagadeesh97/ros2_ws/src/examples/rclpy/topics/minimal_publisher' returned '0': DEBUGINFOD_URLS=https://debuginfod.ubuntu.com PYTHONPATH=/home/jagadeesh97/ros2_ws/build/examples_rclpy_minimal_publisher/prefix_override:/usr/lib/python3/dist-packages/colcon_core/task/python/colcon_distutils_commands:/home/jagadeesh97/ros2_ws/install/examples_rclpy_minimal_publisher/lib/python3.12/site-packages:${PYTHONPATH} /usr/bin/python3 -W ignore:setup.py install is deprecated setup.py egg_info --egg-base ../../../../../build/examples_rclpy_minimal_publisher build --build-base /home/jagadeesh97/ros2_ws/build/examples_rclpy_minimal_publisher/build install --record /home/jagadeesh97/ros2_ws/build/examples_rclpy_minimal_publisher/install.log --single-version-externally-managed install_data
