[0.134s] DEBUG:colcon:Command line arguments: ['/usr/bin/colcon', 'list', '-p', '--base-paths', '/home/jagadeesh97/ros2_ws']
[0.134s] DEBUG:colcon:Parsed command line arguments: Namespace(log_base=None, log_level=None, verb_name='list', build_base='build', ignore_user_meta=False, metas=['./colcon.meta'], base_paths=['/home/jagadeesh97/ros2_ws'], packages_ignore=None, packages_ignore_regex=None, paths=None, packages_up_to=None, packages_up_to_regex=None, packages_above=None, packages_above_and_dependencies=None, packages_above_depth=None, packages_select_by_dep=None, packages_skip_by_dep=None, packages_skip_up_to=None, packages_select_build_failed=False, packages_skip_build_finished=False, packages_select_test_failures=False, packages_skip_test_passed=False, packages_select=None, packages_skip=None, packages_select_regex=None, packages_skip_regex=None, packages_start=None, packages_end=None, allow_overriding=[], topological_order=False, names_only=False, paths_only=True, topological_graph=False, topological_graph_dot=False, topological_graph_density=False, topological_graph_legend=False, topological_graph_dot_cluster=False, topological_graph_dot_include_skipped=False, mixin_files=None, mixin=None, verb_parser=<colcon_mixin.mixin.mixin_argument.MixinArgumentDecorator object at 0x715b4a08b6e0>, verb_extension=<colcon_package_information.verb.list.ListVerb object at 0x715b4a007320>, main=<bound method ListVerb.main of <colcon_package_information.verb.list.ListVerb object at 0x715b4a007320>>, mixin_verb=('list',))
[0.203s] Level 1:colcon.colcon_core.package_discovery:discover_packages(colcon_meta) check parameters
[0.203s] Level 1:colcon.colcon_core.package_discovery:discover_packages(recursive) check parameters
[0.203s] Level 1:colcon.colcon_core.package_discovery:discover_packages(ignore) check parameters
[0.203s] Level 1:colcon.colcon_core.package_discovery:discover_packages(path) check parameters
[0.203s] Level 1:colcon.colcon_core.package_discovery:discover_packages(recursive) discover
[0.203s] INFO:colcon.colcon_core.package_discovery:Crawling recursively for packages in '/home/jagadeesh97/ros2_ws'
[0.203s] Level 1:colcon.colcon_core.package_identification:_identify(/home/jagadeesh97/ros2_ws) by extensions ['ignore', 'ignore_ament_install']
[0.203s] Level 1:colcon.colcon_core.package_identification:_identify(/home/jagadeesh97/ros2_ws) by extension 'ignore'
[0.203s] Level 1:colcon.colcon_core.package_identification:_identify(/home/jagadeesh97/ros2_ws) by extension 'ignore_ament_install'
[0.203s] Level 1:colcon.colcon_core.package_identification:_identify(/home/jagadeesh97/ros2_ws) by extensions ['colcon_pkg']
[0.203s] Level 1:colcon.colcon_core.package_identification:_identify(/home/jagadeesh97/ros2_ws) by extension 'colcon_pkg'
[0.204s] Level 1:colcon.colcon_core.package_identification:_identify(/home/jagadeesh97/ros2_ws) by extensions ['colcon_meta']
[0.204s] Level 1:colcon.colcon_core.package_identification:_identify(/home/jagadeesh97/ros2_ws) by extension 'colcon_meta'
[0.204s] Level 1:colcon.colcon_core.package_identification:_identify(/home/jagadeesh97/ros2_ws) by extensions ['ros']
[0.204s] Level 1:colcon.colcon_core.package_identification:_identify(/home/jagadeesh97/ros2_ws) by extension 'ros'
[0.234s] Level 1:colcon.colcon_core.package_identification:_identify(/home/jagadeesh97/ros2_ws) by extensions ['cmake', 'python']
[0.234s] Level 1:colcon.colcon_core.package_identification:_identify(/home/jagadeesh97/ros2_ws) by extension 'cmake'
[0.234s] Level 1:colcon.colcon_core.package_identification:_identify(/home/jagadeesh97/ros2_ws) by extension 'python'
[0.234s] Level 1:colcon.colcon_core.package_identification:_identify(/home/jagadeesh97/ros2_ws) by extensions ['python_setup_py']
[0.234s] Level 1:colcon.colcon_core.package_identification:_identify(/home/jagadeesh97/ros2_ws) by extension 'python_setup_py'
[0.234s] Level 1:colcon.colcon_core.package_identification:_identify(/home/jagadeesh97/ros2_ws/build) by extensions ['ignore', 'ignore_ament_install']
[0.235s] Level 1:colcon.colcon_core.package_identification:_identify(/home/jagadeesh97/ros2_ws/build) by extension 'ignore'
[0.235s] Level 1:colcon.colcon_core.package_identification:_identify(/home/jagadeesh97/ros2_ws/build) ignored
[0.235s] Level 1:colcon.colcon_core.package_identification:_identify(/home/jagadeesh97/ros2_ws/install) by extensions ['ignore', 'ignore_ament_install']
[0.235s] Level 1:colcon.colcon_core.package_identification:_identify(/home/jagadeesh97/ros2_ws/install) by extension 'ignore'
[0.235s] Level 1:colcon.colcon_core.package_identification:_identify(/home/jagadeesh97/ros2_ws/install) ignored
[0.235s] Level 1:colcon.colcon_core.package_identification:_identify(/home/jagadeesh97/ros2_ws/log) by extensions ['ignore', 'ignore_ament_install']
[0.235s] Level 1:colcon.colcon_core.package_identification:_identify(/home/jagadeesh97/ros2_ws/log) by extension 'ignore'
[0.235s] Level 1:colcon.colcon_core.package_identification:_identify(/home/jagadeesh97/ros2_ws/log) ignored
[0.235s] Level 1:colcon.colcon_core.package_identification:_identify(/home/jagadeesh97/ros2_ws/src) by extensions ['ignore', 'ignore_ament_install']
[0.235s] Level 1:colcon.colcon_core.package_identification:_identify(/home/jagadeesh97/ros2_ws/src) by extension 'ignore'
[0.235s] Level 1:colcon.colcon_core.package_identification:_identify(/home/jagadeesh97/ros2_ws/src) by extension 'ignore_ament_install'
[0.236s] Level 1:colcon.colcon_core.package_identification:_identify(/home/jagadeesh97/ros2_ws/src) by extensions ['colcon_pkg']
[0.236s] Level 1:colcon.colcon_core.package_identification:_identify(/home/jagadeesh97/ros2_ws/src) by extension 'colcon_pkg'
[0.236s] Level 1:colcon.colcon_core.package_identification:_identify(/home/jagadeesh97/ros2_ws/src) by extensions ['colcon_meta']
[0.236s] Level 1:colcon.colcon_core.package_identification:_identify(/home/jagadeesh97/ros2_ws/src) by extension 'colcon_meta'
[0.236s] Level 1:colcon.colcon_core.package_identification:_identify(/home/jagadeesh97/ros2_ws/src) by extensions ['ros']
[0.236s] Level 1:colcon.colcon_core.package_identification:_identify(/home/jagadeesh97/ros2_ws/src) by extension 'ros'
[0.236s] Level 1:colcon.colcon_core.package_identification:_identify(/home/jagadeesh97/ros2_ws/src) by extensions ['cmake', 'python']
[0.236s] Level 1:colcon.colcon_core.package_identification:_identify(/home/jagadeesh97/ros2_ws/src) by extension 'cmake'
[0.236s] Level 1:colcon.colcon_core.package_identification:_identify(/home/jagadeesh97/ros2_ws/src) by extension 'python'
[0.236s] Level 1:colcon.colcon_core.package_identification:_identify(/home/jagadeesh97/ros2_ws/src) by extensions ['python_setup_py']
[0.236s] Level 1:colcon.colcon_core.package_identification:_identify(/home/jagadeesh97/ros2_ws/src) by extension 'python_setup_py'
[0.236s] Level 1:colcon.colcon_core.package_identification:_identify(/home/jagadeesh97/ros2_ws/src/build) by extensions ['ignore', 'ignore_ament_install']
[0.236s] Level 1:colcon.colcon_core.package_identification:_identify(/home/jagadeesh97/ros2_ws/src/build) by extension 'ignore'
[0.236s] Level 1:colcon.colcon_core.package_identification:_identify(/home/jagadeesh97/ros2_ws/src/build) ignored
[0.236s] Level 1:colcon.colcon_core.package_identification:_identify(/home/jagadeesh97/ros2_ws/src/examples) by extensions ['ignore', 'ignore_ament_install']
[0.236s] Level 1:colcon.colcon_core.package_identification:_identify(/home/jagadeesh97/ros2_ws/src/examples) by extension 'ignore'
[0.236s] Level 1:colcon.colcon_core.package_identification:_identify(/home/jagadeesh97/ros2_ws/src/examples) by extension 'ignore_ament_install'
[0.237s] Level 1:colcon.colcon_core.package_identification:_identify(/home/jagadeesh97/ros2_ws/src/examples) by extensions ['colcon_pkg']
[0.237s] Level 1:colcon.colcon_core.package_identification:_identify(/home/jagadeesh97/ros2_ws/src/examples) by extension 'colcon_pkg'
[0.237s] Level 1:colcon.colcon_core.package_identification:_identify(/home/jagadeesh97/ros2_ws/src/examples) by extensions ['colcon_meta']
[0.237s] Level 1:colcon.colcon_core.package_identification:_identify(/home/jagadeesh97/ros2_ws/src/examples) by extension 'colcon_meta'
[0.237s] Level 1:colcon.colcon_core.package_identification:_identify(/home/jagadeesh97/ros2_ws/src/examples) by extensions ['ros']
[0.237s] Level 1:colcon.colcon_core.package_identification:_identify(/home/jagadeesh97/ros2_ws/src/examples) by extension 'ros'
[0.237s] Level 1:colcon.colcon_core.package_identification:_identify(/home/jagadeesh97/ros2_ws/src/examples) by extensions ['cmake', 'python']
[0.237s] Level 1:colcon.colcon_core.package_identification:_identify(/home/jagadeesh97/ros2_ws/src/examples) by extension 'cmake'
[0.237s] Level 1:colcon.colcon_core.package_identification:_identify(/home/jagadeesh97/ros2_ws/src/examples) by extension 'python'
[0.237s] Level 1:colcon.colcon_core.package_identification:_identify(/home/jagadeesh97/ros2_ws/src/examples) by extensions ['python_setup_py']
[0.237s] Level 1:colcon.colcon_core.package_identification:_identify(/home/jagadeesh97/ros2_ws/src/examples) by extension 'python_setup_py'
[0.237s] Level 1:colcon.colcon_core.package_identification:_identify(/home/jagadeesh97/ros2_ws/src/examples/launch_testing) by extensions ['ignore', 'ignore_ament_install']
[0.237s] Level 1:colcon.colcon_core.package_identification:_identify(/home/jagadeesh97/ros2_ws/src/examples/launch_testing) by extension 'ignore'
[0.237s] Level 1:colcon.colcon_core.package_identification:_identify(/home/jagadeesh97/ros2_ws/src/examples/launch_testing) by extension 'ignore_ament_install'
[0.237s] Level 1:colcon.colcon_core.package_identification:_identify(/home/jagadeesh97/ros2_ws/src/examples/launch_testing) by extensions ['colcon_pkg']
[0.237s] Level 1:colcon.colcon_core.package_identification:_identify(/home/jagadeesh97/ros2_ws/src/examples/launch_testing) by extension 'colcon_pkg'
[0.237s] Level 1:colcon.colcon_core.package_identification:_identify(/home/jagadeesh97/ros2_ws/src/examples/launch_testing) by extensions ['colcon_meta']
[0.237s] Level 1:colcon.colcon_core.package_identification:_identify(/home/jagadeesh97/ros2_ws/src/examples/launch_testing) by extension 'colcon_meta'
[0.237s] Level 1:colcon.colcon_core.package_identification:_identify(/home/jagadeesh97/ros2_ws/src/examples/launch_testing) by extensions ['ros']
[0.237s] Level 1:colcon.colcon_core.package_identification:_identify(/home/jagadeesh97/ros2_ws/src/examples/launch_testing) by extension 'ros'
[0.238s] Level 1:colcon.colcon_core.package_identification:_identify(/home/jagadeesh97/ros2_ws/src/examples/launch_testing) by extensions ['cmake', 'python']
[0.238s] Level 1:colcon.colcon_core.package_identification:_identify(/home/jagadeesh97/ros2_ws/src/examples/launch_testing) by extension 'cmake'
[0.238s] Level 1:colcon.colcon_core.package_identification:_identify(/home/jagadeesh97/ros2_ws/src/examples/launch_testing) by extension 'python'
[0.238s] Level 1:colcon.colcon_core.package_identification:_identify(/home/jagadeesh97/ros2_ws/src/examples/launch_testing) by extensions ['python_setup_py']
[0.238s] Level 1:colcon.colcon_core.package_identification:_identify(/home/jagadeesh97/ros2_ws/src/examples/launch_testing) by extension 'python_setup_py'
[0.238s] Level 1:colcon.colcon_core.package_identification:_identify(/home/jagadeesh97/ros2_ws/src/examples/launch_testing/launch_testing_examples) by extensions ['ignore', 'ignore_ament_install']
[0.238s] Level 1:colcon.colcon_core.package_identification:_identify(/home/jagadeesh97/ros2_ws/src/examples/launch_testing/launch_testing_examples) by extension 'ignore'
[0.238s] Level 1:colcon.colcon_core.package_identification:_identify(/home/jagadeesh97/ros2_ws/src/examples/launch_testing/launch_testing_examples) by extension 'ignore_ament_install'
[0.238s] Level 1:colcon.colcon_core.package_identification:_identify(/home/jagadeesh97/ros2_ws/src/examples/launch_testing/launch_testing_examples) by extensions ['colcon_pkg']
[0.238s] Level 1:colcon.colcon_core.package_identification:_identify(/home/jagadeesh97/ros2_ws/src/examples/launch_testing/launch_testing_examples) by extension 'colcon_pkg'
[0.238s] Level 1:colcon.colcon_core.package_identification:_identify(/home/jagadeesh97/ros2_ws/src/examples/launch_testing/launch_testing_examples) by extensions ['colcon_meta']
[0.238s] Level 1:colcon.colcon_core.package_identification:_identify(/home/jagadeesh97/ros2_ws/src/examples/launch_testing/launch_testing_examples) by extension 'colcon_meta'
[0.238s] Level 1:colcon.colcon_core.package_identification:_identify(/home/jagadeesh97/ros2_ws/src/examples/launch_testing/launch_testing_examples) by extensions ['ros']
[0.238s] Level 1:colcon.colcon_core.package_identification:_identify(/home/jagadeesh97/ros2_ws/src/examples/launch_testing/launch_testing_examples) by extension 'ros'
[0.243s] DEBUG:colcon.colcon_core.package_identification:Package '/home/jagadeesh97/ros2_ws/src/examples/launch_testing/launch_testing_examples' with type 'ros.ament_python' and name 'launch_testing_examples'
[0.243s] Level 1:colcon.colcon_core.package_identification:_identify(/home/jagadeesh97/ros2_ws/src/examples/rclcpp) by extensions ['ignore', 'ignore_ament_install']
[0.243s] Level 1:colcon.colcon_core.package_identification:_identify(/home/jagadeesh97/ros2_ws/src/examples/rclcpp) by extension 'ignore'
[0.243s] Level 1:colcon.colcon_core.package_identification:_identify(/home/jagadeesh97/ros2_ws/src/examples/rclcpp) by extension 'ignore_ament_install'
[0.243s] Level 1:colcon.colcon_core.package_identification:_identify(/home/jagadeesh97/ros2_ws/src/examples/rclcpp) by extensions ['colcon_pkg']
[0.243s] Level 1:colcon.colcon_core.package_identification:_identify(/home/jagadeesh97/ros2_ws/src/examples/rclcpp) by extension 'colcon_pkg'
[0.243s] Level 1:colcon.colcon_core.package_identification:_identify(/home/jagadeesh97/ros2_ws/src/examples/rclcpp) by extensions ['colcon_meta']
[0.243s] Level 1:colcon.colcon_core.package_identification:_identify(/home/jagadeesh97/ros2_ws/src/examples/rclcpp) by extension 'colcon_meta'
[0.243s] Level 1:colcon.colcon_core.package_identification:_identify(/home/jagadeesh97/ros2_ws/src/examples/rclcpp) by extensions ['ros']
[0.243s] Level 1:colcon.colcon_core.package_identification:_identify(/home/jagadeesh97/ros2_ws/src/examples/rclcpp) by extension 'ros'
[0.243s] Level 1:colcon.colcon_core.package_identification:_identify(/home/jagadeesh97/ros2_ws/src/examples/rclcpp) by extensions ['cmake', 'python']
[0.243s] Level 1:colcon.colcon_core.package_identification:_identify(/home/jagadeesh97/ros2_ws/src/examples/rclcpp) by extension 'cmake'
[0.243s] Level 1:colcon.colcon_core.package_identification:_identify(/home/jagadeesh97/ros2_ws/src/examples/rclcpp) by extension 'python'
[0.243s] Level 1:colcon.colcon_core.package_identification:_identify(/home/jagadeesh97/ros2_ws/src/examples/rclcpp) by extensions ['python_setup_py']
[0.243s] Level 1:colcon.colcon_core.package_identification:_identify(/home/jagadeesh97/ros2_ws/src/examples/rclcpp) by extension 'python_setup_py'
[0.243s] Level 1:colcon.colcon_core.package_identification:_identify(/home/jagadeesh97/ros2_ws/src/examples/rclcpp/actions) by extensions ['ignore', 'ignore_ament_install']
[0.244s] Level 1:colcon.colcon_core.package_identification:_identify(/home/jagadeesh97/ros2_ws/src/examples/rclcpp/actions) by extension 'ignore'
[0.244s] Level 1:colcon.colcon_core.package_identification:_identify(/home/jagadeesh97/ros2_ws/src/examples/rclcpp/actions) by extension 'ignore_ament_install'
[0.244s] Level 1:colcon.colcon_core.package_identification:_identify(/home/jagadeesh97/ros2_ws/src/examples/rclcpp/actions) by extensions ['colcon_pkg']
[0.244s] Level 1:colcon.colcon_core.package_identification:_identify(/home/jagadeesh97/ros2_ws/src/examples/rclcpp/actions) by extension 'colcon_pkg'
[0.244s] Level 1:colcon.colcon_core.package_identification:_identify(/home/jagadeesh97/ros2_ws/src/examples/rclcpp/actions) by extensions ['colcon_meta']
[0.244s] Level 1:colcon.colcon_core.package_identification:_identify(/home/jagadeesh97/ros2_ws/src/examples/rclcpp/actions) by extension 'colcon_meta'
[0.244s] Level 1:colcon.colcon_core.package_identification:_identify(/home/jagadeesh97/ros2_ws/src/examples/rclcpp/actions) by extensions ['ros']
[0.244s] Level 1:colcon.colcon_core.package_identification:_identify(/home/jagadeesh97/ros2_ws/src/examples/rclcpp/actions) by extension 'ros'
[0.244s] Level 1:colcon.colcon_core.package_identification:_identify(/home/jagadeesh97/ros2_ws/src/examples/rclcpp/actions) by extensions ['cmake', 'python']
[0.244s] Level 1:colcon.colcon_core.package_identification:_identify(/home/jagadeesh97/ros2_ws/src/examples/rclcpp/actions) by extension 'cmake'
[0.244s] Level 1:colcon.colcon_core.package_identification:_identify(/home/jagadeesh97/ros2_ws/src/examples/rclcpp/actions) by extension 'python'
[0.244s] Level 1:colcon.colcon_core.package_identification:_identify(/home/jagadeesh97/ros2_ws/src/examples/rclcpp/actions) by extensions ['python_setup_py']
[0.244s] Level 1:colcon.colcon_core.package_identification:_identify(/home/jagadeesh97/ros2_ws/src/examples/rclcpp/actions) by extension 'python_setup_py'
[0.244s] Level 1:colcon.colcon_core.package_identification:_identify(/home/jagadeesh97/ros2_ws/src/examples/rclcpp/actions/minimal_action_client) by extensions ['ignore', 'ignore_ament_install']
[0.244s] Level 1:colcon.colcon_core.package_identification:_identify(/home/jagadeesh97/ros2_ws/src/examples/rclcpp/actions/minimal_action_client) by extension 'ignore'
[0.244s] Level 1:colcon.colcon_core.package_identification:_identify(/home/jagadeesh97/ros2_ws/src/examples/rclcpp/actions/minimal_action_client) by extension 'ignore_ament_install'
[0.244s] Level 1:colcon.colcon_core.package_identification:_identify(/home/jagadeesh97/ros2_ws/src/examples/rclcpp/actions/minimal_action_client) by extensions ['colcon_pkg']
[0.244s] Level 1:colcon.colcon_core.package_identification:_identify(/home/jagadeesh97/ros2_ws/src/examples/rclcpp/actions/minimal_action_client) by extension 'colcon_pkg'
[0.244s] Level 1:colcon.colcon_core.package_identification:_identify(/home/jagadeesh97/ros2_ws/src/examples/rclcpp/actions/minimal_action_client) by extensions ['colcon_meta']
[0.245s] Level 1:colcon.colcon_core.package_identification:_identify(/home/jagadeesh97/ros2_ws/src/examples/rclcpp/actions/minimal_action_client) by extension 'colcon_meta'
[0.245s] Level 1:colcon.colcon_core.package_identification:_identify(/home/jagadeesh97/ros2_ws/src/examples/rclcpp/actions/minimal_action_client) by extensions ['ros']
[0.245s] Level 1:colcon.colcon_core.package_identification:_identify(/home/jagadeesh97/ros2_ws/src/examples/rclcpp/actions/minimal_action_client) by extension 'ros'
[0.245s] DEBUG:colcon.colcon_core.package_identification:Package '/home/jagadeesh97/ros2_ws/src/examples/rclcpp/actions/minimal_action_client' with type 'ros.ament_cmake' and name 'examples_rclcpp_minimal_action_client'
[0.246s] Level 1:colcon.colcon_core.package_identification:_identify(/home/jagadeesh97/ros2_ws/src/examples/rclcpp/actions/minimal_action_server) by extensions ['ignore', 'ignore_ament_install']
[0.246s] Level 1:colcon.colcon_core.package_identification:_identify(/home/jagadeesh97/ros2_ws/src/examples/rclcpp/actions/minimal_action_server) by extension 'ignore'
[0.246s] Level 1:colcon.colcon_core.package_identification:_identify(/home/jagadeesh97/ros2_ws/src/examples/rclcpp/actions/minimal_action_server) by extension 'ignore_ament_install'
[0.246s] Level 1:colcon.colcon_core.package_identification:_identify(/home/jagadeesh97/ros2_ws/src/examples/rclcpp/actions/minimal_action_server) by extensions ['colcon_pkg']
[0.246s] Level 1:colcon.colcon_core.package_identification:_identify(/home/jagadeesh97/ros2_ws/src/examples/rclcpp/actions/minimal_action_server) by extension 'colcon_pkg'
[0.246s] Level 1:colcon.colcon_core.package_identification:_identify(/home/jagadeesh97/ros2_ws/src/examples/rclcpp/actions/minimal_action_server) by extensions ['colcon_meta']
[0.246s] Level 1:colcon.colcon_core.package_identification:_identify(/home/jagadeesh97/ros2_ws/src/examples/rclcpp/actions/minimal_action_server) by extension 'colcon_meta'
[0.246s] Level 1:colcon.colcon_core.package_identification:_identify(/home/jagadeesh97/ros2_ws/src/examples/rclcpp/actions/minimal_action_server) by extensions ['ros']
[0.246s] Level 1:colcon.colcon_core.package_identification:_identify(/home/jagadeesh97/ros2_ws/src/examples/rclcpp/actions/minimal_action_server) by extension 'ros'
[0.247s] DEBUG:colcon.colcon_core.package_identification:Package '/home/jagadeesh97/ros2_ws/src/examples/rclcpp/actions/minimal_action_server' with type 'ros.ament_cmake' and name 'examples_rclcpp_minimal_action_server'
[0.247s] Level 1:colcon.colcon_core.package_identification:_identify(/home/jagadeesh97/ros2_ws/src/examples/rclcpp/composition) by extensions ['ignore', 'ignore_ament_install']
[0.247s] Level 1:colcon.colcon_core.package_identification:_identify(/home/jagadeesh97/ros2_ws/src/examples/rclcpp/composition) by extension 'ignore'
[0.247s] Level 1:colcon.colcon_core.package_identification:_identify(/home/jagadeesh97/ros2_ws/src/examples/rclcpp/composition) by extension 'ignore_ament_install'
[0.247s] Level 1:colcon.colcon_core.package_identification:_identify(/home/jagadeesh97/ros2_ws/src/examples/rclcpp/composition) by extensions ['colcon_pkg']
[0.247s] Level 1:colcon.colcon_core.package_identification:_identify(/home/jagadeesh97/ros2_ws/src/examples/rclcpp/composition) by extension 'colcon_pkg'
[0.247s] Level 1:colcon.colcon_core.package_identification:_identify(/home/jagadeesh97/ros2_ws/src/examples/rclcpp/composition) by extensions ['colcon_meta']
[0.247s] Level 1:colcon.colcon_core.package_identification:_identify(/home/jagadeesh97/ros2_ws/src/examples/rclcpp/composition) by extension 'colcon_meta'
[0.247s] Level 1:colcon.colcon_core.package_identification:_identify(/home/jagadeesh97/ros2_ws/src/examples/rclcpp/composition) by extensions ['ros']
[0.247s] Level 1:colcon.colcon_core.package_identification:_identify(/home/jagadeesh97/ros2_ws/src/examples/rclcpp/composition) by extension 'ros'
[0.247s] Level 1:colcon.colcon_core.package_identification:_identify(/home/jagadeesh97/ros2_ws/src/examples/rclcpp/composition) by extensions ['cmake', 'python']
[0.247s] Level 1:colcon.colcon_core.package_identification:_identify(/home/jagadeesh97/ros2_ws/src/examples/rclcpp/composition) by extension 'cmake'
[0.248s] Level 1:colcon.colcon_core.package_identification:_identify(/home/jagadeesh97/ros2_ws/src/examples/rclcpp/composition) by extension 'python'
[0.248s] Level 1:colcon.colcon_core.package_identification:_identify(/home/jagadeesh97/ros2_ws/src/examples/rclcpp/composition) by extensions ['python_setup_py']
[0.248s] Level 1:colcon.colcon_core.package_identification:_identify(/home/jagadeesh97/ros2_ws/src/examples/rclcpp/composition) by extension 'python_setup_py'
[0.248s] Level 1:colcon.colcon_core.package_identification:_identify(/home/jagadeesh97/ros2_ws/src/examples/rclcpp/composition/minimal_composition) by extensions ['ignore', 'ignore_ament_install']
[0.248s] Level 1:colcon.colcon_core.package_identification:_identify(/home/jagadeesh97/ros2_ws/src/examples/rclcpp/composition/minimal_composition) by extension 'ignore'
[0.248s] Level 1:colcon.colcon_core.package_identification:_identify(/home/jagadeesh97/ros2_ws/src/examples/rclcpp/composition/minimal_composition) by extension 'ignore_ament_install'
[0.248s] Level 1:colcon.colcon_core.package_identification:_identify(/home/jagadeesh97/ros2_ws/src/examples/rclcpp/composition/minimal_composition) by extensions ['colcon_pkg']
[0.248s] Level 1:colcon.colcon_core.package_identification:_identify(/home/jagadeesh97/ros2_ws/src/examples/rclcpp/composition/minimal_composition) by extension 'colcon_pkg'
[0.248s] Level 1:colcon.colcon_core.package_identification:_identify(/home/jagadeesh97/ros2_ws/src/examples/rclcpp/composition/minimal_composition) by extensions ['colcon_meta']
[0.248s] Level 1:colcon.colcon_core.package_identification:_identify(/home/jagadeesh97/ros2_ws/src/examples/rclcpp/composition/minimal_composition) by extension 'colcon_meta'
[0.248s] Level 1:colcon.colcon_core.package_identification:_identify(/home/jagadeesh97/ros2_ws/src/examples/rclcpp/composition/minimal_composition) by extensions ['ros']
[0.248s] Level 1:colcon.colcon_core.package_identification:_identify(/home/jagadeesh97/ros2_ws/src/examples/rclcpp/composition/minimal_composition) by extension 'ros'
[0.249s] DEBUG:colcon.colcon_core.package_identification:Package '/home/jagadeesh97/ros2_ws/src/examples/rclcpp/composition/minimal_composition' with type 'ros.ament_cmake' and name 'examples_rclcpp_minimal_composition'
[0.249s] Level 1:colcon.colcon_core.package_identification:_identify(/home/jagadeesh97/ros2_ws/src/examples/rclcpp/executors) by extensions ['ignore', 'ignore_ament_install']
[0.249s] Level 1:colcon.colcon_core.package_identification:_identify(/home/jagadeesh97/ros2_ws/src/examples/rclcpp/executors) by extension 'ignore'
[0.249s] Level 1:colcon.colcon_core.package_identification:_identify(/home/jagadeesh97/ros2_ws/src/examples/rclcpp/executors) by extension 'ignore_ament_install'
[0.249s] Level 1:colcon.colcon_core.package_identification:_identify(/home/jagadeesh97/ros2_ws/src/examples/rclcpp/executors) by extensions ['colcon_pkg']
[0.249s] Level 1:colcon.colcon_core.package_identification:_identify(/home/jagadeesh97/ros2_ws/src/examples/rclcpp/executors) by extension 'colcon_pkg'
[0.249s] Level 1:colcon.colcon_core.package_identification:_identify(/home/jagadeesh97/ros2_ws/src/examples/rclcpp/executors) by extensions ['colcon_meta']
[0.249s] Level 1:colcon.colcon_core.package_identification:_identify(/home/jagadeesh97/ros2_ws/src/examples/rclcpp/executors) by extension 'colcon_meta'
[0.249s] Level 1:colcon.colcon_core.package_identification:_identify(/home/jagadeesh97/ros2_ws/src/examples/rclcpp/executors) by extensions ['ros']
[0.249s] Level 1:colcon.colcon_core.package_identification:_identify(/home/jagadeesh97/ros2_ws/src/examples/rclcpp/executors) by extension 'ros'
[0.249s] Level 1:colcon.colcon_core.package_identification:_identify(/home/jagadeesh97/ros2_ws/src/examples/rclcpp/executors) by extensions ['cmake', 'python']
[0.249s] Level 1:colcon.colcon_core.package_identification:_identify(/home/jagadeesh97/ros2_ws/src/examples/rclcpp/executors) by extension 'cmake'
[0.249s] Level 1:colcon.colcon_core.package_identification:_identify(/home/jagadeesh97/ros2_ws/src/examples/rclcpp/executors) by extension 'python'
[0.249s] Level 1:colcon.colcon_core.package_identification:_identify(/home/jagadeesh97/ros2_ws/src/examples/rclcpp/executors) by extensions ['python_setup_py']
[0.249s] Level 1:colcon.colcon_core.package_identification:_identify(/home/jagadeesh97/ros2_ws/src/examples/rclcpp/executors) by extension 'python_setup_py'
[0.249s] Level 1:colcon.colcon_core.package_identification:_identify(/home/jagadeesh97/ros2_ws/src/examples/rclcpp/executors/cbg_executor) by extensions ['ignore', 'ignore_ament_install']
[0.249s] Level 1:colcon.colcon_core.package_identification:_identify(/home/jagadeesh97/ros2_ws/src/examples/rclcpp/executors/cbg_executor) by extension 'ignore'
[0.249s] Level 1:colcon.colcon_core.package_identification:_identify(/home/jagadeesh97/ros2_ws/src/examples/rclcpp/executors/cbg_executor) by extension 'ignore_ament_install'
[0.249s] Level 1:colcon.colcon_core.package_identification:_identify(/home/jagadeesh97/ros2_ws/src/examples/rclcpp/executors/cbg_executor) by extensions ['colcon_pkg']
[0.249s] Level 1:colcon.colcon_core.package_identification:_identify(/home/jagadeesh97/ros2_ws/src/examples/rclcpp/executors/cbg_executor) by extension 'colcon_pkg'
[0.249s] Level 1:colcon.colcon_core.package_identification:_identify(/home/jagadeesh97/ros2_ws/src/examples/rclcpp/executors/cbg_executor) by extensions ['colcon_meta']
[0.249s] Level 1:colcon.colcon_core.package_identification:_identify(/home/jagadeesh97/ros2_ws/src/examples/rclcpp/executors/cbg_executor) by extension 'colcon_meta'
[0.250s] Level 1:colcon.colcon_core.package_identification:_identify(/home/jagadeesh97/ros2_ws/src/examples/rclcpp/executors/cbg_executor) by extensions ['ros']
[0.250s] Level 1:colcon.colcon_core.package_identification:_identify(/home/jagadeesh97/ros2_ws/src/examples/rclcpp/executors/cbg_executor) by extension 'ros'
[0.250s] DEBUG:colcon.colcon_core.package_identification:Package '/home/jagadeesh97/ros2_ws/src/examples/rclcpp/executors/cbg_executor' with type 'ros.ament_cmake' and name 'examples_rclcpp_cbg_executor'
[0.250s] Level 1:colcon.colcon_core.package_identification:_identify(/home/jagadeesh97/ros2_ws/src/examples/rclcpp/executors/multithreaded_executor) by extensions ['ignore', 'ignore_ament_install']
[0.250s] Level 1:colcon.colcon_core.package_identification:_identify(/home/jagadeesh97/ros2_ws/src/examples/rclcpp/executors/multithreaded_executor) by extension 'ignore'
[0.250s] Level 1:colcon.colcon_core.package_identification:_identify(/home/jagadeesh97/ros2_ws/src/examples/rclcpp/executors/multithreaded_executor) by extension 'ignore_ament_install'
[0.250s] Level 1:colcon.colcon_core.package_identification:_identify(/home/jagadeesh97/ros2_ws/src/examples/rclcpp/executors/multithreaded_executor) by extensions ['colcon_pkg']
[0.250s] Level 1:colcon.colcon_core.package_identification:_identify(/home/jagadeesh97/ros2_ws/src/examples/rclcpp/executors/multithreaded_executor) by extension 'colcon_pkg'
[0.250s] Level 1:colcon.colcon_core.package_identification:_identify(/home/jagadeesh97/ros2_ws/src/examples/rclcpp/executors/multithreaded_executor) by extensions ['colcon_meta']
[0.250s] Level 1:colcon.colcon_core.package_identification:_identify(/home/jagadeesh97/ros2_ws/src/examples/rclcpp/executors/multithreaded_executor) by extension 'colcon_meta'
[0.251s] Level 1:colcon.colcon_core.package_identification:_identify(/home/jagadeesh97/ros2_ws/src/examples/rclcpp/executors/multithreaded_executor) by extensions ['ros']
[0.251s] Level 1:colcon.colcon_core.package_identification:_identify(/home/jagadeesh97/ros2_ws/src/examples/rclcpp/executors/multithreaded_executor) by extension 'ros'
[0.251s] DEBUG:colcon.colcon_core.package_identification:Package '/home/jagadeesh97/ros2_ws/src/examples/rclcpp/executors/multithreaded_executor' with type 'ros.ament_cmake' and name 'examples_rclcpp_multithreaded_executor'
[0.251s] Level 1:colcon.colcon_core.package_identification:_identify(/home/jagadeesh97/ros2_ws/src/examples/rclcpp/services) by extensions ['ignore', 'ignore_ament_install']
[0.251s] Level 1:colcon.colcon_core.package_identification:_identify(/home/jagadeesh97/ros2_ws/src/examples/rclcpp/services) by extension 'ignore'
[0.251s] Level 1:colcon.colcon_core.package_identification:_identify(/home/jagadeesh97/ros2_ws/src/examples/rclcpp/services) by extension 'ignore_ament_install'
[0.251s] Level 1:colcon.colcon_core.package_identification:_identify(/home/jagadeesh97/ros2_ws/src/examples/rclcpp/services) by extensions ['colcon_pkg']
[0.251s] Level 1:colcon.colcon_core.package_identification:_identify(/home/jagadeesh97/ros2_ws/src/examples/rclcpp/services) by extension 'colcon_pkg'
[0.251s] Level 1:colcon.colcon_core.package_identification:_identify(/home/jagadeesh97/ros2_ws/src/examples/rclcpp/services) by extensions ['colcon_meta']
[0.251s] Level 1:colcon.colcon_core.package_identification:_identify(/home/jagadeesh97/ros2_ws/src/examples/rclcpp/services) by extension 'colcon_meta'
[0.252s] Level 1:colcon.colcon_core.package_identification:_identify(/home/jagadeesh97/ros2_ws/src/examples/rclcpp/services) by extensions ['ros']
[0.252s] Level 1:colcon.colcon_core.package_identification:_identify(/home/jagadeesh97/ros2_ws/src/examples/rclcpp/services) by extension 'ros'
[0.252s] Level 1:colcon.colcon_core.package_identification:_identify(/home/jagadeesh97/ros2_ws/src/examples/rclcpp/services) by extensions ['cmake', 'python']
[0.252s] Level 1:colcon.colcon_core.package_identification:_identify(/home/jagadeesh97/ros2_ws/src/examples/rclcpp/services) by extension 'cmake'
[0.252s] Level 1:colcon.colcon_core.package_identification:_identify(/home/jagadeesh97/ros2_ws/src/examples/rclcpp/services) by extension 'python'
[0.252s] Level 1:colcon.colcon_core.package_identification:_identify(/home/jagadeesh97/ros2_ws/src/examples/rclcpp/services) by extensions ['python_setup_py']
[0.252s] Level 1:colcon.colcon_core.package_identification:_identify(/home/jagadeesh97/ros2_ws/src/examples/rclcpp/services) by extension 'python_setup_py'
[0.252s] Level 1:colcon.colcon_core.package_identification:_identify(/home/jagadeesh97/ros2_ws/src/examples/rclcpp/services/async_client) by extensions ['ignore', 'ignore_ament_install']
[0.252s] Level 1:colcon.colcon_core.package_identification:_identify(/home/jagadeesh97/ros2_ws/src/examples/rclcpp/services/async_client) by extension 'ignore'
[0.252s] Level 1:colcon.colcon_core.package_identification:_identify(/home/jagadeesh97/ros2_ws/src/examples/rclcpp/services/async_client) by extension 'ignore_ament_install'
[0.252s] Level 1:colcon.colcon_core.package_identification:_identify(/home/jagadeesh97/ros2_ws/src/examples/rclcpp/services/async_client) by extensions ['colcon_pkg']
[0.252s] Level 1:colcon.colcon_core.package_identification:_identify(/home/jagadeesh97/ros2_ws/src/examples/rclcpp/services/async_client) by extension 'colcon_pkg'
[0.252s] Level 1:colcon.colcon_core.package_identification:_identify(/home/jagadeesh97/ros2_ws/src/examples/rclcpp/services/async_client) by extensions ['colcon_meta']
[0.252s] Level 1:colcon.colcon_core.package_identification:_identify(/home/jagadeesh97/ros2_ws/src/examples/rclcpp/services/async_client) by extension 'colcon_meta'
[0.252s] Level 1:colcon.colcon_core.package_identification:_identify(/home/jagadeesh97/ros2_ws/src/examples/rclcpp/services/async_client) by extensions ['ros']
[0.252s] Level 1:colcon.colcon_core.package_identification:_identify(/home/jagadeesh97/ros2_ws/src/examples/rclcpp/services/async_client) by extension 'ros'
[0.253s] DEBUG:colcon.colcon_core.package_identification:Package '/home/jagadeesh97/ros2_ws/src/examples/rclcpp/services/async_client' with type 'ros.ament_cmake' and name 'examples_rclcpp_async_client'
[0.253s] Level 1:colcon.colcon_core.package_identification:_identify(/home/jagadeesh97/ros2_ws/src/examples/rclcpp/services/minimal_client) by extensions ['ignore', 'ignore_ament_install']
[0.253s] Level 1:colcon.colcon_core.package_identification:_identify(/home/jagadeesh97/ros2_ws/src/examples/rclcpp/services/minimal_client) by extension 'ignore'
[0.253s] Level 1:colcon.colcon_core.package_identification:_identify(/home/jagadeesh97/ros2_ws/src/examples/rclcpp/services/minimal_client) by extension 'ignore_ament_install'
[0.253s] Level 1:colcon.colcon_core.package_identification:_identify(/home/jagadeesh97/ros2_ws/src/examples/rclcpp/services/minimal_client) by extensions ['colcon_pkg']
[0.253s] Level 1:colcon.colcon_core.package_identification:_identify(/home/jagadeesh97/ros2_ws/src/examples/rclcpp/services/minimal_client) by extension 'colcon_pkg'
[0.253s] Level 1:colcon.colcon_core.package_identification:_identify(/home/jagadeesh97/ros2_ws/src/examples/rclcpp/services/minimal_client) by extensions ['colcon_meta']
[0.253s] Level 1:colcon.colcon_core.package_identification:_identify(/home/jagadeesh97/ros2_ws/src/examples/rclcpp/services/minimal_client) by extension 'colcon_meta'
[0.253s] Level 1:colcon.colcon_core.package_identification:_identify(/home/jagadeesh97/ros2_ws/src/examples/rclcpp/services/minimal_client) by extensions ['ros']
[0.253s] Level 1:colcon.colcon_core.package_identification:_identify(/home/jagadeesh97/ros2_ws/src/examples/rclcpp/services/minimal_client) by extension 'ros'
[0.254s] DEBUG:colcon.colcon_core.package_identification:Package '/home/jagadeesh97/ros2_ws/src/examples/rclcpp/services/minimal_client' with type 'ros.ament_cmake' and name 'examples_rclcpp_minimal_client'
[0.254s] Level 1:colcon.colcon_core.package_identification:_identify(/home/jagadeesh97/ros2_ws/src/examples/rclcpp/services/minimal_service) by extensions ['ignore', 'ignore_ament_install']
[0.254s] Level 1:colcon.colcon_core.package_identification:_identify(/home/jagadeesh97/ros2_ws/src/examples/rclcpp/services/minimal_service) by extension 'ignore'
[0.254s] Level 1:colcon.colcon_core.package_identification:_identify(/home/jagadeesh97/ros2_ws/src/examples/rclcpp/services/minimal_service) by extension 'ignore_ament_install'
[0.254s] Level 1:colcon.colcon_core.package_identification:_identify(/home/jagadeesh97/ros2_ws/src/examples/rclcpp/services/minimal_service) by extensions ['colcon_pkg']
[0.254s] Level 1:colcon.colcon_core.package_identification:_identify(/home/jagadeesh97/ros2_ws/src/examples/rclcpp/services/minimal_service) by extension 'colcon_pkg'
[0.254s] Level 1:colcon.colcon_core.package_identification:_identify(/home/jagadeesh97/ros2_ws/src/examples/rclcpp/services/minimal_service) by extensions ['colcon_meta']
[0.254s] Level 1:colcon.colcon_core.package_identification:_identify(/home/jagadeesh97/ros2_ws/src/examples/rclcpp/services/minimal_service) by extension 'colcon_meta'
[0.254s] Level 1:colcon.colcon_core.package_identification:_identify(/home/jagadeesh97/ros2_ws/src/examples/rclcpp/services/minimal_service) by extensions ['ros']
[0.254s] Level 1:colcon.colcon_core.package_identification:_identify(/home/jagadeesh97/ros2_ws/src/examples/rclcpp/services/minimal_service) by extension 'ros'
[0.255s] DEBUG:colcon.colcon_core.package_identification:Package '/home/jagadeesh97/ros2_ws/src/examples/rclcpp/services/minimal_service' with type 'ros.ament_cmake' and name 'examples_rclcpp_minimal_service'
[0.255s] Level 1:colcon.colcon_core.package_identification:_identify(/home/jagadeesh97/ros2_ws/src/examples/rclcpp/timers) by extensions ['ignore', 'ignore_ament_install']
[0.255s] Level 1:colcon.colcon_core.package_identification:_identify(/home/jagadeesh97/ros2_ws/src/examples/rclcpp/timers) by extension 'ignore'
[0.255s] Level 1:colcon.colcon_core.package_identification:_identify(/home/jagadeesh97/ros2_ws/src/examples/rclcpp/timers) by extension 'ignore_ament_install'
[0.255s] Level 1:colcon.colcon_core.package_identification:_identify(/home/jagadeesh97/ros2_ws/src/examples/rclcpp/timers) by extensions ['colcon_pkg']
[0.255s] Level 1:colcon.colcon_core.package_identification:_identify(/home/jagadeesh97/ros2_ws/src/examples/rclcpp/timers) by extension 'colcon_pkg'
[0.255s] Level 1:colcon.colcon_core.package_identification:_identify(/home/jagadeesh97/ros2_ws/src/examples/rclcpp/timers) by extensions ['colcon_meta']
[0.255s] Level 1:colcon.colcon_core.package_identification:_identify(/home/jagadeesh97/ros2_ws/src/examples/rclcpp/timers) by extension 'colcon_meta'
[0.255s] Level 1:colcon.colcon_core.package_identification:_identify(/home/jagadeesh97/ros2_ws/src/examples/rclcpp/timers) by extensions ['ros']
[0.255s] Level 1:colcon.colcon_core.package_identification:_identify(/home/jagadeesh97/ros2_ws/src/examples/rclcpp/timers) by extension 'ros'
[0.255s] Level 1:colcon.colcon_core.package_identification:_identify(/home/jagadeesh97/ros2_ws/src/examples/rclcpp/timers) by extensions ['cmake', 'python']
[0.255s] Level 1:colcon.colcon_core.package_identification:_identify(/home/jagadeesh97/ros2_ws/src/examples/rclcpp/timers) by extension 'cmake'
[0.255s] Level 1:colcon.colcon_core.package_identification:_identify(/home/jagadeesh97/ros2_ws/src/examples/rclcpp/timers) by extension 'python'
[0.255s] Level 1:colcon.colcon_core.package_identification:_identify(/home/jagadeesh97/ros2_ws/src/examples/rclcpp/timers) by extensions ['python_setup_py']
[0.255s] Level 1:colcon.colcon_core.package_identification:_identify(/home/jagadeesh97/ros2_ws/src/examples/rclcpp/timers) by extension 'python_setup_py'
[0.255s] Level 1:colcon.colcon_core.package_identification:_identify(/home/jagadeesh97/ros2_ws/src/examples/rclcpp/timers/minimal_timer) by extensions ['ignore', 'ignore_ament_install']
[0.255s] Level 1:colcon.colcon_core.package_identification:_identify(/home/jagadeesh97/ros2_ws/src/examples/rclcpp/timers/minimal_timer) by extension 'ignore'
[0.256s] Level 1:colcon.colcon_core.package_identification:_identify(/home/jagadeesh97/ros2_ws/src/examples/rclcpp/timers/minimal_timer) by extension 'ignore_ament_install'
[0.256s] Level 1:colcon.colcon_core.package_identification:_identify(/home/jagadeesh97/ros2_ws/src/examples/rclcpp/timers/minimal_timer) by extensions ['colcon_pkg']
[0.256s] Level 1:colcon.colcon_core.package_identification:_identify(/home/jagadeesh97/ros2_ws/src/examples/rclcpp/timers/minimal_timer) by extension 'colcon_pkg'
[0.256s] Level 1:colcon.colcon_core.package_identification:_identify(/home/jagadeesh97/ros2_ws/src/examples/rclcpp/timers/minimal_timer) by extensions ['colcon_meta']
[0.256s] Level 1:colcon.colcon_core.package_identification:_identify(/home/jagadeesh97/ros2_ws/src/examples/rclcpp/timers/minimal_timer) by extension 'colcon_meta'
[0.256s] Level 1:colcon.colcon_core.package_identification:_identify(/home/jagadeesh97/ros2_ws/src/examples/rclcpp/timers/minimal_timer) by extensions ['ros']
[0.256s] Level 1:colcon.colcon_core.package_identification:_identify(/home/jagadeesh97/ros2_ws/src/examples/rclcpp/timers/minimal_timer) by extension 'ros'
[0.256s] DEBUG:colcon.colcon_core.package_identification:Package '/home/jagadeesh97/ros2_ws/src/examples/rclcpp/timers/minimal_timer' with type 'ros.ament_cmake' and name 'examples_rclcpp_minimal_timer'
[0.256s] Level 1:colcon.colcon_core.package_identification:_identify(/home/jagadeesh97/ros2_ws/src/examples/rclcpp/topics) by extensions ['ignore', 'ignore_ament_install']
[0.256s] Level 1:colcon.colcon_core.package_identification:_identify(/home/jagadeesh97/ros2_ws/src/examples/rclcpp/topics) by extension 'ignore'
[0.256s] Level 1:colcon.colcon_core.package_identification:_identify(/home/jagadeesh97/ros2_ws/src/examples/rclcpp/topics) by extension 'ignore_ament_install'
[0.257s] Level 1:colcon.colcon_core.package_identification:_identify(/home/jagadeesh97/ros2_ws/src/examples/rclcpp/topics) by extensions ['colcon_pkg']
[0.257s] Level 1:colcon.colcon_core.package_identification:_identify(/home/jagadeesh97/ros2_ws/src/examples/rclcpp/topics) by extension 'colcon_pkg'
[0.257s] Level 1:colcon.colcon_core.package_identification:_identify(/home/jagadeesh97/ros2_ws/src/examples/rclcpp/topics) by extensions ['colcon_meta']
[0.257s] Level 1:colcon.colcon_core.package_identification:_identify(/home/jagadeesh97/ros2_ws/src/examples/rclcpp/topics) by extension 'colcon_meta'
[0.257s] Level 1:colcon.colcon_core.package_identification:_identify(/home/jagadeesh97/ros2_ws/src/examples/rclcpp/topics) by extensions ['ros']
[0.257s] Level 1:colcon.colcon_core.package_identification:_identify(/home/jagadeesh97/ros2_ws/src/examples/rclcpp/topics) by extension 'ros'
[0.257s] Level 1:colcon.colcon_core.package_identification:_identify(/home/jagadeesh97/ros2_ws/src/examples/rclcpp/topics) by extensions ['cmake', 'python']
[0.257s] Level 1:colcon.colcon_core.package_identification:_identify(/home/jagadeesh97/ros2_ws/src/examples/rclcpp/topics) by extension 'cmake'
[0.257s] Level 1:colcon.colcon_core.package_identification:_identify(/home/jagadeesh97/ros2_ws/src/examples/rclcpp/topics) by extension 'python'
[0.257s] Level 1:colcon.colcon_core.package_identification:_identify(/home/jagadeesh97/ros2_ws/src/examples/rclcpp/topics) by extensions ['python_setup_py']
[0.257s] Level 1:colcon.colcon_core.package_identification:_identify(/home/jagadeesh97/ros2_ws/src/examples/rclcpp/topics) by extension 'python_setup_py'
[0.257s] Level 1:colcon.colcon_core.package_identification:_identify(/home/jagadeesh97/ros2_ws/src/examples/rclcpp/topics/minimal_publisher) by extensions ['ignore', 'ignore_ament_install']
[0.257s] Level 1:colcon.colcon_core.package_identification:_identify(/home/jagadeesh97/ros2_ws/src/examples/rclcpp/topics/minimal_publisher) by extension 'ignore'
[0.257s] Level 1:colcon.colcon_core.package_identification:_identify(/home/jagadeesh97/ros2_ws/src/examples/rclcpp/topics/minimal_publisher) by extension 'ignore_ament_install'
[0.257s] Level 1:colcon.colcon_core.package_identification:_identify(/home/jagadeesh97/ros2_ws/src/examples/rclcpp/topics/minimal_publisher) by extensions ['colcon_pkg']
[0.257s] Level 1:colcon.colcon_core.package_identification:_identify(/home/jagadeesh97/ros2_ws/src/examples/rclcpp/topics/minimal_publisher) by extension 'colcon_pkg'
[0.257s] Level 1:colcon.colcon_core.package_identification:_identify(/home/jagadeesh97/ros2_ws/src/examples/rclcpp/topics/minimal_publisher) by extensions ['colcon_meta']
[0.257s] Level 1:colcon.colcon_core.package_identification:_identify(/home/jagadeesh97/ros2_ws/src/examples/rclcpp/topics/minimal_publisher) by extension 'colcon_meta'
[0.257s] Level 1:colcon.colcon_core.package_identification:_identify(/home/jagadeesh97/ros2_ws/src/examples/rclcpp/topics/minimal_publisher) by extensions ['ros']
[0.257s] Level 1:colcon.colcon_core.package_identification:_identify(/home/jagadeesh97/ros2_ws/src/examples/rclcpp/topics/minimal_publisher) by extension 'ros'
[0.258s] DEBUG:colcon.colcon_core.package_identification:Package '/home/jagadeesh97/ros2_ws/src/examples/rclcpp/topics/minimal_publisher' with type 'ros.ament_cmake' and name 'examples_rclcpp_minimal_publisher'
[0.258s] Level 1:colcon.colcon_core.package_identification:_identify(/home/jagadeesh97/ros2_ws/src/examples/rclcpp/topics/minimal_subscriber) by extensions ['ignore', 'ignore_ament_install']
[0.258s] Level 1:colcon.colcon_core.package_identification:_identify(/home/jagadeesh97/ros2_ws/src/examples/rclcpp/topics/minimal_subscriber) by extension 'ignore'
[0.258s] Level 1:colcon.colcon_core.package_identification:_identify(/home/jagadeesh97/ros2_ws/src/examples/rclcpp/topics/minimal_subscriber) by extension 'ignore_ament_install'
[0.258s] Level 1:colcon.colcon_core.package_identification:_identify(/home/jagadeesh97/ros2_ws/src/examples/rclcpp/topics/minimal_subscriber) by extensions ['colcon_pkg']
[0.258s] Level 1:colcon.colcon_core.package_identification:_identify(/home/jagadeesh97/ros2_ws/src/examples/rclcpp/topics/minimal_subscriber) by extension 'colcon_pkg'
[0.258s] Level 1:colcon.colcon_core.package_identification:_identify(/home/jagadeesh97/ros2_ws/src/examples/rclcpp/topics/minimal_subscriber) by extensions ['colcon_meta']
[0.258s] Level 1:colcon.colcon_core.package_identification:_identify(/home/jagadeesh97/ros2_ws/src/examples/rclcpp/topics/minimal_subscriber) by extension 'colcon_meta'
[0.258s] Level 1:colcon.colcon_core.package_identification:_identify(/home/jagadeesh97/ros2_ws/src/examples/rclcpp/topics/minimal_subscriber) by extensions ['ros']
[0.259s] Level 1:colcon.colcon_core.package_identification:_identify(/home/jagadeesh97/ros2_ws/src/examples/rclcpp/topics/minimal_subscriber) by extension 'ros'
[0.259s] DEBUG:colcon.colcon_core.package_identification:Package '/home/jagadeesh97/ros2_ws/src/examples/rclcpp/topics/minimal_subscriber' with type 'ros.ament_cmake' and name 'examples_rclcpp_minimal_subscriber'
[0.259s] Level 1:colcon.colcon_core.package_identification:_identify(/home/jagadeesh97/ros2_ws/src/examples/rclcpp/wait_set) by extensions ['ignore', 'ignore_ament_install']
[0.259s] Level 1:colcon.colcon_core.package_identification:_identify(/home/jagadeesh97/ros2_ws/src/examples/rclcpp/wait_set) by extension 'ignore'
[0.259s] Level 1:colcon.colcon_core.package_identification:_identify(/home/jagadeesh97/ros2_ws/src/examples/rclcpp/wait_set) by extension 'ignore_ament_install'
[0.259s] Level 1:colcon.colcon_core.package_identification:_identify(/home/jagadeesh97/ros2_ws/src/examples/rclcpp/wait_set) by extensions ['colcon_pkg']
[0.259s] Level 1:colcon.colcon_core.package_identification:_identify(/home/jagadeesh97/ros2_ws/src/examples/rclcpp/wait_set) by extension 'colcon_pkg'
[0.259s] Level 1:colcon.colcon_core.package_identification:_identify(/home/jagadeesh97/ros2_ws/src/examples/rclcpp/wait_set) by extensions ['colcon_meta']
[0.259s] Level 1:colcon.colcon_core.package_identification:_identify(/home/jagadeesh97/ros2_ws/src/examples/rclcpp/wait_set) by extension 'colcon_meta'
[0.260s] Level 1:colcon.colcon_core.package_identification:_identify(/home/jagadeesh97/ros2_ws/src/examples/rclcpp/wait_set) by extensions ['ros']
[0.260s] Level 1:colcon.colcon_core.package_identification:_identify(/home/jagadeesh97/ros2_ws/src/examples/rclcpp/wait_set) by extension 'ros'
[0.260s] DEBUG:colcon.colcon_core.package_identification:Package '/home/jagadeesh97/ros2_ws/src/examples/rclcpp/wait_set' with type 'ros.ament_cmake' and name 'examples_rclcpp_wait_set'
[0.260s] Level 1:colcon.colcon_core.package_identification:_identify(/home/jagadeesh97/ros2_ws/src/examples/rclpy) by extensions ['ignore', 'ignore_ament_install']
[0.261s] Level 1:colcon.colcon_core.package_identification:_identify(/home/jagadeesh97/ros2_ws/src/examples/rclpy) by extension 'ignore'
[0.261s] Level 1:colcon.colcon_core.package_identification:_identify(/home/jagadeesh97/ros2_ws/src/examples/rclpy) by extension 'ignore_ament_install'
[0.261s] Level 1:colcon.colcon_core.package_identification:_identify(/home/jagadeesh97/ros2_ws/src/examples/rclpy) by extensions ['colcon_pkg']
[0.261s] Level 1:colcon.colcon_core.package_identification:_identify(/home/jagadeesh97/ros2_ws/src/examples/rclpy) by extension 'colcon_pkg'
[0.261s] Level 1:colcon.colcon_core.package_identification:_identify(/home/jagadeesh97/ros2_ws/src/examples/rclpy) by extensions ['colcon_meta']
[0.261s] Level 1:colcon.colcon_core.package_identification:_identify(/home/jagadeesh97/ros2_ws/src/examples/rclpy) by extension 'colcon_meta'
[0.261s] Level 1:colcon.colcon_core.package_identification:_identify(/home/jagadeesh97/ros2_ws/src/examples/rclpy) by extensions ['ros']
[0.261s] Level 1:colcon.colcon_core.package_identification:_identify(/home/jagadeesh97/ros2_ws/src/examples/rclpy) by extension 'ros'
[0.261s] Level 1:colcon.colcon_core.package_identification:_identify(/home/jagadeesh97/ros2_ws/src/examples/rclpy) by extensions ['cmake', 'python']
[0.261s] Level 1:colcon.colcon_core.package_identification:_identify(/home/jagadeesh97/ros2_ws/src/examples/rclpy) by extension 'cmake'
[0.261s] Level 1:colcon.colcon_core.package_identification:_identify(/home/jagadeesh97/ros2_ws/src/examples/rclpy) by extension 'python'
[0.261s] Level 1:colcon.colcon_core.package_identification:_identify(/home/jagadeesh97/ros2_ws/src/examples/rclpy) by extensions ['python_setup_py']
[0.261s] Level 1:colcon.colcon_core.package_identification:_identify(/home/jagadeesh97/ros2_ws/src/examples/rclpy) by extension 'python_setup_py'
[0.261s] Level 1:colcon.colcon_core.package_identification:_identify(/home/jagadeesh97/ros2_ws/src/examples/rclpy/actions) by extensions ['ignore', 'ignore_ament_install']
[0.261s] Level 1:colcon.colcon_core.package_identification:_identify(/home/jagadeesh97/ros2_ws/src/examples/rclpy/actions) by extension 'ignore'
[0.261s] Level 1:colcon.colcon_core.package_identification:_identify(/home/jagadeesh97/ros2_ws/src/examples/rclpy/actions) by extension 'ignore_ament_install'
[0.262s] Level 1:colcon.colcon_core.package_identification:_identify(/home/jagadeesh97/ros2_ws/src/examples/rclpy/actions) by extensions ['colcon_pkg']
[0.262s] Level 1:colcon.colcon_core.package_identification:_identify(/home/jagadeesh97/ros2_ws/src/examples/rclpy/actions) by extension 'colcon_pkg'
[0.262s] Level 1:colcon.colcon_core.package_identification:_identify(/home/jagadeesh97/ros2_ws/src/examples/rclpy/actions) by extensions ['colcon_meta']
[0.262s] Level 1:colcon.colcon_core.package_identification:_identify(/home/jagadeesh97/ros2_ws/src/examples/rclpy/actions) by extension 'colcon_meta'
[0.262s] Level 1:colcon.colcon_core.package_identification:_identify(/home/jagadeesh97/ros2_ws/src/examples/rclpy/actions) by extensions ['ros']
[0.262s] Level 1:colcon.colcon_core.package_identification:_identify(/home/jagadeesh97/ros2_ws/src/examples/rclpy/actions) by extension 'ros'
[0.262s] Level 1:colcon.colcon_core.package_identification:_identify(/home/jagadeesh97/ros2_ws/src/examples/rclpy/actions) by extensions ['cmake', 'python']
[0.262s] Level 1:colcon.colcon_core.package_identification:_identify(/home/jagadeesh97/ros2_ws/src/examples/rclpy/actions) by extension 'cmake'
[0.262s] Level 1:colcon.colcon_core.package_identification:_identify(/home/jagadeesh97/ros2_ws/src/examples/rclpy/actions) by extension 'python'
[0.262s] Level 1:colcon.colcon_core.package_identification:_identify(/home/jagadeesh97/ros2_ws/src/examples/rclpy/actions) by extensions ['python_setup_py']
[0.262s] Level 1:colcon.colcon_core.package_identification:_identify(/home/jagadeesh97/ros2_ws/src/examples/rclpy/actions) by extension 'python_setup_py'
[0.262s] Level 1:colcon.colcon_core.package_identification:_identify(/home/jagadeesh97/ros2_ws/src/examples/rclpy/actions/minimal_action_client) by extensions ['ignore', 'ignore_ament_install']
[0.262s] Level 1:colcon.colcon_core.package_identification:_identify(/home/jagadeesh97/ros2_ws/src/examples/rclpy/actions/minimal_action_client) by extension 'ignore'
[0.262s] Level 1:colcon.colcon_core.package_identification:_identify(/home/jagadeesh97/ros2_ws/src/examples/rclpy/actions/minimal_action_client) by extension 'ignore_ament_install'
[0.262s] Level 1:colcon.colcon_core.package_identification:_identify(/home/jagadeesh97/ros2_ws/src/examples/rclpy/actions/minimal_action_client) by extensions ['colcon_pkg']
[0.262s] Level 1:colcon.colcon_core.package_identification:_identify(/home/jagadeesh97/ros2_ws/src/examples/rclpy/actions/minimal_action_client) by extension 'colcon_pkg'
[0.262s] Level 1:colcon.colcon_core.package_identification:_identify(/home/jagadeesh97/ros2_ws/src/examples/rclpy/actions/minimal_action_client) by extensions ['colcon_meta']
[0.262s] Level 1:colcon.colcon_core.package_identification:_identify(/home/jagadeesh97/ros2_ws/src/examples/rclpy/actions/minimal_action_client) by extension 'colcon_meta'
[0.262s] Level 1:colcon.colcon_core.package_identification:_identify(/home/jagadeesh97/ros2_ws/src/examples/rclpy/actions/minimal_action_client) by extensions ['ros']
[0.262s] Level 1:colcon.colcon_core.package_identification:_identify(/home/jagadeesh97/ros2_ws/src/examples/rclpy/actions/minimal_action_client) by extension 'ros'
[0.263s] DEBUG:colcon.colcon_core.package_identification:Package '/home/jagadeesh97/ros2_ws/src/examples/rclpy/actions/minimal_action_client' with type 'ros.ament_python' and name 'examples_rclpy_minimal_action_client'
[0.263s] Level 1:colcon.colcon_core.package_identification:_identify(/home/jagadeesh97/ros2_ws/src/examples/rclpy/actions/minimal_action_server) by extensions ['ignore', 'ignore_ament_install']
[0.263s] Level 1:colcon.colcon_core.package_identification:_identify(/home/jagadeesh97/ros2_ws/src/examples/rclpy/actions/minimal_action_server) by extension 'ignore'
[0.263s] Level 1:colcon.colcon_core.package_identification:_identify(/home/jagadeesh97/ros2_ws/src/examples/rclpy/actions/minimal_action_server) by extension 'ignore_ament_install'
[0.264s] Level 1:colcon.colcon_core.package_identification:_identify(/home/jagadeesh97/ros2_ws/src/examples/rclpy/actions/minimal_action_server) by extensions ['colcon_pkg']
[0.264s] Level 1:colcon.colcon_core.package_identification:_identify(/home/jagadeesh97/ros2_ws/src/examples/rclpy/actions/minimal_action_server) by extension 'colcon_pkg'
[0.264s] Level 1:colcon.colcon_core.package_identification:_identify(/home/jagadeesh97/ros2_ws/src/examples/rclpy/actions/minimal_action_server) by extensions ['colcon_meta']
[0.264s] Level 1:colcon.colcon_core.package_identification:_identify(/home/jagadeesh97/ros2_ws/src/examples/rclpy/actions/minimal_action_server) by extension 'colcon_meta'
[0.264s] Level 1:colcon.colcon_core.package_identification:_identify(/home/jagadeesh97/ros2_ws/src/examples/rclpy/actions/minimal_action_server) by extensions ['ros']
[0.264s] Level 1:colcon.colcon_core.package_identification:_identify(/home/jagadeesh97/ros2_ws/src/examples/rclpy/actions/minimal_action_server) by extension 'ros'
[0.264s] DEBUG:colcon.colcon_core.package_identification:Package '/home/jagadeesh97/ros2_ws/src/examples/rclpy/actions/minimal_action_server' with type 'ros.ament_python' and name 'examples_rclpy_minimal_action_server'
[0.264s] Level 1:colcon.colcon_core.package_identification:_identify(/home/jagadeesh97/ros2_ws/src/examples/rclpy/executors) by extensions ['ignore', 'ignore_ament_install']
[0.265s] Level 1:colcon.colcon_core.package_identification:_identify(/home/jagadeesh97/ros2_ws/src/examples/rclpy/executors) by extension 'ignore'
[0.265s] Level 1:colcon.colcon_core.package_identification:_identify(/home/jagadeesh97/ros2_ws/src/examples/rclpy/executors) by extension 'ignore_ament_install'
[0.265s] Level 1:colcon.colcon_core.package_identification:_identify(/home/jagadeesh97/ros2_ws/src/examples/rclpy/executors) by extensions ['colcon_pkg']
[0.265s] Level 1:colcon.colcon_core.package_identification:_identify(/home/jagadeesh97/ros2_ws/src/examples/rclpy/executors) by extension 'colcon_pkg'
[0.265s] Level 1:colcon.colcon_core.package_identification:_identify(/home/jagadeesh97/ros2_ws/src/examples/rclpy/executors) by extensions ['colcon_meta']
[0.265s] Level 1:colcon.colcon_core.package_identification:_identify(/home/jagadeesh97/ros2_ws/src/examples/rclpy/executors) by extension 'colcon_meta'
[0.265s] Level 1:colcon.colcon_core.package_identification:_identify(/home/jagadeesh97/ros2_ws/src/examples/rclpy/executors) by extensions ['ros']
[0.265s] Level 1:colcon.colcon_core.package_identification:_identify(/home/jagadeesh97/ros2_ws/src/examples/rclpy/executors) by extension 'ros'
[0.265s] DEBUG:colcon.colcon_core.package_identification:Package '/home/jagadeesh97/ros2_ws/src/examples/rclpy/executors' with type 'ros.ament_python' and name 'examples_rclpy_executors'
[0.266s] Level 1:colcon.colcon_core.package_identification:_identify(/home/jagadeesh97/ros2_ws/src/examples/rclpy/guard_conditions) by extensions ['ignore', 'ignore_ament_install']
[0.266s] Level 1:colcon.colcon_core.package_identification:_identify(/home/jagadeesh97/ros2_ws/src/examples/rclpy/guard_conditions) by extension 'ignore'
[0.266s] Level 1:colcon.colcon_core.package_identification:_identify(/home/jagadeesh97/ros2_ws/src/examples/rclpy/guard_conditions) by extension 'ignore_ament_install'
[0.266s] Level 1:colcon.colcon_core.package_identification:_identify(/home/jagadeesh97/ros2_ws/src/examples/rclpy/guard_conditions) by extensions ['colcon_pkg']
[0.266s] Level 1:colcon.colcon_core.package_identification:_identify(/home/jagadeesh97/ros2_ws/src/examples/rclpy/guard_conditions) by extension 'colcon_pkg'
[0.266s] Level 1:colcon.colcon_core.package_identification:_identify(/home/jagadeesh97/ros2_ws/src/examples/rclpy/guard_conditions) by extensions ['colcon_meta']
[0.266s] Level 1:colcon.colcon_core.package_identification:_identify(/home/jagadeesh97/ros2_ws/src/examples/rclpy/guard_conditions) by extension 'colcon_meta'
[0.266s] Level 1:colcon.colcon_core.package_identification:_identify(/home/jagadeesh97/ros2_ws/src/examples/rclpy/guard_conditions) by extensions ['ros']
[0.266s] Level 1:colcon.colcon_core.package_identification:_identify(/home/jagadeesh97/ros2_ws/src/examples/rclpy/guard_conditions) by extension 'ros'
[0.267s] DEBUG:colcon.colcon_core.package_identification:Package '/home/jagadeesh97/ros2_ws/src/examples/rclpy/guard_conditions' with type 'ros.ament_python' and name 'examples_rclpy_guard_conditions'
[0.267s] Level 1:colcon.colcon_core.package_identification:_identify(/home/jagadeesh97/ros2_ws/src/examples/rclpy/services) by extensions ['ignore', 'ignore_ament_install']
[0.267s] Level 1:colcon.colcon_core.package_identification:_identify(/home/jagadeesh97/ros2_ws/src/examples/rclpy/services) by extension 'ignore'
[0.267s] Level 1:colcon.colcon_core.package_identification:_identify(/home/jagadeesh97/ros2_ws/src/examples/rclpy/services) by extension 'ignore_ament_install'
[0.267s] Level 1:colcon.colcon_core.package_identification:_identify(/home/jagadeesh97/ros2_ws/src/examples/rclpy/services) by extensions ['colcon_pkg']
[0.267s] Level 1:colcon.colcon_core.package_identification:_identify(/home/jagadeesh97/ros2_ws/src/examples/rclpy/services) by extension 'colcon_pkg'
[0.267s] Level 1:colcon.colcon_core.package_identification:_identify(/home/jagadeesh97/ros2_ws/src/examples/rclpy/services) by extensions ['colcon_meta']
[0.267s] Level 1:colcon.colcon_core.package_identification:_identify(/home/jagadeesh97/ros2_ws/src/examples/rclpy/services) by extension 'colcon_meta'
[0.267s] Level 1:colcon.colcon_core.package_identification:_identify(/home/jagadeesh97/ros2_ws/src/examples/rclpy/services) by extensions ['ros']
[0.267s] Level 1:colcon.colcon_core.package_identification:_identify(/home/jagadeesh97/ros2_ws/src/examples/rclpy/services) by extension 'ros'
[0.267s] Level 1:colcon.colcon_core.package_identification:_identify(/home/jagadeesh97/ros2_ws/src/examples/rclpy/services) by extensions ['cmake', 'python']
[0.267s] Level 1:colcon.colcon_core.package_identification:_identify(/home/jagadeesh97/ros2_ws/src/examples/rclpy/services) by extension 'cmake'
[0.267s] Level 1:colcon.colcon_core.package_identification:_identify(/home/jagadeesh97/ros2_ws/src/examples/rclpy/services) by extension 'python'
[0.267s] Level 1:colcon.colcon_core.package_identification:_identify(/home/jagadeesh97/ros2_ws/src/examples/rclpy/services) by extensions ['python_setup_py']
[0.267s] Level 1:colcon.colcon_core.package_identification:_identify(/home/jagadeesh97/ros2_ws/src/examples/rclpy/services) by extension 'python_setup_py'
[0.267s] Level 1:colcon.colcon_core.package_identification:_identify(/home/jagadeesh97/ros2_ws/src/examples/rclpy/services/minimal_client) by extensions ['ignore', 'ignore_ament_install']
[0.267s] Level 1:colcon.colcon_core.package_identification:_identify(/home/jagadeesh97/ros2_ws/src/examples/rclpy/services/minimal_client) by extension 'ignore'
[0.268s] Level 1:colcon.colcon_core.package_identification:_identify(/home/jagadeesh97/ros2_ws/src/examples/rclpy/services/minimal_client) by extension 'ignore_ament_install'
[0.268s] Level 1:colcon.colcon_core.package_identification:_identify(/home/jagadeesh97/ros2_ws/src/examples/rclpy/services/minimal_client) by extensions ['colcon_pkg']
[0.268s] Level 1:colcon.colcon_core.package_identification:_identify(/home/jagadeesh97/ros2_ws/src/examples/rclpy/services/minimal_client) by extension 'colcon_pkg'
[0.268s] Level 1:colcon.colcon_core.package_identification:_identify(/home/jagadeesh97/ros2_ws/src/examples/rclpy/services/minimal_client) by extensions ['colcon_meta']
[0.268s] Level 1:colcon.colcon_core.package_identification:_identify(/home/jagadeesh97/ros2_ws/src/examples/rclpy/services/minimal_client) by extension 'colcon_meta'
[0.268s] Level 1:colcon.colcon_core.package_identification:_identify(/home/jagadeesh97/ros2_ws/src/examples/rclpy/services/minimal_client) by extensions ['ros']
[0.268s] Level 1:colcon.colcon_core.package_identification:_identify(/home/jagadeesh97/ros2_ws/src/examples/rclpy/services/minimal_client) by extension 'ros'
[0.268s] DEBUG:colcon.colcon_core.package_identification:Package '/home/jagadeesh97/ros2_ws/src/examples/rclpy/services/minimal_client' with type 'ros.ament_python' and name 'examples_rclpy_minimal_client'
[0.269s] Level 1:colcon.colcon_core.package_identification:_identify(/home/jagadeesh97/ros2_ws/src/examples/rclpy/services/minimal_service) by extensions ['ignore', 'ignore_ament_install']
[0.269s] Level 1:colcon.colcon_core.package_identification:_identify(/home/jagadeesh97/ros2_ws/src/examples/rclpy/services/minimal_service) by extension 'ignore'
[0.269s] Level 1:colcon.colcon_core.package_identification:_identify(/home/jagadeesh97/ros2_ws/src/examples/rclpy/services/minimal_service) by extension 'ignore_ament_install'
[0.269s] Level 1:colcon.colcon_core.package_identification:_identify(/home/jagadeesh97/ros2_ws/src/examples/rclpy/services/minimal_service) by extensions ['colcon_pkg']
[0.269s] Level 1:colcon.colcon_core.package_identification:_identify(/home/jagadeesh97/ros2_ws/src/examples/rclpy/services/minimal_service) by extension 'colcon_pkg'
[0.269s] Level 1:colcon.colcon_core.package_identification:_identify(/home/jagadeesh97/ros2_ws/src/examples/rclpy/services/minimal_service) by extensions ['colcon_meta']
[0.269s] Level 1:colcon.colcon_core.package_identification:_identify(/home/jagadeesh97/ros2_ws/src/examples/rclpy/services/minimal_service) by extension 'colcon_meta'
[0.269s] Level 1:colcon.colcon_core.package_identification:_identify(/home/jagadeesh97/ros2_ws/src/examples/rclpy/services/minimal_service) by extensions ['ros']
[0.269s] Level 1:colcon.colcon_core.package_identification:_identify(/home/jagadeesh97/ros2_ws/src/examples/rclpy/services/minimal_service) by extension 'ros'
[0.270s] DEBUG:colcon.colcon_core.package_identification:Package '/home/jagadeesh97/ros2_ws/src/examples/rclpy/services/minimal_service' with type 'ros.ament_python' and name 'examples_rclpy_minimal_service'
[0.270s] Level 1:colcon.colcon_core.package_identification:_identify(/home/jagadeesh97/ros2_ws/src/examples/rclpy/topics) by extensions ['ignore', 'ignore_ament_install']
[0.270s] Level 1:colcon.colcon_core.package_identification:_identify(/home/jagadeesh97/ros2_ws/src/examples/rclpy/topics) by extension 'ignore'
[0.270s] Level 1:colcon.colcon_core.package_identification:_identify(/home/jagadeesh97/ros2_ws/src/examples/rclpy/topics) by extension 'ignore_ament_install'
[0.270s] Level 1:colcon.colcon_core.package_identification:_identify(/home/jagadeesh97/ros2_ws/src/examples/rclpy/topics) by extensions ['colcon_pkg']
[0.270s] Level 1:colcon.colcon_core.package_identification:_identify(/home/jagadeesh97/ros2_ws/src/examples/rclpy/topics) by extension 'colcon_pkg'
[0.270s] Level 1:colcon.colcon_core.package_identification:_identify(/home/jagadeesh97/ros2_ws/src/examples/rclpy/topics) by extensions ['colcon_meta']
[0.270s] Level 1:colcon.colcon_core.package_identification:_identify(/home/jagadeesh97/ros2_ws/src/examples/rclpy/topics) by extension 'colcon_meta'
[0.270s] Level 1:colcon.colcon_core.package_identification:_identify(/home/jagadeesh97/ros2_ws/src/examples/rclpy/topics) by extensions ['ros']
[0.270s] Level 1:colcon.colcon_core.package_identification:_identify(/home/jagadeesh97/ros2_ws/src/examples/rclpy/topics) by extension 'ros'
[0.270s] Level 1:colcon.colcon_core.package_identification:_identify(/home/jagadeesh97/ros2_ws/src/examples/rclpy/topics) by extensions ['cmake', 'python']
[0.270s] Level 1:colcon.colcon_core.package_identification:_identify(/home/jagadeesh97/ros2_ws/src/examples/rclpy/topics) by extension 'cmake'
[0.270s] Level 1:colcon.colcon_core.package_identification:_identify(/home/jagadeesh97/ros2_ws/src/examples/rclpy/topics) by extension 'python'
[0.270s] Level 1:colcon.colcon_core.package_identification:_identify(/home/jagadeesh97/ros2_ws/src/examples/rclpy/topics) by extensions ['python_setup_py']
[0.270s] Level 1:colcon.colcon_core.package_identification:_identify(/home/jagadeesh97/ros2_ws/src/examples/rclpy/topics) by extension 'python_setup_py'
[0.270s] Level 1:colcon.colcon_core.package_identification:_identify(/home/jagadeesh97/ros2_ws/src/examples/rclpy/topics/minimal_publisher) by extensions ['ignore', 'ignore_ament_install']
[0.270s] Level 1:colcon.colcon_core.package_identification:_identify(/home/jagadeesh97/ros2_ws/src/examples/rclpy/topics/minimal_publisher) by extension 'ignore'
[0.271s] Level 1:colcon.colcon_core.package_identification:_identify(/home/jagadeesh97/ros2_ws/src/examples/rclpy/topics/minimal_publisher) by extension 'ignore_ament_install'
[0.271s] Level 1:colcon.colcon_core.package_identification:_identify(/home/jagadeesh97/ros2_ws/src/examples/rclpy/topics/minimal_publisher) by extensions ['colcon_pkg']
[0.271s] Level 1:colcon.colcon_core.package_identification:_identify(/home/jagadeesh97/ros2_ws/src/examples/rclpy/topics/minimal_publisher) by extension 'colcon_pkg'
[0.271s] Level 1:colcon.colcon_core.package_identification:_identify(/home/jagadeesh97/ros2_ws/src/examples/rclpy/topics/minimal_publisher) by extensions ['colcon_meta']
[0.271s] Level 1:colcon.colcon_core.package_identification:_identify(/home/jagadeesh97/ros2_ws/src/examples/rclpy/topics/minimal_publisher) by extension 'colcon_meta'
[0.271s] Level 1:colcon.colcon_core.package_identification:_identify(/home/jagadeesh97/ros2_ws/src/examples/rclpy/topics/minimal_publisher) by extensions ['ros']
[0.271s] Level 1:colcon.colcon_core.package_identification:_identify(/home/jagadeesh97/ros2_ws/src/examples/rclpy/topics/minimal_publisher) by extension 'ros'
[0.271s] DEBUG:colcon.colcon_core.package_identification:Package '/home/jagadeesh97/ros2_ws/src/examples/rclpy/topics/minimal_publisher' with type 'ros.ament_python' and name 'examples_rclpy_minimal_publisher'
[0.271s] Level 1:colcon.colcon_core.package_identification:_identify(/home/jagadeesh97/ros2_ws/src/examples/rclpy/topics/minimal_subscriber) by extensions ['ignore', 'ignore_ament_install']
[0.271s] Level 1:colcon.colcon_core.package_identification:_identify(/home/jagadeesh97/ros2_ws/src/examples/rclpy/topics/minimal_subscriber) by extension 'ignore'
[0.271s] Level 1:colcon.colcon_core.package_identification:_identify(/home/jagadeesh97/ros2_ws/src/examples/rclpy/topics/minimal_subscriber) by extension 'ignore_ament_install'
[0.272s] Level 1:colcon.colcon_core.package_identification:_identify(/home/jagadeesh97/ros2_ws/src/examples/rclpy/topics/minimal_subscriber) by extensions ['colcon_pkg']
[0.272s] Level 1:colcon.colcon_core.package_identification:_identify(/home/jagadeesh97/ros2_ws/src/examples/rclpy/topics/minimal_subscriber) by extension 'colcon_pkg'
[0.272s] Level 1:colcon.colcon_core.package_identification:_identify(/home/jagadeesh97/ros2_ws/src/examples/rclpy/topics/minimal_subscriber) by extensions ['colcon_meta']
[0.272s] Level 1:colcon.colcon_core.package_identification:_identify(/home/jagadeesh97/ros2_ws/src/examples/rclpy/topics/minimal_subscriber) by extension 'colcon_meta'
[0.272s] Level 1:colcon.colcon_core.package_identification:_identify(/home/jagadeesh97/ros2_ws/src/examples/rclpy/topics/minimal_subscriber) by extensions ['ros']
[0.272s] Level 1:colcon.colcon_core.package_identification:_identify(/home/jagadeesh97/ros2_ws/src/examples/rclpy/topics/minimal_subscriber) by extension 'ros'
[0.272s] DEBUG:colcon.colcon_core.package_identification:Package '/home/jagadeesh97/ros2_ws/src/examples/rclpy/topics/minimal_subscriber' with type 'ros.ament_python' and name 'examples_rclpy_minimal_subscriber'
[0.272s] Level 1:colcon.colcon_core.package_identification:_identify(/home/jagadeesh97/ros2_ws/src/examples/rclpy/topics/pointcloud_publisher) by extensions ['ignore', 'ignore_ament_install']
[0.273s] Level 1:colcon.colcon_core.package_identification:_identify(/home/jagadeesh97/ros2_ws/src/examples/rclpy/topics/pointcloud_publisher) by extension 'ignore'
[0.273s] Level 1:colcon.colcon_core.package_identification:_identify(/home/jagadeesh97/ros2_ws/src/examples/rclpy/topics/pointcloud_publisher) by extension 'ignore_ament_install'
[0.273s] Level 1:colcon.colcon_core.package_identification:_identify(/home/jagadeesh97/ros2_ws/src/examples/rclpy/topics/pointcloud_publisher) by extensions ['colcon_pkg']
[0.273s] Level 1:colcon.colcon_core.package_identification:_identify(/home/jagadeesh97/ros2_ws/src/examples/rclpy/topics/pointcloud_publisher) by extension 'colcon_pkg'
[0.273s] Level 1:colcon.colcon_core.package_identification:_identify(/home/jagadeesh97/ros2_ws/src/examples/rclpy/topics/pointcloud_publisher) by extensions ['colcon_meta']
[0.273s] Level 1:colcon.colcon_core.package_identification:_identify(/home/jagadeesh97/ros2_ws/src/examples/rclpy/topics/pointcloud_publisher) by extension 'colcon_meta'
[0.273s] Level 1:colcon.colcon_core.package_identification:_identify(/home/jagadeesh97/ros2_ws/src/examples/rclpy/topics/pointcloud_publisher) by extensions ['ros']
[0.273s] Level 1:colcon.colcon_core.package_identification:_identify(/home/jagadeesh97/ros2_ws/src/examples/rclpy/topics/pointcloud_publisher) by extension 'ros'
[0.273s] DEBUG:colcon.colcon_core.package_identification:Package '/home/jagadeesh97/ros2_ws/src/examples/rclpy/topics/pointcloud_publisher' with type 'ros.ament_python' and name 'examples_rclpy_pointcloud_publisher'
[0.274s] Level 1:colcon.colcon_core.package_identification:_identify(/home/jagadeesh97/ros2_ws/src/install) by extensions ['ignore', 'ignore_ament_install']
[0.274s] Level 1:colcon.colcon_core.package_identification:_identify(/home/jagadeesh97/ros2_ws/src/install) by extension 'ignore'
[0.274s] Level 1:colcon.colcon_core.package_identification:_identify(/home/jagadeesh97/ros2_ws/src/install) ignored
[0.274s] Level 1:colcon.colcon_core.package_identification:_identify(/home/jagadeesh97/ros2_ws/src/learning_my_robot_controller) by extensions ['ignore', 'ignore_ament_install']
[0.274s] Level 1:colcon.colcon_core.package_identification:_identify(/home/jagadeesh97/ros2_ws/src/learning_my_robot_controller) by extension 'ignore'
[0.274s] Level 1:colcon.colcon_core.package_identification:_identify(/home/jagadeesh97/ros2_ws/src/learning_my_robot_controller) by extension 'ignore_ament_install'
[0.274s] Level 1:colcon.colcon_core.package_identification:_identify(/home/jagadeesh97/ros2_ws/src/learning_my_robot_controller) by extensions ['colcon_pkg']
[0.274s] Level 1:colcon.colcon_core.package_identification:_identify(/home/jagadeesh97/ros2_ws/src/learning_my_robot_controller) by extension 'colcon_pkg'
[0.274s] Level 1:colcon.colcon_core.package_identification:_identify(/home/jagadeesh97/ros2_ws/src/learning_my_robot_controller) by extensions ['colcon_meta']
[0.274s] Level 1:colcon.colcon_core.package_identification:_identify(/home/jagadeesh97/ros2_ws/src/learning_my_robot_controller) by extension 'colcon_meta'
[0.274s] Level 1:colcon.colcon_core.package_identification:_identify(/home/jagadeesh97/ros2_ws/src/learning_my_robot_controller) by extensions ['ros']
[0.274s] Level 1:colcon.colcon_core.package_identification:_identify(/home/jagadeesh97/ros2_ws/src/learning_my_robot_controller) by extension 'ros'
[0.275s] DEBUG:colcon.colcon_core.package_identification:Package '/home/jagadeesh97/ros2_ws/src/learning_my_robot_controller' with type 'ros.ament_python' and name 'learning_my_robot_controller'
[0.275s] Level 1:colcon.colcon_core.package_identification:_identify(/home/jagadeesh97/ros2_ws/src/log) by extensions ['ignore', 'ignore_ament_install']
[0.275s] Level 1:colcon.colcon_core.package_identification:_identify(/home/jagadeesh97/ros2_ws/src/log) by extension 'ignore'
[0.275s] Level 1:colcon.colcon_core.package_identification:_identify(/home/jagadeesh97/ros2_ws/src/log) ignored
[0.275s] Level 1:colcon.colcon_core.package_identification:_identify(/home/jagadeesh97/ros2_ws/src/my_py_pkg) by extensions ['ignore', 'ignore_ament_install']
[0.275s] Level 1:colcon.colcon_core.package_identification:_identify(/home/jagadeesh97/ros2_ws/src/my_py_pkg) by extension 'ignore'
[0.275s] Level 1:colcon.colcon_core.package_identification:_identify(/home/jagadeesh97/ros2_ws/src/my_py_pkg) by extension 'ignore_ament_install'
[0.275s] Level 1:colcon.colcon_core.package_identification:_identify(/home/jagadeesh97/ros2_ws/src/my_py_pkg) by extensions ['colcon_pkg']
[0.275s] Level 1:colcon.colcon_core.package_identification:_identify(/home/jagadeesh97/ros2_ws/src/my_py_pkg) by extension 'colcon_pkg'
[0.275s] Level 1:colcon.colcon_core.package_identification:_identify(/home/jagadeesh97/ros2_ws/src/my_py_pkg) by extensions ['colcon_meta']
[0.275s] Level 1:colcon.colcon_core.package_identification:_identify(/home/jagadeesh97/ros2_ws/src/my_py_pkg) by extension 'colcon_meta'
[0.276s] Level 1:colcon.colcon_core.package_identification:_identify(/home/jagadeesh97/ros2_ws/src/my_py_pkg) by extensions ['ros']
[0.276s] Level 1:colcon.colcon_core.package_identification:_identify(/home/jagadeesh97/ros2_ws/src/my_py_pkg) by extension 'ros'
[0.276s] DEBUG:colcon.colcon_core.package_identification:Package '/home/jagadeesh97/ros2_ws/src/my_py_pkg' with type 'ros.ament_python' and name 'my_py_pkg'
[0.276s] Level 1:colcon.colcon_core.package_discovery:discover_packages(recursive) using defaults
