[2.423s] Invoking command in '/home/jagadeesh97/ros2_ws/src/learning_my_robot_controller': DEBUGINFOD_URLS=https://debuginfod.ubuntu.com PYTHONPATH=/home/jagadeesh97/ros2_ws/build/learning_my_robot_controller/prefix_override:/usr/lib/python3/dist-packages/colcon_core/task/python/colcon_distutils_commands:/home/jagadeesh97/ros2_ws/install/learning_my_robot_controller/lib/python3.12/site-packages:${PYTHONPATH} /usr/bin/python3 -W ignore:setup.py install is deprecated setup.py egg_info --egg-base ../../build/learning_my_robot_controller build --build-base /home/jagadeesh97/ros2_ws/build/learning_my_robot_controller/build install --record /home/jagadeesh97/ros2_ws/build/learning_my_robot_controller/install.log --single-version-externally-managed install_data
[2.778s] running egg_info
[2.801s] writing ../../build/learning_my_robot_controller/learning_my_robot_controller.egg-info/PKG-INFO
[2.803s] writing dependency_links to ../../build/learning_my_robot_controller/learning_my_robot_controller.egg-info/dependency_links.txt
[2.803s] writing entry points to ../../build/learning_my_robot_controller/learning_my_robot_controller.egg-info/entry_points.txt
[2.803s] writing requirements to ../../build/learning_my_robot_controller/learning_my_robot_controller.egg-info/requires.txt
[2.804s] writing top-level names to ../../build/learning_my_robot_controller/learning_my_robot_controller.egg-info/top_level.txt
[2.854s] reading manifest file '../../build/learning_my_robot_controller/learning_my_robot_controller.egg-info/SOURCES.txt'
[2.855s] writing manifest file '../../build/learning_my_robot_controller/learning_my_robot_controller.egg-info/SOURCES.txt'
[2.856s] running build
[2.856s] running build_py
[2.856s] running install
[2.866s] running install_lib
[2.893s] running install_data
[2.893s] running install_egg_info
[2.916s] removing '/home/jagadeesh97/ros2_ws/install/learning_my_robot_controller/lib/python3.12/site-packages/learning_my_robot_controller-0.0.0-py3.12.egg-info' (and everything under it)
[2.916s] Copying ../../build/learning_my_robot_controller/learning_my_robot_controller.egg-info to /home/jagadeesh97/ros2_ws/install/learning_my_robot_controller/lib/python3.12/site-packages/learning_my_robot_controller-0.0.0-py3.12.egg-info
[2.917s] running install_scripts
[3.074s] Installing test_node script to /home/jagadeesh97/ros2_ws/install/learning_my_robot_controller/lib/learning_my_robot_controller
[3.075s] writing list of installed files to '/home/jagadeesh97/ros2_ws/build/learning_my_robot_controller/install.log'
[3.127s] Invoked command in '/home/jagadeesh97/ros2_ws/src/learning_my_robot_controller' returned '0': DEBUGINFOD_URLS=https://debuginfod.ubuntu.com PYTHONPATH=/home/jagadeesh97/ros2_ws/build/learning_my_robot_controller/prefix_override:/usr/lib/python3/dist-packages/colcon_core/task/python/colcon_distutils_commands:/home/jagadeesh97/ros2_ws/install/learning_my_robot_controller/lib/python3.12/site-packages:${PYTHONPATH} /usr/bin/python3 -W ignore:setup.py install is deprecated setup.py egg_info --egg-base ../../build/learning_my_robot_controller build --build-base /home/jagadeesh97/ros2_ws/build/learning_my_robot_controller/build install --record /home/jagadeesh97/ros2_ws/build/learning_my_robot_controller/install.log --single-version-externally-managed install_data
