running develop
/usr/lib/python3/dist-packages/setuptools/command/develop.py:40: EasyInstallDeprecationWarning: easy_install command is deprecated.
!!

        ********************************************************************************
        Please avoid running ``setup.py`` and ``easy_install``.
        Instead, use pypa/build, pypa/installer or other
        standards-based tools.

        See https://github.com/pypa/setuptools/issues/917 for details.
        ********************************************************************************

!!
  easy_install.initialize_options(self)
running egg_info
writing examples_rclpy_minimal_action_client.egg-info/PKG-INFO
writing dependency_links to examples_rclpy_minimal_action_client.egg-info/dependency_links.txt
writing entry points to examples_rclpy_minimal_action_client.egg-info/entry_points.txt
writing requirements to examples_rclpy_minimal_action_client.egg-info/requires.txt
writing top-level names to examples_rclpy_minimal_action_client.egg-info/top_level.txt
reading manifest file 'examples_rclpy_minimal_action_client.egg-info/SOURCES.txt'
writing manifest file 'examples_rclpy_minimal_action_client.egg-info/SOURCES.txt'
running build_ext
Creating /home/jagadeesh97/ros2_ws/install/examples_rclpy_minimal_action_client/lib/python3.12/site-packages/examples-rclpy-minimal-action-client.egg-link (link to .)
Installing client script to /home/jagadeesh97/ros2_ws/install/examples_rclpy_minimal_action_client/lib/examples_rclpy_minimal_action_client
Installing client_asyncio script to /home/jagadeesh97/ros2_ws/install/examples_rclpy_minimal_action_client/lib/examples_rclpy_minimal_action_client
Installing client_cancel script to /home/jagadeesh97/ros2_ws/install/examples_rclpy_minimal_action_client/lib/examples_rclpy_minimal_action_client
Installing client_not_composable script to /home/jagadeesh97/ros2_ws/install/examples_rclpy_minimal_action_client/lib/examples_rclpy_minimal_action_client

Installed /home/jagadeesh97/ros2_ws/build/examples_rclpy_minimal_action_client
running symlink_data
symbolically linking /home/jagadeesh97/ros2_ws/build/examples_rclpy_minimal_action_client/resource/examples_rclpy_minimal_action_client -> /home/jagadeesh97/ros2_ws/install/examples_rclpy_minimal_action_client/share/ament_index/resource_index/packages
symbolically linking /home/jagadeesh97/ros2_ws/build/examples_rclpy_minimal_action_client/package.xml -> /home/jagadeesh97/ros2_ws/install/examples_rclpy_minimal_action_client/share/examples_rclpy_minimal_action_client
