[1.929s] Invoking command in '/home/jagadeesh97/ros2_ws/build/examples_rclpy_pointcloud_publisher': DEBUGINFOD_URLS=https://debuginfod.ubuntu.com PYTHONPATH=/home/jagadeesh97/ros2_ws/build/examples_rclpy_pointcloud_publisher/prefix_override:/usr/lib/python3/dist-packages/colcon_core/task/python/colcon_distutils_commands:/home/jagadeesh97/ros2_ws/install/examples_rclpy_pointcloud_publisher/lib/python3.12/site-packages:${PYTHONPATH} /usr/bin/python3 -W ignore:setup.py install is deprecated setup.py develop --editable --build-directory /home/jagadeesh97/ros2_ws/build/examples_rclpy_pointcloud_publisher/build --no-deps symlink_data --force
[2.264s] running develop
[2.264s] /usr/lib/python3/dist-packages/setuptools/command/develop.py:40: EasyInstallDeprecationWarning: easy_install command is deprecated.
[2.264s] !!
[2.264s] 
[2.264s]         ********************************************************************************
[2.264s]         Please avoid running ``setup.py`` and ``easy_install``.
[2.264s]         Instead, use pypa/build, pypa/installer or other
[2.264s]         standards-based tools.
[2.264s] 
[2.264s]         See https://github.com/pypa/setuptools/issues/917 for details.
[2.265s]         ********************************************************************************
[2.265s] 
[2.265s] !!
[2.265s]   easy_install.initialize_options(self)
[2.473s] running egg_info
[2.493s] writing examples_rclpy_pointcloud_publisher.egg-info/PKG-INFO
[2.493s] writing dependency_links to examples_rclpy_pointcloud_publisher.egg-info/dependency_links.txt
[2.494s] writing entry points to examples_rclpy_pointcloud_publisher.egg-info/entry_points.txt
[2.494s] writing requirements to examples_rclpy_pointcloud_publisher.egg-info/requires.txt
[2.494s] writing top-level names to examples_rclpy_pointcloud_publisher.egg-info/top_level.txt
[2.538s] reading manifest file 'examples_rclpy_pointcloud_publisher.egg-info/SOURCES.txt'
[2.539s] writing manifest file 'examples_rclpy_pointcloud_publisher.egg-info/SOURCES.txt'
[2.556s] running build_ext
[2.556s] Creating /home/jagadeesh97/ros2_ws/install/examples_rclpy_pointcloud_publisher/lib/python3.12/site-packages/examples-rclpy-pointcloud-publisher.egg-link (link to .)
[2.557s] Installing pointcloud_publisher script to /home/jagadeesh97/ros2_ws/install/examples_rclpy_pointcloud_publisher/lib/examples_rclpy_pointcloud_publisher
[2.557s] 
[2.557s] Installed /home/jagadeesh97/ros2_ws/build/examples_rclpy_pointcloud_publisher
[2.557s] running symlink_data
[2.557s] symbolically linking /home/jagadeesh97/ros2_ws/build/examples_rclpy_pointcloud_publisher/resource/examples_rclpy_pointcloud_publisher -> /home/jagadeesh97/ros2_ws/install/examples_rclpy_pointcloud_publisher/share/ament_index/resource_index/packages
[2.558s] symbolically linking /home/jagadeesh97/ros2_ws/build/examples_rclpy_pointcloud_publisher/package.xml -> /home/jagadeesh97/ros2_ws/install/examples_rclpy_pointcloud_publisher/share/examples_rclpy_pointcloud_publisher
[2.595s] Invoked command in '/home/jagadeesh97/ros2_ws/build/examples_rclpy_pointcloud_publisher' returned '0': DEBUGINFOD_URLS=https://debuginfod.ubuntu.com PYTHONPATH=/home/jagadeesh97/ros2_ws/build/examples_rclpy_pointcloud_publisher/prefix_override:/usr/lib/python3/dist-packages/colcon_core/task/python/colcon_distutils_commands:/home/jagadeesh97/ros2_ws/install/examples_rclpy_pointcloud_publisher/lib/python3.12/site-packages:${PYTHONPATH} /usr/bin/python3 -W ignore:setup.py install is deprecated setup.py develop --editable --build-directory /home/jagadeesh97/ros2_ws/build/examples_rclpy_pointcloud_publisher/build --no-deps symlink_data --force
