[2.550s] Invoking command in '/home/jagadeesh97/ros2_ws/src/examples/rclpy/services/minimal_client': DEBUGINFOD_URLS=https://debuginfod.ubuntu.com PYTHONPATH=/home/jagadeesh97/ros2_ws/build/examples_rclpy_minimal_client/prefix_override:/usr/lib/python3/dist-packages/colcon_core/task/python/colcon_distutils_commands:/home/jagadeesh97/ros2_ws/install/examples_rclpy_minimal_client/lib/python3.12/site-packages:${PYTHONPATH} /usr/bin/python3 -W ignore:setup.py install is deprecated setup.py egg_info --egg-base ../../../../../build/examples_rclpy_minimal_client build --build-base /home/jagadeesh97/ros2_ws/build/examples_rclpy_minimal_client/build install --record /home/jagadeesh97/ros2_ws/build/examples_rclpy_minimal_client/install.log --single-version-externally-managed install_data
[2.922s] running egg_info
[2.952s] writing ../../../../../build/examples_rclpy_minimal_client/examples_rclpy_minimal_client.egg-info/PKG-INFO
[2.952s] writing dependency_links to ../../../../../build/examples_rclpy_minimal_client/examples_rclpy_minimal_client.egg-info/dependency_links.txt
[2.953s] writing entry points to ../../../../../build/examples_rclpy_minimal_client/examples_rclpy_minimal_client.egg-info/entry_points.txt
[2.953s] writing requirements to ../../../../../build/examples_rclpy_minimal_client/examples_rclpy_minimal_client.egg-info/requires.txt
[2.953s] writing top-level names to ../../../../../build/examples_rclpy_minimal_client/examples_rclpy_minimal_client.egg-info/top_level.txt
[3.011s] reading manifest file '../../../../../build/examples_rclpy_minimal_client/examples_rclpy_minimal_client.egg-info/SOURCES.txt'
[3.013s] writing manifest file '../../../../../build/examples_rclpy_minimal_client/examples_rclpy_minimal_client.egg-info/SOURCES.txt'
[3.013s] running build
[3.013s] running build_py
[3.013s] running install
[3.022s] running install_lib
[3.044s] running install_data
[3.045s] running install_egg_info
[3.079s] removing '/home/jagadeesh97/ros2_ws/install/examples_rclpy_minimal_client/lib/python3.12/site-packages/examples_rclpy_minimal_client-0.19.4-py3.12.egg-info' (and everything under it)
[3.080s] Copying ../../../../../build/examples_rclpy_minimal_client/examples_rclpy_minimal_client.egg-info to /home/jagadeesh97/ros2_ws/install/examples_rclpy_minimal_client/lib/python3.12/site-packages/examples_rclpy_minimal_client-0.19.4-py3.12.egg-info
[3.081s] running install_scripts
[3.322s] Installing client script to /home/jagadeesh97/ros2_ws/install/examples_rclpy_minimal_client/lib/examples_rclpy_minimal_client
[3.322s] Installing client_async script to /home/jagadeesh97/ros2_ws/install/examples_rclpy_minimal_client/lib/examples_rclpy_minimal_client
[3.322s] Installing client_async_callback script to /home/jagadeesh97/ros2_ws/install/examples_rclpy_minimal_client/lib/examples_rclpy_minimal_client
[3.323s] Installing client_async_member_function script to /home/jagadeesh97/ros2_ws/install/examples_rclpy_minimal_client/lib/examples_rclpy_minimal_client
[3.323s] writing list of installed files to '/home/jagadeesh97/ros2_ws/build/examples_rclpy_minimal_client/install.log'
[3.371s] Invoked command in '/home/jagadeesh97/ros2_ws/src/examples/rclpy/services/minimal_client' returned '0': DEBUGINFOD_URLS=https://debuginfod.ubuntu.com PYTHONPATH=/home/jagadeesh97/ros2_ws/build/examples_rclpy_minimal_client/prefix_override:/usr/lib/python3/dist-packages/colcon_core/task/python/colcon_distutils_commands:/home/jagadeesh97/ros2_ws/install/examples_rclpy_minimal_client/lib/python3.12/site-packages:${PYTHONPATH} /usr/bin/python3 -W ignore:setup.py install is deprecated setup.py egg_info --egg-base ../../../../../build/examples_rclpy_minimal_client build --build-base /home/jagadeesh97/ros2_ws/build/examples_rclpy_minimal_client/build install --record /home/jagadeesh97/ros2_ws/build/examples_rclpy_minimal_client/install.log --single-version-externally-managed install_data
