[0.674s] Invoking command in '/home/jagadeesh97/ros2_ws/src/my_py_pkg': DEBUGINFOD_URLS=https://debuginfod.ubuntu.com PYTHONPATH=/home/jagadeesh97/ros2_ws/src/build/my_py_pkg/prefix_override:/usr/lib/python3/dist-packages/colcon_core/task/python/colcon_distutils_commands:/home/jagadeesh97/ros2_ws/src/install/my_py_pkg/lib/python3.12/site-packages:${PYTHONPATH} /usr/bin/python3 -W ignore:setup.py install is deprecated setup.py egg_info --egg-base ../build/my_py_pkg build --build-base /home/jagadeesh97/ros2_ws/src/build/my_py_pkg/build install --record /home/jagadeesh97/ros2_ws/src/build/my_py_pkg/install.log --single-version-externally-managed install_data
[0.844s] running egg_info
[0.844s] creating ../build/my_py_pkg/my_py_pkg.egg-info
[0.853s] writing ../build/my_py_pkg/my_py_pkg.egg-info/PKG-INFO
[0.853s] writing dependency_links to ../build/my_py_pkg/my_py_pkg.egg-info/dependency_links.txt
[0.853s] writing requirements to ../build/my_py_pkg/my_py_pkg.egg-info/requires.txt
[0.853s] writing top-level names to ../build/my_py_pkg/my_py_pkg.egg-info/top_level.txt
[0.853s] writing manifest file '../build/my_py_pkg/my_py_pkg.egg-info/SOURCES.txt'
[0.872s] reading manifest file '../build/my_py_pkg/my_py_pkg.egg-info/SOURCES.txt'
[0.872s] writing manifest file '../build/my_py_pkg/my_py_pkg.egg-info/SOURCES.txt'
[0.873s] running build
[0.873s] running build_py
[0.873s] creating /home/jagadeesh97/ros2_ws/src/build/my_py_pkg/build
[0.873s] creating /home/jagadeesh97/ros2_ws/src/build/my_py_pkg/build/lib
[0.873s] creating /home/jagadeesh97/ros2_ws/src/build/my_py_pkg/build/lib/my_py_pkg
[0.873s] copying my_py_pkg/__init__.py -> /home/jagadeesh97/ros2_ws/src/build/my_py_pkg/build/lib/my_py_pkg
[0.873s] running install
[0.877s] running install_lib
[0.886s] creating /home/jagadeesh97/ros2_ws/src/install/my_py_pkg/lib/python3.12/site-packages/my_py_pkg
[0.886s] copying /home/jagadeesh97/ros2_ws/src/build/my_py_pkg/build/lib/my_py_pkg/__init__.py -> /home/jagadeesh97/ros2_ws/src/install/my_py_pkg/lib/python3.12/site-packages/my_py_pkg
[0.887s] byte-compiling /home/jagadeesh97/ros2_ws/src/install/my_py_pkg/lib/python3.12/site-packages/my_py_pkg/__init__.py to __init__.cpython-312.pyc
[0.887s] running install_data
[0.887s] creating /home/jagadeesh97/ros2_ws/src/install/my_py_pkg/share/ament_index
[0.887s] creating /home/jagadeesh97/ros2_ws/src/install/my_py_pkg/share/ament_index/resource_index
[0.887s] creating /home/jagadeesh97/ros2_ws/src/install/my_py_pkg/share/ament_index/resource_index/packages
[0.887s] copying resource/my_py_pkg -> /home/jagadeesh97/ros2_ws/src/install/my_py_pkg/share/ament_index/resource_index/packages
[0.887s] copying package.xml -> /home/jagadeesh97/ros2_ws/src/install/my_py_pkg/share/my_py_pkg
[0.887s] running install_egg_info
[0.897s] Copying ../build/my_py_pkg/my_py_pkg.egg-info to /home/jagadeesh97/ros2_ws/src/install/my_py_pkg/lib/python3.12/site-packages/my_py_pkg-0.0.0-py3.12.egg-info
[0.898s] running install_scripts
[0.970s] writing list of installed files to '/home/jagadeesh97/ros2_ws/src/build/my_py_pkg/install.log'
[0.993s] Invoked command in '/home/jagadeesh97/ros2_ws/src/my_py_pkg' returned '0': DEBUGINFOD_URLS=https://debuginfod.ubuntu.com PYTHONPATH=/home/jagadeesh97/ros2_ws/src/build/my_py_pkg/prefix_override:/usr/lib/python3/dist-packages/colcon_core/task/python/colcon_distutils_commands:/home/jagadeesh97/ros2_ws/src/install/my_py_pkg/lib/python3.12/site-packages:${PYTHONPATH} /usr/bin/python3 -W ignore:setup.py install is deprecated setup.py egg_info --egg-base ../build/my_py_pkg build --build-base /home/jagadeesh97/ros2_ws/src/build/my_py_pkg/build install --record /home/jagadeesh97/ros2_ws/src/build/my_py_pkg/install.log --single-version-externally-managed install_data
