[0.105s] Invoking command in '/home/jagadeesh97/ros2_ws/build/examples_rclcpp_minimal_action_client': CMAKE_PREFIX_PATH=${CMAKE_PREFIX_PATH}:/opt/ros/jazzy DEBUGINFOD_URLS=https://debuginfod.ubuntu.com /usr/bin/cmake --build /home/jagadeesh97/ros2_ws/build/examples_rclcpp_minimal_action_client -- -j16 -l16
[1.564s] [ 12%] [32mBuilding CXX object CMakeFiles/action_client_member_functions.dir/member_functions.cpp.o[0m
[10.352s] [ 25%] [32m[1mLinking CXX executable action_client_member_functions[0m
[10.639s] [ 25%] Built target action_client_member_functions
[10.667s] [ 37%] [32mBuilding CXX object CMakeFiles/action_client_not_composable_with_feedback.dir/not_composable_with_feedback.cpp.o[0m
[18.952s] [ 50%] [32m[1mLinking CXX executable action_client_not_composable_with_feedback[0m
[19.148s] [ 50%] Built target action_client_not_composable_with_feedback
[19.182s] [ 62%] [32mBuilding CXX object CMakeFiles/action_client_not_composable_with_cancel.dir/not_composable_with_cancel.cpp.o[0m
[25.419s] [ 75%] [32m[1mLinking CXX executable action_client_not_composable_with_cancel[0m
[25.676s] [ 75%] Built target action_client_not_composable_with_cancel
[25.712s] [ 87%] [32mBuilding CXX object CMakeFiles/action_client_not_composable.dir/not_composable.cpp.o[0m
[31.072s] [100%] [32m[1mLinking CXX executable action_client_not_composable[0m
[31.277s] [100%] Built target action_client_not_composable
[31.314s] Invoked command in '/home/jagadeesh97/ros2_ws/build/examples_rclcpp_minimal_action_client' returned '0': CMAKE_PREFIX_PATH=${CMAKE_PREFIX_PATH}:/opt/ros/jazzy DEBUGINFOD_URLS=https://debuginfod.ubuntu.com /usr/bin/cmake --build /home/jagadeesh97/ros2_ws/build/examples_rclcpp_minimal_action_client -- -j16 -l16
[31.359s] Invoking command in '/home/jagadeesh97/ros2_ws/build/examples_rclcpp_minimal_action_client': CMAKE_PREFIX_PATH=${CMAKE_PREFIX_PATH}:/opt/ros/jazzy DEBUGINFOD_URLS=https://debuginfod.ubuntu.com /usr/bin/cmake --install /home/jagadeesh97/ros2_ws/build/examples_rclcpp_minimal_action_client
[31.369s] -- Install configuration: ""
[31.370s] -- Execute custom install script
[31.371s] -- Symlinking: /home/jagadeesh97/ros2_ws/install/examples_rclcpp_minimal_action_client/lib/examples_rclcpp_minimal_action_client/action_client_member_functions
[31.384s] -- Symlinking: /home/jagadeesh97/ros2_ws/install/examples_rclcpp_minimal_action_client/lib/examples_rclcpp_minimal_action_client/action_client_not_composable
[31.397s] -- Symlinking: /home/jagadeesh97/ros2_ws/install/examples_rclcpp_minimal_action_client/lib/examples_rclcpp_minimal_action_client/action_client_not_composable_with_cancel
[31.410s] -- Symlinking: /home/jagadeesh97/ros2_ws/install/examples_rclcpp_minimal_action_client/lib/examples_rclcpp_minimal_action_client/action_client_not_composable_with_feedback
[31.425s] -- Symlinking: /home/jagadeesh97/ros2_ws/install/examples_rclcpp_minimal_action_client/share/ament_index/resource_index/package_run_dependencies/examples_rclcpp_minimal_action_client
[31.438s] -- Symlinking: /home/jagadeesh97/ros2_ws/install/examples_rclcpp_minimal_action_client/share/ament_index/resource_index/parent_prefix_path/examples_rclcpp_minimal_action_client
[31.450s] -- Symlinking: /home/jagadeesh97/ros2_ws/install/examples_rclcpp_minimal_action_client/share/examples_rclcpp_minimal_action_client/environment/ament_prefix_path.sh
[31.462s] -- Symlinking: /home/jagadeesh97/ros2_ws/install/examples_rclcpp_minimal_action_client/share/examples_rclcpp_minimal_action_client/environment/ament_prefix_path.dsv
[31.473s] -- Symlinking: /home/jagadeesh97/ros2_ws/install/examples_rclcpp_minimal_action_client/share/examples_rclcpp_minimal_action_client/environment/path.sh
[31.485s] -- Symlinking: /home/jagadeesh97/ros2_ws/install/examples_rclcpp_minimal_action_client/share/examples_rclcpp_minimal_action_client/environment/path.dsv
[31.497s] -- Symlinking: /home/jagadeesh97/ros2_ws/install/examples_rclcpp_minimal_action_client/share/examples_rclcpp_minimal_action_client/local_setup.bash
[31.509s] -- Symlinking: /home/jagadeesh97/ros2_ws/install/examples_rclcpp_minimal_action_client/share/examples_rclcpp_minimal_action_client/local_setup.sh
[31.522s] -- Symlinking: /home/jagadeesh97/ros2_ws/install/examples_rclcpp_minimal_action_client/share/examples_rclcpp_minimal_action_client/local_setup.zsh
[31.534s] -- Symlinking: /home/jagadeesh97/ros2_ws/install/examples_rclcpp_minimal_action_client/share/examples_rclcpp_minimal_action_client/local_setup.dsv
[31.547s] -- Symlinking: /home/jagadeesh97/ros2_ws/install/examples_rclcpp_minimal_action_client/share/examples_rclcpp_minimal_action_client/package.dsv
[31.559s] -- Symlinking: /home/jagadeesh97/ros2_ws/install/examples_rclcpp_minimal_action_client/share/ament_index/resource_index/packages/examples_rclcpp_minimal_action_client
[31.572s] -- Symlinking: /home/jagadeesh97/ros2_ws/install/examples_rclcpp_minimal_action_client/share/examples_rclcpp_minimal_action_client/cmake/examples_rclcpp_minimal_action_clientConfig.cmake
[31.583s] -- Symlinking: /home/jagadeesh97/ros2_ws/install/examples_rclcpp_minimal_action_client/share/examples_rclcpp_minimal_action_client/cmake/examples_rclcpp_minimal_action_clientConfig-version.cmake
[31.595s] -- Symlinking: /home/jagadeesh97/ros2_ws/install/examples_rclcpp_minimal_action_client/share/examples_rclcpp_minimal_action_client/package.xml
[31.610s] Invoked command in '/home/jagadeesh97/ros2_ws/build/examples_rclcpp_minimal_action_client' returned '0': CMAKE_PREFIX_PATH=${CMAKE_PREFIX_PATH}:/opt/ros/jazzy DEBUGINFOD_URLS=https://debuginfod.ubuntu.com /usr/bin/cmake --install /home/jagadeesh97/ros2_ws/build/examples_rclcpp_minimal_action_client
