running egg_info
creating ../../build/learning_my_robot_controller/learning_my_robot_controller.egg-info
writing ../../build/learning_my_robot_controller/learning_my_robot_controller.egg-info/PKG-INFO
writing dependency_links to ../../build/learning_my_robot_controller/learning_my_robot_controller.egg-info/dependency_links.txt
writing requirements to ../../build/learning_my_robot_controller/learning_my_robot_controller.egg-info/requires.txt
writing top-level names to ../../build/learning_my_robot_controller/learning_my_robot_controller.egg-info/top_level.txt
writing manifest file '../../build/learning_my_robot_controller/learning_my_robot_controller.egg-info/SOURCES.txt'
reading manifest file '../../build/learning_my_robot_controller/learning_my_robot_controller.egg-info/SOURCES.txt'
writing manifest file '../../build/learning_my_robot_controller/learning_my_robot_controller.egg-info/SOURCES.txt'
running build
running build_py
creating /home/jagadeesh97/ros2_ws/build/learning_my_robot_controller/build
creating /home/jagadeesh97/ros2_ws/build/learning_my_robot_controller/build/lib
creating /home/jagadeesh97/ros2_ws/build/learning_my_robot_controller/build/lib/learning_my_robot_controller
copying learning_my_robot_controller/__init__.py -> /home/jagadeesh97/ros2_ws/build/learning_my_robot_controller/build/lib/learning_my_robot_controller
running install
running install_lib
creating /home/jagadeesh97/ros2_ws/install/learning_my_robot_controller/lib/python3.12/site-packages/learning_my_robot_controller
copying /home/jagadeesh97/ros2_ws/build/learning_my_robot_controller/build/lib/learning_my_robot_controller/__init__.py -> /home/jagadeesh97/ros2_ws/install/learning_my_robot_controller/lib/python3.12/site-packages/learning_my_robot_controller
byte-compiling /home/jagadeesh97/ros2_ws/install/learning_my_robot_controller/lib/python3.12/site-packages/learning_my_robot_controller/__init__.py to __init__.cpython-312.pyc
running install_data
creating /home/jagadeesh97/ros2_ws/install/learning_my_robot_controller/share/ament_index
creating /home/jagadeesh97/ros2_ws/install/learning_my_robot_controller/share/ament_index/resource_index
creating /home/jagadeesh97/ros2_ws/install/learning_my_robot_controller/share/ament_index/resource_index/packages
copying resource/learning_my_robot_controller -> /home/jagadeesh97/ros2_ws/install/learning_my_robot_controller/share/ament_index/resource_index/packages
copying package.xml -> /home/jagadeesh97/ros2_ws/install/learning_my_robot_controller/share/learning_my_robot_controller
running install_egg_info
Copying ../../build/learning_my_robot_controller/learning_my_robot_controller.egg-info to /home/jagadeesh97/ros2_ws/install/learning_my_robot_controller/lib/python3.12/site-packages/learning_my_robot_controller-0.0.0-py3.12.egg-info
running install_scripts
writing list of installed files to '/home/jagadeesh97/ros2_ws/build/learning_my_robot_controller/install.log'
