[3.356s] Invoking command in '/home/jagadeesh97/ros2_ws/src/examples/rclpy/services/minimal_service': DEBUGINFOD_URLS=https://debuginfod.ubuntu.com PYTHONPATH=/home/jagadeesh97/ros2_ws/build/examples_rclpy_minimal_service/prefix_override:/usr/lib/python3/dist-packages/colcon_core/task/python/colcon_distutils_commands:/home/jagadeesh97/ros2_ws/install/examples_rclpy_minimal_service/lib/python3.12/site-packages:${PYTHONPATH} /usr/bin/python3 -W ignore:setup.py install is deprecated setup.py egg_info --egg-base ../../../../../build/examples_rclpy_minimal_service build --build-base /home/jagadeesh97/ros2_ws/build/examples_rclpy_minimal_service/build install --record /home/jagadeesh97/ros2_ws/build/examples_rclpy_minimal_service/install.log --single-version-externally-managed install_data
[3.788s] running egg_info
[3.815s] writing ../../../../../build/examples_rclpy_minimal_service/examples_rclpy_minimal_service.egg-info/PKG-INFO
[3.816s] writing dependency_links to ../../../../../build/examples_rclpy_minimal_service/examples_rclpy_minimal_service.egg-info/dependency_links.txt
[3.816s] writing entry points to ../../../../../build/examples_rclpy_minimal_service/examples_rclpy_minimal_service.egg-info/entry_points.txt
[3.816s] writing requirements to ../../../../../build/examples_rclpy_minimal_service/examples_rclpy_minimal_service.egg-info/requires.txt
[3.817s] writing top-level names to ../../../../../build/examples_rclpy_minimal_service/examples_rclpy_minimal_service.egg-info/top_level.txt
[3.868s] reading manifest file '../../../../../build/examples_rclpy_minimal_service/examples_rclpy_minimal_service.egg-info/SOURCES.txt'
[3.869s] writing manifest file '../../../../../build/examples_rclpy_minimal_service/examples_rclpy_minimal_service.egg-info/SOURCES.txt'
[3.869s] running build
[3.870s] running build_py
[3.870s] running install
[3.879s] running install_lib
[3.905s] running install_data
[3.905s] running install_egg_info
[3.932s] removing '/home/jagadeesh97/ros2_ws/install/examples_rclpy_minimal_service/lib/python3.12/site-packages/examples_rclpy_minimal_service-0.19.4-py3.12.egg-info' (and everything under it)
[3.932s] Copying ../../../../../build/examples_rclpy_minimal_service/examples_rclpy_minimal_service.egg-info to /home/jagadeesh97/ros2_ws/install/examples_rclpy_minimal_service/lib/python3.12/site-packages/examples_rclpy_minimal_service-0.19.4-py3.12.egg-info
[3.933s] running install_scripts
[4.101s] Installing service script to /home/jagadeesh97/ros2_ws/install/examples_rclpy_minimal_service/lib/examples_rclpy_minimal_service
[4.102s] Installing service_member_function script to /home/jagadeesh97/ros2_ws/install/examples_rclpy_minimal_service/lib/examples_rclpy_minimal_service
[4.102s] writing list of installed files to '/home/jagadeesh97/ros2_ws/build/examples_rclpy_minimal_service/install.log'
[4.157s] Invoked command in '/home/jagadeesh97/ros2_ws/src/examples/rclpy/services/minimal_service' returned '0': DEBUGINFOD_URLS=https://debuginfod.ubuntu.com PYTHONPATH=/home/jagadeesh97/ros2_ws/build/examples_rclpy_minimal_service/prefix_override:/usr/lib/python3/dist-packages/colcon_core/task/python/colcon_distutils_commands:/home/jagadeesh97/ros2_ws/install/examples_rclpy_minimal_service/lib/python3.12/site-packages:${PYTHONPATH} /usr/bin/python3 -W ignore:setup.py install is deprecated setup.py egg_info --egg-base ../../../../../build/examples_rclpy_minimal_service build --build-base /home/jagadeesh97/ros2_ws/build/examples_rclpy_minimal_service/build install --record /home/jagadeesh97/ros2_ws/build/examples_rclpy_minimal_service/install.log --single-version-externally-managed install_data
