[3.260s] Invoking command in '/home/jagadeesh97/ros2_ws/src/examples/rclpy/topics/pointcloud_publisher': DEBUGINFOD_URLS=https://debuginfod.ubuntu.com PYTHONPATH=/home/jagadeesh97/ros2_ws/build/examples_rclpy_pointcloud_publisher/prefix_override:/usr/lib/python3/dist-packages/colcon_core/task/python/colcon_distutils_commands:/home/jagadeesh97/ros2_ws/install/examples_rclpy_pointcloud_publisher/lib/python3.12/site-packages:${PYTHONPATH} /usr/bin/python3 -W ignore:setup.py install is deprecated setup.py egg_info --egg-base ../../../../../build/examples_rclpy_pointcloud_publisher build --build-base /home/jagadeesh97/ros2_ws/build/examples_rclpy_pointcloud_publisher/build install --record /home/jagadeesh97/ros2_ws/build/examples_rclpy_pointcloud_publisher/install.log --single-version-externally-managed install_data
[3.651s] running egg_info
[3.673s] writing ../../../../../build/examples_rclpy_pointcloud_publisher/examples_rclpy_pointcloud_publisher.egg-info/PKG-INFO
[3.673s] writing dependency_links to ../../../../../build/examples_rclpy_pointcloud_publisher/examples_rclpy_pointcloud_publisher.egg-info/dependency_links.txt
[3.674s] writing entry points to ../../../../../build/examples_rclpy_pointcloud_publisher/examples_rclpy_pointcloud_publisher.egg-info/entry_points.txt
[3.674s] writing requirements to ../../../../../build/examples_rclpy_pointcloud_publisher/examples_rclpy_pointcloud_publisher.egg-info/requires.txt
[3.674s] writing top-level names to ../../../../../build/examples_rclpy_pointcloud_publisher/examples_rclpy_pointcloud_publisher.egg-info/top_level.txt
[3.723s] reading manifest file '../../../../../build/examples_rclpy_pointcloud_publisher/examples_rclpy_pointcloud_publisher.egg-info/SOURCES.txt'
[3.724s] writing manifest file '../../../../../build/examples_rclpy_pointcloud_publisher/examples_rclpy_pointcloud_publisher.egg-info/SOURCES.txt'
[3.725s] running build
[3.725s] running build_py
[3.725s] running install
[3.733s] running install_lib
[3.760s] running install_data
[3.760s] running install_egg_info
[3.788s] removing '/home/jagadeesh97/ros2_ws/install/examples_rclpy_pointcloud_publisher/lib/python3.12/site-packages/examples_rclpy_pointcloud_publisher-0.19.4-py3.12.egg-info' (and everything under it)
[3.788s] Copying ../../../../../build/examples_rclpy_pointcloud_publisher/examples_rclpy_pointcloud_publisher.egg-info to /home/jagadeesh97/ros2_ws/install/examples_rclpy_pointcloud_publisher/lib/python3.12/site-packages/examples_rclpy_pointcloud_publisher-0.19.4-py3.12.egg-info
[3.789s] running install_scripts
[3.958s] Installing pointcloud_publisher script to /home/jagadeesh97/ros2_ws/install/examples_rclpy_pointcloud_publisher/lib/examples_rclpy_pointcloud_publisher
[3.959s] writing list of installed files to '/home/jagadeesh97/ros2_ws/build/examples_rclpy_pointcloud_publisher/install.log'
[4.020s] Invoked command in '/home/jagadeesh97/ros2_ws/src/examples/rclpy/topics/pointcloud_publisher' returned '0': DEBUGINFOD_URLS=https://debuginfod.ubuntu.com PYTHONPATH=/home/jagadeesh97/ros2_ws/build/examples_rclpy_pointcloud_publisher/prefix_override:/usr/lib/python3/dist-packages/colcon_core/task/python/colcon_distutils_commands:/home/jagadeesh97/ros2_ws/install/examples_rclpy_pointcloud_publisher/lib/python3.12/site-packages:${PYTHONPATH} /usr/bin/python3 -W ignore:setup.py install is deprecated setup.py egg_info --egg-base ../../../../../build/examples_rclpy_pointcloud_publisher build --build-base /home/jagadeesh97/ros2_ws/build/examples_rclpy_pointcloud_publisher/build install --record /home/jagadeesh97/ros2_ws/build/examples_rclpy_pointcloud_publisher/install.log --single-version-externally-managed install_data
