[0.047s] Invoking command in '/home/jagadeesh97/ros2_ws/build/examples_rclcpp_multithreaded_executor': CMAKE_PREFIX_PATH=${CMAKE_PREFIX_PATH}:/opt/ros/jazzy DEBUGINFOD_URLS=https://debuginfod.ubuntu.com /usr/bin/cmake /home/jagadeesh97/ros2_ws/src/examples/rclcpp/executors/multithreaded_executor -DAMENT_CMAKE_SYMLINK_INSTALL=1 -DCMAKE_INSTALL_PREFIX=/home/jagadeesh97/ros2_ws/install/examples_rclcpp_multithreaded_executor
[2.334s] -- The C compiler identification is GNU 13.2.0
[2.334s] -- The CXX compiler identification is GNU 13.2.0
[2.334s] -- Detecting C compiler ABI info
[2.334s] -- Detecting C compiler ABI info - done
[2.335s] -- Check for working C compiler: /usr/bin/cc - skipped
[2.337s] -- Detecting C compile features
[2.337s] -- Detecting C compile features - done
[2.342s] -- Detecting CXX compiler ABI info
[2.342s] -- Detecting CXX compiler ABI info - done
[2.342s] -- Check for working CXX compiler: /usr/bin/c++ - skipped
[2.342s] -- Detecting CXX compile features
[2.343s] -- Detecting CXX compile features - done
[2.343s] -- Found ament_cmake: 2.5.0 (/opt/ros/jazzy/share/ament_cmake/cmake)
[2.343s] -- Found Python3: /usr/bin/python3 (found version "3.12.3") found components: Interpreter 
[2.343s] -- Override CMake install command with custom implementation using symlinks instead of copying resources
[2.343s] -- Found rclcpp: 28.1.2 (/opt/ros/jazzy/share/rclcpp/cmake)
[2.343s] -- Found rosidl_generator_c: 4.6.2 (/opt/ros/jazzy/share/rosidl_generator_c/cmake)
[2.344s] -- Found rosidl_generator_cpp: 4.6.2 (/opt/ros/jazzy/share/rosidl_generator_cpp/cmake)
[2.344s] -- Using all available rosidl_typesupport_c: rosidl_typesupport_fastrtps_c;rosidl_typesupport_introspection_c
[2.344s] -- Using all available rosidl_typesupport_cpp: rosidl_typesupport_fastrtps_cpp;rosidl_typesupport_introspection_cpp
[2.344s] -- Found rmw_implementation_cmake: 7.3.1 (/opt/ros/jazzy/share/rmw_implementation_cmake/cmake)
[2.344s] -- Found rmw_fastrtps_cpp: 8.4.0 (/opt/ros/jazzy/share/rmw_fastrtps_cpp/cmake)
[2.344s] -- Found OpenSSL: /usr/lib/x86_64-linux-gnu/libcrypto.so (found version "3.0.13")  
[2.345s] -- Found FastRTPS: /opt/ros/jazzy/include (Required is at least version "2.13") 
[2.345s] -- Using RMW implementation 'rmw_fastrtps_cpp' as default
[2.345s] -- Found std_msgs: 5.3.5 (/opt/ros/jazzy/share/std_msgs/cmake)
[2.345s] -- Found ament_lint_auto: 0.17.0 (/opt/ros/jazzy/share/ament_lint_auto/cmake)
[2.347s] -- Added test 'copyright' to check source files copyright and LICENSE
[2.347s] -- Added test 'cppcheck' to perform static code analysis on C / C++ code
[2.347s] -- Configured cppcheck include dirs: 
[2.347s] -- Configured cppcheck exclude dirs and/or files: 
[2.348s] -- Added test 'cpplint' to check C / C++ code against the Google style
[2.348s] -- Configured cpplint exclude dirs and/or files: 
[2.348s] -- Added test 'lint_cmake' to check CMake code style
[2.348s] -- Added test 'uncrustify' to check C / C++ code style
[2.348s] -- Configured uncrustify additional arguments: 
[2.348s] -- Added test 'xmllint' to check XML markup files
[2.348s] -- Configuring done (2.3s)
[2.365s] -- Generating done (0.0s)
[2.369s] -- Build files have been written to: /home/jagadeesh97/ros2_ws/build/examples_rclcpp_multithreaded_executor
[2.396s] Invoked command in '/home/jagadeesh97/ros2_ws/build/examples_rclcpp_multithreaded_executor' returned '0': CMAKE_PREFIX_PATH=${CMAKE_PREFIX_PATH}:/opt/ros/jazzy DEBUGINFOD_URLS=https://debuginfod.ubuntu.com /usr/bin/cmake /home/jagadeesh97/ros2_ws/src/examples/rclcpp/executors/multithreaded_executor -DAMENT_CMAKE_SYMLINK_INSTALL=1 -DCMAKE_INSTALL_PREFIX=/home/jagadeesh97/ros2_ws/install/examples_rclcpp_multithreaded_executor
[2.398s] Invoking command in '/home/jagadeesh97/ros2_ws/build/examples_rclcpp_multithreaded_executor': CMAKE_PREFIX_PATH=${CMAKE_PREFIX_PATH}:/opt/ros/jazzy DEBUGINFOD_URLS=https://debuginfod.ubuntu.com /usr/bin/cmake --build /home/jagadeesh97/ros2_ws/build/examples_rclcpp_multithreaded_executor -- -j16 -l16
[2.517s] [ 50%] [32mBuilding CXX object CMakeFiles/multithreaded_executor.dir/multithreaded_executor.cpp.o[0m
