[0.048s] Invoking command in '/home/jagadeesh97/ros2_ws/build/examples_rclcpp_minimal_action_server': CMAKE_PREFIX_PATH=${CMAKE_PREFIX_PATH}:/opt/ros/jazzy DEBUGINFOD_URLS=https://debuginfod.ubuntu.com /usr/bin/cmake /home/jagadeesh97/ros2_ws/src/examples/rclcpp/actions/minimal_action_server -DAMENT_CMAKE_SYMLINK_INSTALL=1 -DCMAKE_INSTALL_PREFIX=/home/jagadeesh97/ros2_ws/install/examples_rclcpp_minimal_action_server
[1.427s] -- The C compiler identification is GNU 13.2.0
[1.427s] -- The CXX compiler identification is GNU 13.2.0
[1.428s] -- Detecting C compiler ABI info
[1.428s] -- Detecting C compiler ABI info - done
[1.428s] -- Check for working C compiler: /usr/bin/cc - skipped
[1.429s] -- Detecting C compile features
[1.429s] -- Detecting C compile features - done
[1.429s] -- Detecting CXX compiler ABI info
[1.429s] -- Detecting CXX compiler ABI info - done
[1.429s] -- Check for working CXX compiler: /usr/bin/c++ - skipped
[1.429s] -- Detecting CXX compile features
[1.430s] -- Detecting CXX compile features - done
[1.430s] -- Found ament_cmake: 2.5.0 (/opt/ros/jazzy/share/ament_cmake/cmake)
[1.430s] -- Found Python3: /usr/bin/python3 (found version "3.12.3") found components: Interpreter 
[1.430s] -- Override CMake install command with custom implementation using symlinks instead of copying resources
[1.431s] -- Found example_interfaces: 0.12.0 (/opt/ros/jazzy/share/example_interfaces/cmake)
[1.431s] -- Found rosidl_generator_c: 4.6.2 (/opt/ros/jazzy/share/rosidl_generator_c/cmake)
[1.449s] -- Found rosidl_generator_cpp: 4.6.2 (/opt/ros/jazzy/share/rosidl_generator_cpp/cmake)
[1.468s] -- Using all available rosidl_typesupport_c: rosidl_typesupport_fastrtps_c;rosidl_typesupport_introspection_c
[1.503s] -- Using all available rosidl_typesupport_cpp: rosidl_typesupport_fastrtps_cpp;rosidl_typesupport_introspection_cpp
[1.701s] -- Found rclcpp: 28.1.2 (/opt/ros/jazzy/share/rclcpp/cmake)
[1.790s] -- Found rmw_implementation_cmake: 7.3.1 (/opt/ros/jazzy/share/rmw_implementation_cmake/cmake)
[1.794s] -- Found rmw_fastrtps_cpp: 8.4.0 (/opt/ros/jazzy/share/rmw_fastrtps_cpp/cmake)
[1.937s] -- Found OpenSSL: /usr/lib/x86_64-linux-gnu/libcrypto.so (found version "3.0.13")  
[1.980s] -- Found FastRTPS: /opt/ros/jazzy/include (Required is at least version "2.13") 
[2.031s] -- Using RMW implementation 'rmw_fastrtps_cpp' as default
[2.203s] -- Found rclcpp_action: 28.1.2 (/opt/ros/jazzy/share/rclcpp_action/cmake)
[2.254s] -- Found ament_lint_auto: 0.17.0 (/opt/ros/jazzy/share/ament_lint_auto/cmake)
[2.535s] -- Added test 'copyright' to check source files copyright and LICENSE
[2.542s] -- Added test 'cppcheck' to perform static code analysis on C / C++ code
[2.543s] -- Configured cppcheck include dirs: 
[2.543s] -- Configured cppcheck exclude dirs and/or files: 
[2.543s] -- Added test 'cpplint' to check C / C++ code against the Google style
[2.543s] -- Configured cpplint exclude dirs and/or files: 
[2.545s] -- Added test 'lint_cmake' to check CMake code style
[2.545s] -- Added test 'uncrustify' to check C / C++ code style
[2.545s] -- Configured uncrustify additional arguments: 
[2.545s] -- Added test 'xmllint' to check XML markup files
[2.555s] -- Configuring done (2.5s)
[2.636s] -- Generating done (0.1s)
[2.648s] -- Build files have been written to: /home/jagadeesh97/ros2_ws/build/examples_rclcpp_minimal_action_server
[2.723s] Invoked command in '/home/jagadeesh97/ros2_ws/build/examples_rclcpp_minimal_action_server' returned '0': CMAKE_PREFIX_PATH=${CMAKE_PREFIX_PATH}:/opt/ros/jazzy DEBUGINFOD_URLS=https://debuginfod.ubuntu.com /usr/bin/cmake /home/jagadeesh97/ros2_ws/src/examples/rclcpp/actions/minimal_action_server -DAMENT_CMAKE_SYMLINK_INSTALL=1 -DCMAKE_INSTALL_PREFIX=/home/jagadeesh97/ros2_ws/install/examples_rclcpp_minimal_action_server
[2.724s] Invoking command in '/home/jagadeesh97/ros2_ws/build/examples_rclcpp_minimal_action_server': CMAKE_PREFIX_PATH=${CMAKE_PREFIX_PATH}:/opt/ros/jazzy DEBUGINFOD_URLS=https://debuginfod.ubuntu.com /usr/bin/cmake --build /home/jagadeesh97/ros2_ws/build/examples_rclcpp_minimal_action_server -- -j16 -l16
