[3.360s] Invoking command in '/home/jagadeesh97/ros2_ws/build/examples_rclpy_minimal_service': DEBUGINFOD_URLS=https://debuginfod.ubuntu.com PYTHONPATH=/home/jagadeesh97/ros2_ws/build/examples_rclpy_minimal_service/prefix_override:/usr/lib/python3/dist-packages/colcon_core/task/python/colcon_distutils_commands:/home/jagadeesh97/ros2_ws/install/examples_rclpy_minimal_service/lib/python3.12/site-packages:${PYTHONPATH} /usr/bin/python3 -W ignore:setup.py install is deprecated setup.py develop --editable --build-directory /home/jagadeesh97/ros2_ws/build/examples_rclpy_minimal_service/build --no-deps symlink_data
[4.817s] running develop
[4.817s] running egg_info
[4.817s] creating examples_rclpy_minimal_service.egg-info
[4.818s] writing examples_rclpy_minimal_service.egg-info/PKG-INFO
[4.818s] writing dependency_links to examples_rclpy_minimal_service.egg-info/dependency_links.txt
[4.818s] writing entry points to examples_rclpy_minimal_service.egg-info/entry_points.txt
[4.818s] writing requirements to examples_rclpy_minimal_service.egg-info/requires.txt
[4.818s] writing top-level names to examples_rclpy_minimal_service.egg-info/top_level.txt
[4.818s] writing manifest file 'examples_rclpy_minimal_service.egg-info/SOURCES.txt'
[4.818s] reading manifest file 'examples_rclpy_minimal_service.egg-info/SOURCES.txt'
[4.819s] writing manifest file 'examples_rclpy_minimal_service.egg-info/SOURCES.txt'
[4.819s] running build_ext
[4.819s] Creating /home/jagadeesh97/ros2_ws/install/examples_rclpy_minimal_service/lib/python3.12/site-packages/examples-rclpy-minimal-service.egg-link (link to .)
[4.819s] Installing service script to /home/jagadeesh97/ros2_ws/install/examples_rclpy_minimal_service/lib/examples_rclpy_minimal_service
[4.819s] Installing service_member_function script to /home/jagadeesh97/ros2_ws/install/examples_rclpy_minimal_service/lib/examples_rclpy_minimal_service
[4.820s] 
[4.820s] Installed /home/jagadeesh97/ros2_ws/build/examples_rclpy_minimal_service
[4.820s] running symlink_data
[4.820s] creating /home/jagadeesh97/ros2_ws/install/examples_rclpy_minimal_service/share/ament_index
[4.820s] creating /home/jagadeesh97/ros2_ws/install/examples_rclpy_minimal_service/share/ament_index/resource_index
[4.821s] creating /home/jagadeesh97/ros2_ws/install/examples_rclpy_minimal_service/share/ament_index/resource_index/packages
[4.821s] symbolically linking /home/jagadeesh97/ros2_ws/build/examples_rclpy_minimal_service/resource/examples_rclpy_minimal_service -> /home/jagadeesh97/ros2_ws/install/examples_rclpy_minimal_service/share/ament_index/resource_index/packages
[4.821s] symbolically linking /home/jagadeesh97/ros2_ws/build/examples_rclpy_minimal_service/package.xml -> /home/jagadeesh97/ros2_ws/install/examples_rclpy_minimal_service/share/examples_rclpy_minimal_service
[4.823s] /usr/lib/python3/dist-packages/setuptools/command/develop.py:40: EasyInstallDeprecationWarning: easy_install command is deprecated.
[4.824s] !!
[4.824s] 
[4.824s]         ********************************************************************************
[4.824s]         Please avoid running ``setup.py`` and ``easy_install``.
[4.824s]         Instead, use pypa/build, pypa/installer or other
[4.824s]         standards-based tools.
[4.825s] 
[4.825s]         See https://github.com/pypa/setuptools/issues/917 for details.
[4.825s]         ********************************************************************************
[4.825s] 
[4.825s] !!
[4.825s]   easy_install.initialize_options(self)
[4.898s] Invoked command in '/home/jagadeesh97/ros2_ws/build/examples_rclpy_minimal_service' returned '0': DEBUGINFOD_URLS=https://debuginfod.ubuntu.com PYTHONPATH=/home/jagadeesh97/ros2_ws/build/examples_rclpy_minimal_service/prefix_override:/usr/lib/python3/dist-packages/colcon_core/task/python/colcon_distutils_commands:/home/jagadeesh97/ros2_ws/install/examples_rclpy_minimal_service/lib/python3.12/site-packages:${PYTHONPATH} /usr/bin/python3 -W ignore:setup.py install is deprecated setup.py develop --editable --build-directory /home/jagadeesh97/ros2_ws/build/examples_rclpy_minimal_service/build --no-deps symlink_data
