[0.076s] Invoking command in '/home/jagadeesh97/ros2_ws/build/examples_rclcpp_minimal_action_server': CMAKE_PREFIX_PATH=${CMAKE_PREFIX_PATH}:/home/jagadeesh97/ros2_ws/install/my_py_pkg:/home/jagadeesh97/ros2_ws/install/launch_testing_examples:/home/jagadeesh97/ros2_ws/install/examples_rclpy_pointcloud_publisher:/home/jagadeesh97/ros2_ws/install/examples_rclpy_minimal_subscriber:/home/jagadeesh97/ros2_ws/install/examples_rclpy_minimal_service:/home/jagadeesh97/ros2_ws/install/examples_rclpy_minimal_publisher:/home/jagadeesh97/ros2_ws/install/examples_rclpy_minimal_client:/home/jagadeesh97/ros2_ws/install/examples_rclpy_minimal_action_server:/home/jagadeesh97/ros2_ws/install/examples_rclpy_minimal_action_client:/home/jagadeesh97/ros2_ws/install/examples_rclpy_guard_conditions:/home/jagadeesh97/ros2_ws/install/examples_rclpy_executors:/opt/ros/jazzy DEBUGINFOD_URLS=https://debuginfod.ubuntu.com /usr/bin/cmake --build /home/jagadeesh97/ros2_ws/build/examples_rclcpp_minimal_action_server -- -j16 -l16
[1.309s] [ 50%] Built target action_server_member_functions
[1.309s] [100%] Built target action_server_not_composable
[1.625s] Invoked command in '/home/jagadeesh97/ros2_ws/build/examples_rclcpp_minimal_action_server' returned '0': CMAKE_PREFIX_PATH=${CMAKE_PREFIX_PATH}:/home/jagadeesh97/ros2_ws/install/my_py_pkg:/home/jagadeesh97/ros2_ws/install/launch_testing_examples:/home/jagadeesh97/ros2_ws/install/examples_rclpy_pointcloud_publisher:/home/jagadeesh97/ros2_ws/install/examples_rclpy_minimal_subscriber:/home/jagadeesh97/ros2_ws/install/examples_rclpy_minimal_service:/home/jagadeesh97/ros2_ws/install/examples_rclpy_minimal_publisher:/home/jagadeesh97/ros2_ws/install/examples_rclpy_minimal_client:/home/jagadeesh97/ros2_ws/install/examples_rclpy_minimal_action_server:/home/jagadeesh97/ros2_ws/install/examples_rclpy_minimal_action_client:/home/jagadeesh97/ros2_ws/install/examples_rclpy_guard_conditions:/home/jagadeesh97/ros2_ws/install/examples_rclpy_executors:/opt/ros/jazzy DEBUGINFOD_URLS=https://debuginfod.ubuntu.com /usr/bin/cmake --build /home/jagadeesh97/ros2_ws/build/examples_rclcpp_minimal_action_server -- -j16 -l16
[1.695s] Invoking command in '/home/jagadeesh97/ros2_ws/build/examples_rclcpp_minimal_action_server': CMAKE_PREFIX_PATH=${CMAKE_PREFIX_PATH}:/home/jagadeesh97/ros2_ws/install/my_py_pkg:/home/jagadeesh97/ros2_ws/install/launch_testing_examples:/home/jagadeesh97/ros2_ws/install/examples_rclpy_pointcloud_publisher:/home/jagadeesh97/ros2_ws/install/examples_rclpy_minimal_subscriber:/home/jagadeesh97/ros2_ws/install/examples_rclpy_minimal_service:/home/jagadeesh97/ros2_ws/install/examples_rclpy_minimal_publisher:/home/jagadeesh97/ros2_ws/install/examples_rclpy_minimal_client:/home/jagadeesh97/ros2_ws/install/examples_rclpy_minimal_action_server:/home/jagadeesh97/ros2_ws/install/examples_rclpy_minimal_action_client:/home/jagadeesh97/ros2_ws/install/examples_rclpy_guard_conditions:/home/jagadeesh97/ros2_ws/install/examples_rclpy_executors:/opt/ros/jazzy DEBUGINFOD_URLS=https://debuginfod.ubuntu.com /usr/bin/cmake --install /home/jagadeesh97/ros2_ws/build/examples_rclcpp_minimal_action_server
[1.721s] -- Install configuration: ""
[1.721s] -- Execute custom install script
[1.722s] -- Up-to-date symlink: /home/jagadeesh97/ros2_ws/install/examples_rclcpp_minimal_action_server/lib/examples_rclcpp_minimal_action_server/action_server_not_composable
[1.722s] -- Up-to-date symlink: /home/jagadeesh97/ros2_ws/install/examples_rclcpp_minimal_action_server/lib/examples_rclcpp_minimal_action_server/action_server_member_functions
[1.722s] -- Up-to-date symlink: /home/jagadeesh97/ros2_ws/install/examples_rclcpp_minimal_action_server/share/ament_index/resource_index/package_run_dependencies/examples_rclcpp_minimal_action_server
[1.722s] -- Up-to-date symlink: /home/jagadeesh97/ros2_ws/install/examples_rclcpp_minimal_action_server/share/ament_index/resource_index/parent_prefix_path/examples_rclcpp_minimal_action_server
[1.722s] -- Up-to-date symlink: /home/jagadeesh97/ros2_ws/install/examples_rclcpp_minimal_action_server/share/examples_rclcpp_minimal_action_server/environment/ament_prefix_path.sh
[1.724s] -- Up-to-date symlink: /home/jagadeesh97/ros2_ws/install/examples_rclcpp_minimal_action_server/share/examples_rclcpp_minimal_action_server/environment/ament_prefix_path.dsv
[1.724s] -- Up-to-date symlink: /home/jagadeesh97/ros2_ws/install/examples_rclcpp_minimal_action_server/share/examples_rclcpp_minimal_action_server/environment/path.sh
[1.724s] -- Up-to-date symlink: /home/jagadeesh97/ros2_ws/install/examples_rclcpp_minimal_action_server/share/examples_rclcpp_minimal_action_server/environment/path.dsv
[1.724s] -- Up-to-date symlink: /home/jagadeesh97/ros2_ws/install/examples_rclcpp_minimal_action_server/share/examples_rclcpp_minimal_action_server/local_setup.bash
[1.725s] -- Up-to-date symlink: /home/jagadeesh97/ros2_ws/install/examples_rclcpp_minimal_action_server/share/examples_rclcpp_minimal_action_server/local_setup.sh
[1.743s] -- Up-to-date symlink: /home/jagadeesh97/ros2_ws/install/examples_rclcpp_minimal_action_server/share/examples_rclcpp_minimal_action_server/local_setup.zsh
[1.743s] -- Up-to-date symlink: /home/jagadeesh97/ros2_ws/install/examples_rclcpp_minimal_action_server/share/examples_rclcpp_minimal_action_server/local_setup.dsv
[1.743s] -- Symlinking: /home/jagadeesh97/ros2_ws/install/examples_rclcpp_minimal_action_server/share/examples_rclcpp_minimal_action_server/package.dsv
[1.753s] -- Up-to-date symlink: /home/jagadeesh97/ros2_ws/install/examples_rclcpp_minimal_action_server/share/ament_index/resource_index/packages/examples_rclcpp_minimal_action_server
[1.753s] -- Up-to-date symlink: /home/jagadeesh97/ros2_ws/install/examples_rclcpp_minimal_action_server/share/examples_rclcpp_minimal_action_server/cmake/examples_rclcpp_minimal_action_serverConfig.cmake
[1.753s] -- Up-to-date symlink: /home/jagadeesh97/ros2_ws/install/examples_rclcpp_minimal_action_server/share/examples_rclcpp_minimal_action_server/cmake/examples_rclcpp_minimal_action_serverConfig-version.cmake
[1.755s] -- Up-to-date symlink: /home/jagadeesh97/ros2_ws/install/examples_rclcpp_minimal_action_server/share/examples_rclcpp_minimal_action_server/package.xml
[1.812s] Invoked command in '/home/jagadeesh97/ros2_ws/build/examples_rclcpp_minimal_action_server' returned '0': CMAKE_PREFIX_PATH=${CMAKE_PREFIX_PATH}:/home/jagadeesh97/ros2_ws/install/my_py_pkg:/home/jagadeesh97/ros2_ws/install/launch_testing_examples:/home/jagadeesh97/ros2_ws/install/examples_rclpy_pointcloud_publisher:/home/jagadeesh97/ros2_ws/install/examples_rclpy_minimal_subscriber:/home/jagadeesh97/ros2_ws/install/examples_rclpy_minimal_service:/home/jagadeesh97/ros2_ws/install/examples_rclpy_minimal_publisher:/home/jagadeesh97/ros2_ws/install/examples_rclpy_minimal_client:/home/jagadeesh97/ros2_ws/install/examples_rclpy_minimal_action_server:/home/jagadeesh97/ros2_ws/install/examples_rclpy_minimal_action_client:/home/jagadeesh97/ros2_ws/install/examples_rclpy_guard_conditions:/home/jagadeesh97/ros2_ws/install/examples_rclpy_executors:/opt/ros/jazzy DEBUGINFOD_URLS=https://debuginfod.ubuntu.com /usr/bin/cmake --install /home/jagadeesh97/ros2_ws/build/examples_rclcpp_minimal_action_server
