[2.954s] Invoking command in '/home/jagadeesh97/ros2_ws/build/examples_rclpy_pointcloud_publisher': DEBUGINFOD_URLS=https://debuginfod.ubuntu.com PYTHONPATH=/home/jagadeesh97/ros2_ws/build/examples_rclpy_pointcloud_publisher/prefix_override:/usr/lib/python3/dist-packages/colcon_core/task/python/colcon_distutils_commands:/home/jagadeesh97/ros2_ws/install/examples_rclpy_pointcloud_publisher/lib/python3.12/site-packages:${PYTHONPATH} /usr/bin/python3 -W ignore:setup.py install is deprecated setup.py develop --editable --build-directory /home/jagadeesh97/ros2_ws/build/examples_rclpy_pointcloud_publisher/build --no-deps symlink_data
[3.745s] running develop
[3.745s] /usr/lib/python3/dist-packages/setuptools/command/develop.py:40: EasyInstallDeprecationWarning: easy_install command is deprecated.
[3.746s] !!
[3.746s] 
[3.746s]         ********************************************************************************
[3.746s]         Please avoid running ``setup.py`` and ``easy_install``.
[3.746s]         Instead, use pypa/build, pypa/installer or other
[3.746s]         standards-based tools.
[3.746s] 
[3.747s]         See https://github.com/pypa/setuptools/issues/917 for details.
[3.747s]         ********************************************************************************
[3.747s] 
[3.747s] !!
[3.747s]   easy_install.initialize_options(self)
[4.214s] running egg_info
[4.214s] creating examples_rclpy_pointcloud_publisher.egg-info
[4.261s] writing examples_rclpy_pointcloud_publisher.egg-info/PKG-INFO
[4.262s] writing dependency_links to examples_rclpy_pointcloud_publisher.egg-info/dependency_links.txt
[4.262s] writing entry points to examples_rclpy_pointcloud_publisher.egg-info/entry_points.txt
[4.262s] writing requirements to examples_rclpy_pointcloud_publisher.egg-info/requires.txt
[4.263s] writing top-level names to examples_rclpy_pointcloud_publisher.egg-info/top_level.txt
[4.263s] writing manifest file 'examples_rclpy_pointcloud_publisher.egg-info/SOURCES.txt'
[4.356s] reading manifest file 'examples_rclpy_pointcloud_publisher.egg-info/SOURCES.txt'
[4.357s] writing manifest file 'examples_rclpy_pointcloud_publisher.egg-info/SOURCES.txt'
[4.406s] running build_ext
[4.406s] Creating /home/jagadeesh97/ros2_ws/install/examples_rclpy_pointcloud_publisher/lib/python3.12/site-packages/examples-rclpy-pointcloud-publisher.egg-link (link to .)
[4.408s] Installing pointcloud_publisher script to /home/jagadeesh97/ros2_ws/install/examples_rclpy_pointcloud_publisher/lib/examples_rclpy_pointcloud_publisher
[4.408s] 
[4.408s] Installed /home/jagadeesh97/ros2_ws/build/examples_rclpy_pointcloud_publisher
[4.409s] running symlink_data
[4.409s] creating /home/jagadeesh97/ros2_ws/install/examples_rclpy_pointcloud_publisher/share/ament_index
[4.409s] creating /home/jagadeesh97/ros2_ws/install/examples_rclpy_pointcloud_publisher/share/ament_index/resource_index
[4.409s] creating /home/jagadeesh97/ros2_ws/install/examples_rclpy_pointcloud_publisher/share/ament_index/resource_index/packages
[4.409s] symbolically linking /home/jagadeesh97/ros2_ws/build/examples_rclpy_pointcloud_publisher/resource/examples_rclpy_pointcloud_publisher -> /home/jagadeesh97/ros2_ws/install/examples_rclpy_pointcloud_publisher/share/ament_index/resource_index/packages
[4.410s] symbolically linking /home/jagadeesh97/ros2_ws/build/examples_rclpy_pointcloud_publisher/package.xml -> /home/jagadeesh97/ros2_ws/install/examples_rclpy_pointcloud_publisher/share/examples_rclpy_pointcloud_publisher
[4.503s] Invoked command in '/home/jagadeesh97/ros2_ws/build/examples_rclpy_pointcloud_publisher' returned '0': DEBUGINFOD_URLS=https://debuginfod.ubuntu.com PYTHONPATH=/home/jagadeesh97/ros2_ws/build/examples_rclpy_pointcloud_publisher/prefix_override:/usr/lib/python3/dist-packages/colcon_core/task/python/colcon_distutils_commands:/home/jagadeesh97/ros2_ws/install/examples_rclpy_pointcloud_publisher/lib/python3.12/site-packages:${PYTHONPATH} /usr/bin/python3 -W ignore:setup.py install is deprecated setup.py develop --editable --build-directory /home/jagadeesh97/ros2_ws/build/examples_rclpy_pointcloud_publisher/build --no-deps symlink_data
