running develop
running egg_info
creating examples_rclpy_guard_conditions.egg-info
writing examples_rclpy_guard_conditions.egg-info/PKG-INFO
writing dependency_links to examples_rclpy_guard_conditions.egg-info/dependency_links.txt
writing entry points to examples_rclpy_guard_conditions.egg-info/entry_points.txt
writing requirements to examples_rclpy_guard_conditions.egg-info/requires.txt
writing top-level names to examples_rclpy_guard_conditions.egg-info/top_level.txt
writing manifest file 'examples_rclpy_guard_conditions.egg-info/SOURCES.txt'
reading manifest file 'examples_rclpy_guard_conditions.egg-info/SOURCES.txt'
writing manifest file 'examples_rclpy_guard_conditions.egg-info/SOURCES.txt'
running build_ext
Creating /home/jagadeesh97/ros2_ws/install/examples_rclpy_guard_conditions/lib/python3.12/site-packages/examples-rclpy-guard-conditions.egg-link (link to .)
Installing trigger_guard_condition script to /home/jagadeesh97/ros2_ws/install/examples_rclpy_guard_conditions/lib/examples_rclpy_guard_conditions

Installed /home/jagadeesh97/ros2_ws/build/examples_rclpy_guard_conditions
running symlink_data
creating /home/jagadeesh97/ros2_ws/install/examples_rclpy_guard_conditions/share/ament_index
creating /home/jagadeesh97/ros2_ws/install/examples_rclpy_guard_conditions/share/ament_index/resource_index
creating /home/jagadeesh97/ros2_ws/install/examples_rclpy_guard_conditions/share/ament_index/resource_index/packages
symbolically linking /home/jagadeesh97/ros2_ws/build/examples_rclpy_guard_conditions/resource/examples_rclpy_guard_conditions -> /home/jagadeesh97/ros2_ws/install/examples_rclpy_guard_conditions/share/ament_index/resource_index/packages
symbolically linking /home/jagadeesh97/ros2_ws/build/examples_rclpy_guard_conditions/package.xml -> /home/jagadeesh97/ros2_ws/install/examples_rclpy_guard_conditions/share/examples_rclpy_guard_conditions
/usr/lib/python3/dist-packages/setuptools/command/develop.py:40: EasyInstallDeprecationWarning: easy_install command is deprecated.
!!

        ********************************************************************************
        Please avoid running ``setup.py`` and ``easy_install``.
        Instead, use pypa/build, pypa/installer or other
        standards-based tools.

        See https://github.com/pypa/setuptools/issues/917 for details.
        ********************************************************************************

!!
  easy_install.initialize_options(self)
