[3.815s] Invoking command in '/home/jagadeesh97/ros2_ws/build/examples_rclpy_minimal_action_client': DEBUGINFOD_URLS=https://debuginfod.ubuntu.com PYTHONPATH=/home/jagadeesh97/ros2_ws/build/examples_rclpy_minimal_action_client/prefix_override:/usr/lib/python3/dist-packages/colcon_core/task/python/colcon_distutils_commands:/home/jagadeesh97/ros2_ws/install/examples_rclpy_minimal_action_client/lib/python3.12/site-packages:${PYTHONPATH} /usr/bin/python3 -W ignore:setup.py install is deprecated setup.py develop --editable --build-directory /home/jagadeesh97/ros2_ws/build/examples_rclpy_minimal_action_client/build --no-deps symlink_data
[10.213s] /usr/lib/python3/dist-packages/setuptools/command/develop.py:40: EasyInstallDeprecationWarning: easy_install command is deprecated.
[10.214s] !!
[10.214s] 
[10.215s]         ********************************************************************************
[10.215s]         Please avoid running ``setup.py`` and ``easy_install``.
[10.215s]         Instead, use pypa/build, pypa/installer or other
[10.215s]         standards-based tools.
[10.215s] 
[10.215s]         See https://github.com/pypa/setuptools/issues/917 for details.
[10.216s]         ********************************************************************************
[10.216s] 
[10.216s] !!
[10.216s]   easy_install.initialize_options(self)
[10.219s] running develop
[10.235s] running egg_info
[10.242s] creating examples_rclpy_minimal_action_client.egg-info
[10.242s] writing examples_rclpy_minimal_action_client.egg-info/PKG-INFO
[10.242s] writing dependency_links to examples_rclpy_minimal_action_client.egg-info/dependency_links.txt
[10.243s] writing entry points to examples_rclpy_minimal_action_client.egg-info/entry_points.txt
[10.243s] writing requirements to examples_rclpy_minimal_action_client.egg-info/requires.txt
[10.243s] writing top-level names to examples_rclpy_minimal_action_client.egg-info/top_level.txt
[10.244s] writing manifest file 'examples_rclpy_minimal_action_client.egg-info/SOURCES.txt'
[10.247s] reading manifest file 'examples_rclpy_minimal_action_client.egg-info/SOURCES.txt'
[10.247s] writing manifest file 'examples_rclpy_minimal_action_client.egg-info/SOURCES.txt'
[10.247s] running build_ext
[10.248s] Creating /home/jagadeesh97/ros2_ws/install/examples_rclpy_minimal_action_client/lib/python3.12/site-packages/examples-rclpy-minimal-action-client.egg-link (link to .)
[10.248s] Installing client script to /home/jagadeesh97/ros2_ws/install/examples_rclpy_minimal_action_client/lib/examples_rclpy_minimal_action_client
[10.249s] Installing client_asyncio script to /home/jagadeesh97/ros2_ws/install/examples_rclpy_minimal_action_client/lib/examples_rclpy_minimal_action_client
[10.249s] Installing client_cancel script to /home/jagadeesh97/ros2_ws/install/examples_rclpy_minimal_action_client/lib/examples_rclpy_minimal_action_client
[10.249s] Installing client_not_composable script to /home/jagadeesh97/ros2_ws/install/examples_rclpy_minimal_action_client/lib/examples_rclpy_minimal_action_client
[10.249s] 
[10.249s] Installed /home/jagadeesh97/ros2_ws/build/examples_rclpy_minimal_action_client
[10.249s] running symlink_data
[10.250s] creating /home/jagadeesh97/ros2_ws/install/examples_rclpy_minimal_action_client/share/ament_index
[10.250s] creating /home/jagadeesh97/ros2_ws/install/examples_rclpy_minimal_action_client/share/ament_index/resource_index
[10.250s] creating /home/jagadeesh97/ros2_ws/install/examples_rclpy_minimal_action_client/share/ament_index/resource_index/packages
[10.250s] symbolically linking /home/jagadeesh97/ros2_ws/build/examples_rclpy_minimal_action_client/resource/examples_rclpy_minimal_action_client -> /home/jagadeesh97/ros2_ws/install/examples_rclpy_minimal_action_client/share/ament_index/resource_index/packages
[10.250s] symbolically linking /home/jagadeesh97/ros2_ws/build/examples_rclpy_minimal_action_client/package.xml -> /home/jagadeesh97/ros2_ws/install/examples_rclpy_minimal_action_client/share/examples_rclpy_minimal_action_client
[10.268s] Invoked command in '/home/jagadeesh97/ros2_ws/build/examples_rclpy_minimal_action_client' returned '0': DEBUGINFOD_URLS=https://debuginfod.ubuntu.com PYTHONPATH=/home/jagadeesh97/ros2_ws/build/examples_rclpy_minimal_action_client/prefix_override:/usr/lib/python3/dist-packages/colcon_core/task/python/colcon_distutils_commands:/home/jagadeesh97/ros2_ws/install/examples_rclpy_minimal_action_client/lib/python3.12/site-packages:${PYTHONPATH} /usr/bin/python3 -W ignore:setup.py install is deprecated setup.py develop --editable --build-directory /home/jagadeesh97/ros2_ws/build/examples_rclpy_minimal_action_client/build --no-deps symlink_data
